    2    1 C1  1   0.00  0.1114 -9409.296    0.164 -9454.557 -9163.802 -106.000  -91.383  -47.946  -45.425
    3    1 C1  1   1.61 -0.0001    11.638    0.014    -1.308    12.003   -0.001    0.063   -0.413  -12.960
    3    2 C1  1   0.00  0.1290 -9418.589    0.395 -9438.422 -9174.652 -115.973  -87.259  -40.310  -20.228
    4    1 S1  1   3.00  0.0000    15.130    0.000    -4.226    15.130    0.000    0.000    0.000  -19.356
    4    2 S1  1   2.23  0.0000    20.249    0.000    -4.655    20.249    0.000    0.000    0.000  -24.904
    4    3 C1  1   0.00  0.1183 -9394.062    0.787 -9449.765 -9142.866 -123.905  -90.126  -36.377  -56.491
    5    1 S1  1   4.75  0.0000    12.883    0.000     1.020    12.883    0.000    0.000    0.000  -11.863
    5    2 S1  1   3.47  0.0000    14.889    0.000     1.856    14.889    0.000    0.000    0.000  -13.033
    5    3 C1  1   1.82  0.0000    27.176    0.034    11.211    27.320   -0.001    0.080   -0.187  -16.000
    5    4 C1  1   0.00  0.0948 -9430.444   -0.081 -9476.626 -9172.008 -113.519  -95.008  -49.989  -46.102
    6    1 S1  1   6.06  0.0000    11.797    0.000    -0.442    11.797    0.000    0.000    0.000  -12.239
    6    2 S1  1   4.62  0.0000    15.210    0.000     0.465    15.210    0.000    0.000    0.000  -14.745
    6    3 S1  1   3.11  0.0000    23.697    0.000     7.178    23.697    0.000    0.000    0.000  -16.519
    6    4 C1  1   1.93 -0.0000    25.534    0.281     0.090    26.104   -0.002   -0.000   -0.287  -25.725
    6    5 C1  1   0.00  0.1061 -9431.265   -0.504 -9463.468 -9176.846 -119.957  -93.128  -41.837  -31.700
    7    1 S1  1   8.34  0.0000     9.509    0.000    -2.691     9.509    0.000    0.000    0.000  -12.200
    7    2 S1  1   7.22  0.0000    11.313    0.000    -2.342    11.313    0.000    0.000    0.000  -13.655
    7    3 S1  1   5.38  0.0000    15.202    0.000     0.781    15.202    0.000    0.000    0.000  -14.422
    7    4 S1  1   3.52  0.0000    16.679    0.000    -3.696    16.679    0.000    0.000    0.000  -20.375
    7    5 C1  1   1.58  0.0000    22.851   -0.299    -0.004    22.616   -0.001    0.099   -0.162  -22.556
    7    6 C1  1   0.00  0.1266 -9436.957   -1.278 -9472.129 -9185.413 -127.210  -90.502  -35.110  -33.894
    8    1 S1  1   7.31  0.0000    11.091    0.000    -2.282    11.091    0.000    0.000    0.000  -13.373
    8    2 S1  1   5.74  0.0000    13.406    0.000    -1.822    13.406    0.000    0.000    0.000  -15.228
    8    3 S1  1   4.16  0.0000    15.511    0.000     1.893    15.511    0.000    0.000    0.000  -13.618
    8    4 S1  1   3.25  0.0000    15.277    0.000    -2.705    15.277    0.000    0.000    0.000  -17.982
    8    5 C1  1   1.92  0.0000    16.994   -1.013     1.151    16.172   -0.002   -0.020   -0.170  -14.830
    8    6 C1  1   0.85  0.0367    -7.050   -0.350   -27.938     0.530    7.930   -4.914  -10.946  -20.538
    8    7 C1  1   0.00  0.1217 -9430.842    0.291 -9472.835 -9179.749 -127.087  -88.696  -35.019  -42.284
    9    1 S1  1   7.27  0.0000    12.058    0.000    -0.906    12.058    0.000    0.000    0.000  -12.964
    9    2 S1  1   6.24  0.0000    13.392    0.000    -0.341    13.392    0.000    0.000    0.000  -13.734
    9    3 S1  1   5.08  0.0000    15.970    0.000     4.489    15.970    0.000    0.000    0.000  -11.481
    9    4 S1  1   3.34  0.0000    16.942    0.000    -0.084    16.942    0.000    0.000    0.000  -17.026
    9    5 S1  1   2.25  0.0000    21.975    0.000     6.016    21.975    0.000    0.000    0.000  -15.959
    9    6 C1  1   0.77  0.0040    19.605   -0.351    -3.905    15.729   12.935   -3.610   -5.799  -23.159
    9    7 C1  1   0.86 -0.0218    14.908   -1.169   -16.458    16.877    3.326   -2.026   -4.439  -30.196
    9    8 C1  1   0.00  0.1056 -9416.150   -0.118 -9453.662 -9164.357 -124.719  -87.528  -39.663  -37.394
   10    1 S1  1   6.07  0.0000    15.847    0.000    -3.736    15.847    0.000    0.000    0.000  -19.583
   10    2 S1  1   4.88  0.0000    16.989    0.000    -3.766    16.989    0.000    0.000    0.000  -20.755
   10    3 S1  1   3.74  0.0000    15.804    0.000    -0.840    15.804    0.000    0.000    0.000  -16.644
   10    4 C1  1   1.57  0.0003    14.666   -0.643    -6.793    14.465    0.001    0.030   -0.471  -20.817
   10    5 C1  1   0.61  0.0698    -6.641   -0.691   -25.458   -21.758   28.670   -8.124   -6.119  -18.127
   10    6 C1  1   1.20 -0.0018    16.304    0.225    -5.682    19.889    0.403   -0.874   -2.889  -22.211
   10    7 S1  1   2.92  0.0000    17.328    0.000    -5.526    17.328    0.000    0.000    0.000  -22.854
   10    8 S1  1   2.04  0.0000    30.060    0.000    -4.772    30.060    0.000    0.000    0.000  -34.832
   10    9 C1  1   0.00  0.1159 -9412.876    0.859 -9455.231 -9162.020 -125.807  -86.814  -37.376  -43.214
   11    1 S1  1   4.62  0.0000    19.986    0.000    -3.457    19.986    0.000    0.000    0.000  -23.444
   11    2 S1  1   3.68  0.0000    19.684    0.000    -3.790    19.684    0.000    0.000    0.000  -23.474
   11    3 S1  1   2.61  0.0000    22.366    0.000     3.818    22.366    0.000    0.000    0.000  -18.548
   11    4 C1  1   0.80  0.0124    10.761   -0.210   -15.130     9.089   10.060   -3.185   -5.412  -25.682
   11    5 C1  1   1.64  0.0000    22.024   -0.109     3.311    22.251   -0.001    0.025   -0.359  -18.604
   11    6 S1  1   2.67  0.0000    18.772    0.000     0.725    18.772    0.000    0.000    0.000  -18.047
   11    7 S1  1   4.36  0.0000    14.346    0.000    -3.661    14.346    0.000    0.000    0.000  -18.007
   11    8 S1  1   3.52  0.0000    16.853    0.000    -2.946    16.853    0.000    0.000    0.000  -19.799
   11    9 S1  1   2.21  0.0000    19.983    0.000    -1.348    19.983    0.000    0.000    0.000  -21.331
   11   10 C1  1   0.00  0.1185 -9418.819    0.517 -9458.231 -9171.311 -126.027  -86.243  -34.721  -39.928
   12    1 S1  1   2.90  0.0000    23.391    0.000    -4.460    23.391    0.000    0.000    0.000  -27.851
   12    2 C1  1   1.74  0.0000    20.501    0.180    -5.505    21.170   -0.001    0.079   -0.568  -26.185
   12    3 C1  1   0.65  0.0515   -22.467    0.050   -42.138   -47.119   47.699  -12.133  -10.863  -19.721
   12    4 C1  1   1.29 -0.0007    18.106    0.623    -9.706    20.950    0.158   -0.231   -2.147  -28.436
   12    5 S1  1   2.47  0.0000    22.821    0.000     3.046    22.821    0.000    0.000    0.000  -19.775
   12    6 S1  1   3.69  0.0000    17.447    0.000     0.289    17.447    0.000    0.000    0.000  -17.158
   12    7 S1  1   4.96  0.0000    13.558    0.000    -3.593    13.558    0.000    0.000    0.000  -17.151
   12    8 S1  1   4.96  0.0000    13.704    0.000    -2.773    13.704    0.000    0.000    0.000  -16.477
   12    9 S1  1   4.41  0.0000    16.818    0.000    -0.742    16.818    0.000    0.000    0.000  -17.560
   12   10 S1  1   2.29  0.0000    21.329    0.000    -5.785    21.329    0.000    0.000    0.000  -27.115
   12   11 C1  1   0.00  0.1077 -9397.900    0.702 -9439.579 -9155.477 -116.947  -87.766  -37.008  -42.381
   13    1 C1  1   1.59 -0.0000    14.796    0.006    -0.669    15.141   -0.000    0.050   -0.389  -15.471
   13    2 C1  1   0.67 -0.0583   -18.417   -1.121   -35.400   -22.722   17.705   -6.760   -7.761  -15.862
   13    3 C1  1   1.08 -0.0011    49.386   -1.101    21.918    48.619    0.072    0.942   -1.347  -26.368
   13    4 C1  1   0.92 -0.0290    65.642   -5.498    13.590    55.242    4.256    5.126   -4.481  -46.554
   13    5 C1  1   1.88 -0.0000    32.824    0.154    15.096    33.008   -0.002    0.141   -0.170  -17.882
   13    6 S1  1   3.80  0.0000    20.658    0.000     7.560    20.658    0.000    0.000    0.000  -13.098
   13    7 S1  1   5.06  0.0000    14.097    0.000     1.374    14.097    0.000    0.000    0.000  -12.723
   13    8 S1  1   4.94  0.0000    13.022    0.000     2.191    13.022    0.000    0.000    0.000  -10.830
   13    9 S1  1   5.37  0.0000    14.619    0.000     4.927    14.619    0.000    0.000    0.000   -9.693
   13   10 S1  1   3.66  0.0000    13.391    0.000     0.156    13.391    0.000    0.000    0.000  -13.235
   13   11 S1  1   2.31  0.0000    18.796    0.000     4.531    18.796    0.000    0.000    0.000  -14.265
   13   12 C1  1   0.00  0.1229 -9420.191    0.613 -9438.811 -9177.183 -118.646  -85.391  -38.358  -19.233
   14    1 C1  0   1.02 -0.0108   -14.812   -0.118   -16.478   -10.830    0.847   -1.839   -3.109   -1.548
   14    2 C1  0   1.32 -0.0005     4.533   -0.156    -0.407     5.553    0.093   -0.084   -1.184   -4.785
   14    3 C1  0   0.91  0.0055    18.710   -8.856     5.487     3.621    0.160    7.013   -0.941   -4.367
   14    4 C1  0   0.87 -0.0014     7.474   -6.921    -0.617    -4.307   10.198   -3.054   -2.284   -1.169
   14    5 S1  0   2.52  0.0000    -1.928    0.000    -2.580    -1.928    0.000    0.000    0.000   -0.652
   14    6 S1  0   4.36  0.0000    -0.692    0.000    -1.448    -0.692    0.000    0.000    0.000   -0.756
   14    7 S1  0   5.99  0.0000    -0.476    0.000    -0.802    -0.476    0.000    0.000    0.000   -0.327
   14    8 S1  0   5.52  0.0000    -0.235    0.000    -0.856    -0.235    0.000    0.000    0.000   -0.621
   14    9 S1  0   6.25  0.0000    -0.560    0.000    -1.089    -0.560    0.000    0.000    0.000   -0.529
   14   10 S1  0   4.60  0.0000    -0.411    0.000    -0.854    -0.411    0.000    0.000    0.000   -0.442
   14   11 S1  0   3.95  0.0000    -1.699    0.000    -1.620    -1.699    0.000    0.000    0.000    0.079
   14   12 S1  0   2.06  0.0000    -6.248    0.000    -2.751    -6.248    0.000    0.000    0.000    3.497
   14   13 C1  0   0.00  0.1740 -9463.121   -0.751 -9463.454 -9227.379 -105.122  -89.063  -42.308    0.418
