    2    1 C1  1   0.00  0.0846 -9405.226   -0.260 -9447.567 -9168.841  -99.253  -90.938  -46.455  -42.081
    3    1 C1  1   1.72 -0.0001    11.842    0.157    -2.519    12.139   -0.001    0.181   -0.320  -14.518
    3    2 C1  1   0.00  0.1231 -9404.535    0.378 -9422.301 -9165.635 -114.521  -83.937  -40.064  -18.144
    4    1 S1  1   3.47  0.0000    12.885    0.000    -3.984    12.885    0.000    0.000    0.000  -16.869
    4    2 S1  1   2.39  0.0000    18.512    0.000    -2.710    18.512    0.000    0.000    0.000  -21.222
    4    3 C1  1   0.00  0.1403 -9380.174    0.557 -9424.754 -9142.331 -116.744  -84.948  -35.594  -45.137
    5    1 S1  1   4.71  0.0000    11.174    0.000     0.443    11.174    0.000    0.000    0.000  -10.731
    5    2 S1  1   3.34  0.0000    13.602    0.000     2.664    13.602    0.000    0.000    0.000  -10.938
    5    3 C1  1   1.94  0.0000    21.329   -0.016    10.632    21.125   -0.002    0.287   -0.098  -10.681
    5    4 C1  1   0.00  0.1103 -9404.683    0.172 -9435.407 -9155.512 -120.364  -88.081  -40.554  -30.895
    6    1 S1  1   6.06  0.0000    10.982    0.000    -0.326    10.982    0.000    0.000    0.000  -11.308
    6    2 S1  1   4.57  0.0000    14.757    0.000     1.530    14.757    0.000    0.000    0.000  -13.226
    6    3 S1  1   3.37  0.0000    20.503    0.000     7.051    20.503    0.000    0.000    0.000  -13.452
    6    4 S1  1   2.17  0.0000    22.575    0.000     1.919    22.575    0.000    0.000    0.000  -20.656
    6    5 C1  1   0.00  0.1125 -9427.746    0.295 -9451.325 -9176.361 -123.604  -89.341  -38.145  -23.875
    7    1 S1  1   8.19  0.0000     9.853    0.000    -2.433     9.853    0.000    0.000    0.000  -12.286
    7    2 S1  1   6.98  0.0000    11.954    0.000    -1.490    11.954    0.000    0.000    0.000  -13.444
    7    3 S1  1   5.85  0.0000    14.371    0.000     1.669    14.371    0.000    0.000    0.000  -12.702
    7    4 S1  1   4.02  0.0000    15.754    0.000    -2.339    15.754    0.000    0.000    0.000  -18.093
    7    5 C1  1   1.99  0.0000    23.022   -0.375     2.089    22.677   -0.002    0.099   -0.128  -20.557
    7    6 C1  1   0.00  0.1354 -9412.296   -0.736 -9444.954 -9167.916 -123.366  -88.061  -33.689  -31.923
    8    1 S1  1   7.35  0.0000    12.394    0.000    -3.462    12.394    0.000    0.000    0.000  -15.856
    8    2 S1  1   5.75  0.0000    16.269    0.000    -2.335    16.269    0.000    0.000    0.000  -18.604
    8    3 S1  1   4.79  0.0000    16.420    0.000     1.373    16.420    0.000    0.000    0.000  -15.046
    8    4 S1  1   3.48  0.0000    16.102    0.000    -3.256    16.102    0.000    0.000    0.000  -19.357
    8    5 C1  1   1.92 -0.0000    18.436   -0.919     0.553    17.629   -0.002    0.050   -0.161  -16.964
    8    6 C1  1   0.78  0.0467    -4.136   -0.443   -27.936    -1.582   12.303   -4.758  -10.542  -23.357
    8    7 C1  1   0.00  0.1276 -9418.680   -0.201 -9457.565 -9173.113 -124.097  -87.812  -33.859  -38.683
    9    1 S1  1   5.88  0.0000    15.026    0.000    -1.984    15.026    0.000    0.000    0.000  -17.010
    9    2 S1  1   4.70  0.0000    18.332    0.000    -0.446    18.332    0.000    0.000    0.000  -18.779
    9    3 S1  1   3.84  0.0000    16.734    0.000     4.409    16.734    0.000    0.000    0.000  -12.325
    9    4 S1  1   3.10  0.0000    16.656    0.000    -0.749    16.656    0.000    0.000    0.000  -17.405
    9    5 S1  1   2.49  0.0000    21.078    0.000     4.843    21.078    0.000    0.000    0.000  -16.235
    9    6 C1  1   0.81  0.0198    22.371    0.092    -0.917    23.930    5.348   -2.149   -4.667  -23.380
    9    7 C1  1   0.95 -0.0193    25.686   -1.859    -5.888    25.409    4.797   -0.974   -5.407  -29.715
    9    8 C1  1   0.00  0.0890 -9425.271   -0.240 -9462.487 -9173.075 -119.687  -89.606  -43.143  -36.976
   10    1 S1  1   5.10  0.0000    16.138    0.000    -4.061    16.138    0.000    0.000    0.000  -20.199
   10    2 S1  1   4.01  0.0000    19.188    0.000    -3.505    19.188    0.000    0.000    0.000  -22.693
   10    3 S1  1   2.94  0.0000    19.846    0.000     1.748    19.846    0.000    0.000    0.000  -18.098
   10    4 C1  1   1.32 -0.0013    14.033   -0.773    -7.704    14.504    0.026   -0.296   -0.974  -20.964
   10    5 C1  1   0.63  0.0671   -16.961    0.290   -34.648   -31.051   30.668   -7.696   -8.592  -17.977
   10    6 C1  1   1.02 -0.0054    18.569   -0.320    -3.932    21.780    1.142   -1.120   -3.552  -22.182
   10    7 S1  1   2.52  0.0000    21.380    0.000    -4.048    21.380    0.000    0.000    0.000  -25.428
   10    8 S1  1   2.08  0.0000    25.995    0.000    -5.696    25.995    0.000    0.000    0.000  -31.691
   10    9 C1  1   0.00  0.0994 -9418.224    0.487 -9458.423 -9166.884 -121.044  -88.697  -41.113  -40.686
   11    1 S1  1   4.30  0.0000    15.423    0.000    -4.493    15.423    0.000    0.000    0.000  -19.916
   11    2 S1  1   3.08  0.0000    16.828    0.000    -3.771    16.828    0.000    0.000    0.000  -20.599
   11    3 S1  1   2.13  0.0000    23.521    0.000     2.947    23.521    0.000    0.000    0.000  -20.575
   11    4 C1  1   0.69  0.0135    11.309   -0.205   -16.093     0.151   24.504   -6.091   -7.460  -27.197
   11    5 C1  1   1.59  0.0001    25.362    0.126     2.535    26.033   -0.000   -0.017   -0.527  -22.953
   11    6 S1  1   2.60  0.0000    21.930    0.000     2.161    21.930    0.000    0.000    0.000  -19.769
   11    7 S1  1   2.88  0.0000    19.156    0.000    -3.256    19.156    0.000    0.000    0.000  -22.411
   11    8 S1  1   3.63  0.0000    17.715    0.000    -4.529    17.715    0.000    0.000    0.000  -22.244
   11    9 C1  1   1.88  0.0000    25.257    0.210    -2.393    25.710   -0.002   -0.037   -0.204  -27.860
   11   10 C1  1   0.00  0.1187 -9387.504    0.695 -9453.280 -9139.424 -117.805  -89.016  -40.565  -66.470
   12    1 S1  1   2.38  0.0000    19.848    0.000    -4.410    19.848    0.000    0.000    0.000  -24.257
   12    2 C1  1   1.31 -0.0001    18.502   -0.746    -5.108    19.159    0.037   -0.627   -0.813  -22.865
   12    3 C1  1   0.62  0.0750   -22.199    0.855   -39.187   -35.172   30.440   -8.374   -8.238  -17.843
   12    4 C1  1   1.65  0.0001    16.638    0.073    -6.342    18.137    0.002   -0.285   -1.143  -23.053
   12    5 S1  1   2.84  0.0000    21.007    0.000     2.699    21.007    0.000    0.000    0.000  -18.307
   12    6 S1  1   3.97  0.0000    17.505    0.000     0.879    17.505    0.000    0.000    0.000  -16.625
   12    7 S1  1   4.47  0.0000    15.650    0.000    -3.309    15.650    0.000    0.000    0.000  -18.959
   12    8 S1  1   4.97  0.0000    16.337    0.000    -4.400    16.337    0.000    0.000    0.000  -20.737
   12    9 S1  1   3.14  0.0000    24.534    0.000    -2.335    24.534    0.000    0.000    0.000  -26.869
   12   10 S1  1   2.06  0.0000    45.088    0.000    -4.557    45.088    0.000    0.000    0.000  -49.646
   12   11 C1  1   0.00  0.1115 -9403.524   -0.107 -9471.459 -9146.544 -129.410  -90.496  -37.181  -67.828
   13    1 C1  1   1.82 -0.0000    21.351    0.013    -4.907    21.613   -0.001    0.006   -0.253  -26.271
   13    2 C1  1   0.80 -0.0470   -11.523   -1.009   -27.821   -12.136   11.432   -4.740   -7.088  -15.290
   13    3 C1  1   0.96  0.0065    35.896   -0.195    17.089    37.337    0.544   -0.567   -1.612  -18.612
   13    4 S1  1   2.61  0.0000    20.171    0.000     2.574    20.171    0.000    0.000    0.000  -17.596
   13    5 S1  1   3.89  0.0000    15.433    0.000     6.693    15.433    0.000    0.000    0.000   -8.740
   13    6 S1  1   4.92  0.0000    12.969    0.000     4.620    12.969    0.000    0.000    0.000   -8.349
   13    7 S1  1   6.34  0.0000    11.027    0.000     1.056    11.027    0.000    0.000    0.000   -9.971
   13    8 S1  1   5.68  0.0000    11.435    0.000     0.699    11.435    0.000    0.000    0.000  -10.735
   13    9 S1  1   3.90  0.0000    13.532    0.000     3.081    13.532    0.000    0.000    0.000  -10.452
   13   10 S1  1   3.16  0.0000    16.914    0.000     1.750    16.914    0.000    0.000    0.000  -15.164
   13   11 S1  1   2.09  0.0000    20.865    0.000     1.402    20.865    0.000    0.000    0.000  -19.463
   13   12 C1  1   0.00  0.1009 -9456.900   -0.251 -9479.414 -9203.981 -118.097  -90.689  -44.386  -22.262
   14    1 C1  0   0.68 -0.0395   -28.806   -0.523   -23.709   -36.323   24.288   -6.694  -10.600    5.620
   14    2 C1  0   0.88 -0.0035    -5.879   -0.113    -3.738    -4.770    4.585   -1.407   -4.401    2.255
   14    3 S1  0   2.14  0.0000     6.585    0.000     4.318     6.585    0.000    0.000    0.000   -2.267
   14    4 S1  0   3.68  0.0000     2.237    0.000     1.362     2.237    0.000    0.000    0.000   -0.875
   14    5 S1  0   4.93  0.0000     0.784    0.000     1.335     0.784    0.000    0.000    0.000    0.551
   14    6 S1  0   6.19  0.0000     0.547    0.000     1.012     0.547    0.000    0.000    0.000    0.464
   14    7 S1  0   7.72  0.0000     0.162    0.000     0.745     0.162    0.000    0.000    0.000    0.583
   14    8 S1  0   7.13  0.0000     0.236    0.000     0.817     0.236    0.000    0.000    0.000    0.580
   14    9 S1  0   5.25  0.0000    -0.166    0.000     0.986    -0.166    0.000    0.000    0.000    1.152
   14   10 S1  0   4.53  0.0000    -0.726    0.000     0.937    -0.726    0.000    0.000    0.000    1.663
   14   11 S1  0   3.77  0.0000    -0.611    0.000     1.247    -0.611    0.000    0.000    0.000    1.859
   14   12 S1  0   2.08  0.0000    -5.827    0.000    -0.658    -5.827    0.000    0.000    0.000    5.169
   14   13 C1  0   0.00  0.1038 -9452.567    0.141 -9447.484 -9205.005 -115.746  -90.177  -41.497    4.942
