    2    1 C1  1   0.00  0.1060 -9413.983   -0.526 -9470.613 -9162.903 -111.673  -91.575  -48.358  -56.104
    3    1 C1  1   1.69  0.0000    12.610    0.154    -4.514    12.946   -0.001    0.086   -0.267  -17.278
    3    2 C1  1   0.00  0.1128 -9394.285    0.076 -9417.515 -9158.927 -106.407  -86.935  -41.940  -23.305
    4    1 S1  1   2.67  0.0000    18.853    0.000    -3.886    18.853    0.000    0.000    0.000  -22.739
    4    2 S1  1   2.13  0.0000    20.964    0.000    -1.982    20.964    0.000    0.000    0.000  -22.946
    4    3 C1  1   0.00  0.1292 -9366.053    0.541 -9404.320 -9133.107 -113.197  -84.802  -34.405  -38.808
    5    1 S1  1   2.46  0.0000    23.803    0.000     1.508    23.803    0.000    0.000    0.000  -22.295
    5    2 S1  1   2.10  0.0000    18.969    0.000     2.834    18.969    0.000    0.000    0.000  -16.135
    5    3 C1  1   1.79  0.0000    18.242    0.264     4.336    18.617   -0.001    0.141   -0.251  -14.171
    5    4 C1  1   0.00  0.1106 -9387.238    0.728 -9417.396 -9144.892 -121.488  -84.107  -36.024  -30.886
    6    1 S1  1   2.10  0.0000    29.493    0.000     0.252    29.493    0.000    0.000    0.000  -29.241
    6    2 S1  1   2.41  0.0000    23.446    0.000     2.136    23.446    0.000    0.000    0.000  -21.310
    6    3 S1  1   2.97  0.0000    16.527    0.000     3.600    16.527    0.000    0.000    0.000  -12.927
    6    4 S1  1   2.31  0.0000    20.283    0.000     2.945    20.283    0.000    0.000    0.000  -17.338
    6    5 C1  1   0.00  0.1046 -9412.515    0.450 -9433.886 -9166.087 -124.774  -85.688  -35.516  -21.822
    7    1 S1  1   3.80  0.0000    19.952    0.000    -6.351    19.952    0.000    0.000    0.000  -26.304
    7    2 S1  1   4.79  0.0000    15.370    0.000    -2.741    15.370    0.000    0.000    0.000  -18.110
    7    3 S1  1   5.07  0.0000    12.828    0.000    -0.606    12.828    0.000    0.000    0.000  -13.435
    7    4 S1  1   3.40  0.0000    16.176    0.000    -2.332    16.176    0.000    0.000    0.000  -18.508
    7    5 C1  1   1.66  0.0000    23.835   -0.411    -1.065    23.534   -0.001    0.107   -0.216  -24.489
    7    6 C1  1   0.00  0.1393 -9421.245   -0.406 -9456.234 -9173.267 -123.778  -90.046  -34.560  -34.583
    8    1 S1  1   2.41  0.0000    36.308    0.000    -7.028    36.308    0.000    0.000    0.000  -43.337
    8    2 S1  1   3.40  0.0000    21.678    0.000    -2.567    21.678    0.000    0.000    0.000  -24.244
    8    3 S1  1   4.20  0.0000    12.697    0.000    -0.588    12.697    0.000    0.000    0.000  -13.285
    8    4 S1  1   3.72  0.0000    14.040    0.000    -2.180    14.040    0.000    0.000    0.000  -16.220
    8    5 C1  1   1.84  0.0000    18.438   -0.102    -0.037    18.378   -0.002    0.046   -0.086  -18.374
    8    6 C1  1   0.73  0.0640    -2.741    1.232   -28.114    -8.948   26.207   -6.860  -11.908  -26.605
    8    7 C1  1   0.00  0.1119 -9427.931    0.489 -9471.791 -9176.104 -128.556  -88.495  -34.287  -44.350
    9    1 C1  1   1.10 -0.0079    40.751    0.430   -12.476    42.573    0.292   -0.473   -1.210  -53.657
    9    2 S1  1   2.19  0.0000    26.441    0.000     0.045    26.441    0.000    0.000    0.000  -26.396
    9    3 S1  1   2.79  0.0000    14.256    0.000     1.661    14.256    0.000    0.000    0.000  -12.595
    9    4 S1  1   3.14  0.0000    17.038    0.000     0.593    17.038    0.000    0.000    0.000  -16.445
    9    5 S1  1   2.30  0.0000    23.867    0.000     4.500    23.867    0.000    0.000    0.000  -19.368
    9    6 C1  1   0.84  0.0177    24.550   -0.099    -0.745    27.174    2.994   -1.870   -3.847  -25.196
    9    7 C1  1   0.87 -0.0315    14.589   -2.484   -20.625    16.045    3.268   -1.805   -5.403  -32.730
    9    8 C1  1   0.00  0.1007 -9419.302   -0.543 -9464.223 -9167.848 -117.254  -90.053  -44.690  -44.377
   10    1 C1  1   1.45  0.0003    69.968    0.637    -4.545    71.047    0.008    0.398   -0.847  -75.151
   10    2 C1  1   1.36  0.0000    48.817   -0.073     3.813    49.258    0.012    0.092   -0.619  -44.930
   10    3 C1  1   1.96 -0.0000    14.809    0.099    -0.195    15.033   -0.002    0.084   -0.208  -15.102
   10    4 C1  1   1.34 -0.0019    13.285   -0.451    -5.903    13.864    0.021   -0.135   -0.916  -18.737
   10    5 C1  1   0.68  0.0458   -23.566    0.778   -38.892   -32.186   24.726   -6.496   -8.833  -16.104
   10    6 C1  1   1.01 -0.0096    15.331   -0.165    -6.075    19.258    3.364   -1.959   -5.497  -21.242
   10    7 S1  1   2.41  0.0000    17.442    0.000    -4.152    17.442    0.000    0.000    0.000  -21.594
   10    8 C1  1   1.95 -0.0000    29.078   -0.107    -3.209    29.609   -0.002   -0.201   -0.436  -32.180
   10    9 C1  1   0.00  0.1197 -9434.869    0.652 -9470.334 -9185.043 -114.045  -90.153  -44.975  -36.117
   11    1 S1  1   2.40  0.0000    26.678    0.000    -4.789    26.678    0.000    0.000    0.000  -31.467
   11    2 C1  1   1.96  0.0000    19.717   -0.309    -2.890    19.791   -0.002   -0.118   -0.263  -22.298
   11    3 C1  1   1.62 -0.0002    19.869   -0.213     1.593    20.052   -0.000   -0.111   -0.284  -18.063
   11    4 C1  1   0.64  0.0015     0.148   -1.134   -22.073   -25.588   46.943  -12.299  -10.042  -21.088
   11    5 C1  1   1.42  0.0002    24.025    0.047     4.397    24.545    0.012    0.010   -0.496  -19.675
   11    6 S1  1   2.11  0.0000    20.151    0.000     3.271    20.151    0.000    0.000    0.000  -16.880
   11    7 S1  1   3.49  0.0000    18.160    0.000    -3.069    18.160    0.000    0.000    0.000  -21.229
   11    8 S1  1   3.34  0.0000    19.290    0.000    -1.897    19.290    0.000    0.000    0.000  -21.187
   11    9 C1  1   1.98 -0.0000    23.553   -0.018     0.417    23.697   -0.002    0.065   -0.225  -23.117
   11   10 C1  1   0.00  0.0941 -9446.435   -0.081 -9486.264 -9193.819 -109.434  -93.783  -49.481  -39.748
   12    1 S1  1   2.40  0.0000    29.086    0.000    -2.052    29.086    0.000    0.000    0.000  -31.138
   12    2 C1  1   1.30 -0.0010    23.874   -0.374     1.339    24.843    0.056   -0.419   -0.980  -22.160
   12    3 C1  1   0.63  0.0355   -31.547   -0.590   -45.702   -59.010   54.784  -15.577  -12.333  -13.565
   12    4 C1  1   1.61  0.0000    17.464    0.323    -0.272    18.755    0.002    0.007   -0.976  -18.059
   12    5 S1  1   2.78  0.0000    18.391    0.000     4.388    18.391    0.000    0.000    0.000  -14.003
   12    6 S1  1   3.60  0.0000    16.068    0.000     3.233    16.068    0.000    0.000    0.000  -12.835
   12    7 S1  1   5.01  0.0000    14.454    0.000    -1.745    14.454    0.000    0.000    0.000  -16.199
   12    8 S1  1   4.73  0.0000    16.745    0.000    -0.913    16.745    0.000    0.000    0.000  -17.658
   12    9 S1  1   2.88  0.0000    21.067    0.000     1.479    21.067    0.000    0.000    0.000  -19.588
   12   10 C1  1   1.60 -0.0001    48.944    0.338     9.473    49.651   -0.001    0.045   -0.414  -39.809
   12   11 C1  1   0.00  0.1306 -9386.292    0.192 -9435.993 -9144.194 -118.359  -87.207  -36.341  -49.893
   13    1 C1  1   1.27  0.0031    11.758    0.105   -12.194    12.634    0.025   -0.213   -0.583  -24.057
   13    2 C1  1   0.65 -0.0385   -26.642   -0.543   -45.252   -57.036   55.406  -14.083  -11.471  -18.068
   13    3 C1  1   1.37 -0.0009    38.688   -0.056    13.103    39.854    0.036   -0.277   -0.981  -25.529
   13    4 S1  1   2.77  0.0000    16.559    0.000     1.173    16.559    0.000    0.000    0.000  -15.386
   13    5 S1  1   3.83  0.0000    12.954    0.000     2.804    12.954    0.000    0.000    0.000  -10.150
   13    6 S1  1   4.34  0.0000    12.549    0.000     2.470    12.549    0.000    0.000    0.000  -10.080
   13    7 S1  1   5.38  0.0000    10.604    0.000    -0.857    10.604    0.000    0.000    0.000  -11.461
   13    8 S1  1   4.63  0.0000    12.772    0.000    -0.761    12.772    0.000    0.000    0.000  -13.533
   13    9 S1  1   2.64  0.0000    15.444    0.000     1.259    15.444    0.000    0.000    0.000  -14.185
   13   10 C1  1   1.28  0.0023    15.014    0.389    -7.075    16.151    0.040   -0.294   -0.494  -22.478
   13   11 C1  1   1.61  0.0002    16.519    0.022    -0.816    17.005   -0.001   -0.092   -0.371  -17.357
   13   12 C1  1   0.00  0.1138 -9415.658    0.276 -9437.117 -9170.835 -120.701  -85.959  -37.886  -21.735
   14    1 C1  0   0.68 -0.0636   -36.943    0.550   -35.781   -40.477   16.876   -5.439   -7.352    0.612
   14    2 C1  0   1.17  0.0002     1.892   -0.185    -0.352     5.300    0.818   -0.929   -3.482   -2.059
   14    3 S1  0   2.42  0.0000    -0.406    0.000     0.843    -0.406    0.000    0.000    0.000    1.250
   14    4 S1  0   3.84  0.0000    -0.074    0.000     0.878    -0.074    0.000    0.000    0.000    0.951
   14    5 S1  0   4.79  0.0000     0.178    0.000     1.037     0.178    0.000    0.000    0.000    0.858
   14    6 S1  0   5.30  0.0000     0.631    0.000     1.177     0.631    0.000    0.000    0.000    0.546
   14    7 S1  0   6.36  0.0000     0.190    0.000     0.897     0.190    0.000    0.000    0.000    0.706
   14    8 S1  0   5.39  0.0000     0.904    0.000     1.311     0.904    0.000    0.000    0.000    0.407
   14    9 S1  0   3.43  0.0000     1.531    0.000     2.058     1.531    0.000    0.000    0.000    0.527
   14   10 S1  0   2.33  0.0000    -1.283    0.000     2.146    -1.283    0.000    0.000    0.000    3.428
   14   11 S1  0   2.86  0.0000    -3.105    0.000     0.989    -3.105    0.000    0.000    0.000    4.094
   14   12 C1  0   1.92  0.0000    -6.389   -0.141     0.683    -6.323   -0.001   -0.033   -0.173    7.213
   14   13 C1  0   0.00  0.1389 -9449.229   -0.393 -9442.431 -9205.776 -118.191  -86.892  -38.763    7.190
