    2    1 C1  1   0.00  0.0751 -9416.950   -0.075 -9455.243 -9198.682  -63.859 -100.029  -54.455  -38.218
    3    1 C1  1   1.31 -0.0045    14.984   -0.031    -5.417    16.135    0.050   -0.453   -0.780  -20.370
    3    2 C1  1   0.00  0.1372 -9382.281    0.548 -9422.889 -9152.742  -92.618  -91.618  -44.755  -41.155
    4    1 S1  1   2.25  0.0000    21.599    0.000    -7.488    21.599    0.000    0.000    0.000  -29.087
    4    2 C1  1   1.69  0.0000    38.053    0.365     2.918    38.667   -0.001    0.219   -0.467  -35.500
    4    3 C1  1   0.00  0.1174 -9383.539    0.683 -9433.941 -9138.898 -118.276  -86.118  -39.565  -51.086
    5    1 S1  1   2.56  0.0000    14.714    0.000     0.971    14.714    0.000    0.000    0.000  -13.743
    5    2 S1  1   2.26  0.0000    17.757    0.000     6.048    17.757    0.000    0.000    0.000  -11.709
    5    3 C1  1   1.92 -0.0000    24.790   -0.067     7.341    24.349   -0.002    0.440   -0.065  -17.381
    5    4 C1  1   0.00  0.0893 -9413.348   -0.032 -9439.454 -9166.386 -118.004  -89.014  -39.976  -26.073
    6    1 S1  1   3.89  0.0000    16.712    0.000    -0.159    16.712    0.000    0.000    0.000  -16.870
    6    2 S1  1   3.85  0.0000    17.540    0.000     4.459    17.540    0.000    0.000    0.000  -13.082
    6    3 S1  1   3.75  0.0000    20.711    0.000     5.697    20.711    0.000    0.000    0.000  -15.014
    6    4 S1  1   2.12  0.0000    25.104    0.000     2.348    25.104    0.000    0.000    0.000  -22.757
    6    5 C1  1   0.00  0.0556 -9433.545    0.451 -9457.130 -9180.892 -122.221  -90.850  -39.130  -24.036
    7    1 S1  1   5.41  0.0000    12.510    0.000    -5.236    12.510    0.000    0.000    0.000  -17.746
    7    2 S1  1   4.79  0.0000    13.953    0.000    -1.960    13.953    0.000    0.000    0.000  -15.914
    7    3 S1  1   3.42  0.0000    18.076    0.000    -1.625    18.076    0.000    0.000    0.000  -19.701
    7    4 C1  1   1.82 -0.0000    20.004   -0.146    -5.630    19.871   -0.001    0.136   -0.148  -25.488
    7    5 C1  1   1.63  0.0001    26.360   -0.022    -1.315    26.701   -0.001   -0.040   -0.321  -27.654
    7    6 C1  1   0.00  0.1496 -9427.005    0.850 -9467.262 -9175.474 -124.958  -90.355  -35.368  -41.107
    8    1 S1  1   5.83  0.0000    14.481    0.000    -4.092    14.481    0.000    0.000    0.000  -18.574
    8    2 S1  1   5.89  0.0000    12.773    0.000    -1.250    12.773    0.000    0.000    0.000  -14.023
    8    3 S1  1   5.47  0.0000    12.023    0.000    -1.218    12.023    0.000    0.000    0.000  -13.241
    8    4 S1  1   3.55  0.0000    14.147    0.000    -3.698    14.147    0.000    0.000    0.000  -17.845
    8    5 C1  1   1.52 -0.0000    20.846   -0.856    -0.672    20.128   -0.002    0.040   -0.177  -20.662
    8    6 C1  1   0.76  0.0090     6.751   -0.626   -16.490     3.677   16.045   -4.347   -9.250  -22.615
    8    7 C1  1   0.00  0.1247 -9411.384   -1.010 -9442.417 -9170.380 -125.528  -83.441  -33.046  -30.023
    9    1 S1  1   5.41  0.0000    16.419    0.000    -1.262    16.419    0.000    0.000    0.000  -17.681
    9    2 S1  1   4.61  0.0000    15.883    0.000     2.259    15.883    0.000    0.000    0.000  -13.624
    9    3 S1  1   4.93  0.0000    15.605    0.000     3.312    15.605    0.000    0.000    0.000  -12.293
    9    4 S1  1   3.60  0.0000    16.809    0.000     0.564    16.809    0.000    0.000    0.000  -16.245
    9    5 S1  1   2.57  0.0000    20.780    0.000     6.680    20.780    0.000    0.000    0.000  -14.101
    9    6 C1  1   0.96  0.0116    21.414    0.123     2.025    25.327    3.005   -2.298   -4.498  -19.512
    9    7 C1  1   0.79 -0.0528    17.443   -1.577   -18.460    15.690   11.783   -2.319   -9.288  -34.327
    9    8 C1  1   0.00  0.0894 -9412.872   -0.740 -9442.910 -9171.869 -106.706  -89.004  -46.032  -29.298
   10    1 S1  1   3.74  0.0000    17.514    0.000    -4.673    17.514    0.000    0.000    0.000  -22.187
   10    2 S1  1   3.10  0.0000    17.425    0.000    -1.162    17.425    0.000    0.000    0.000  -18.587
   10    3 S1  1   3.04  0.0000    17.823    0.000     0.038    17.823    0.000    0.000    0.000  -17.786
   10    4 C1  1   1.48  0.0000    17.043   -1.231    -5.713    16.167    0.006    0.061   -0.422  -21.524
   10    5 C1  1   0.63  0.0750    -8.087   -0.065   -26.627   -17.821   23.298   -6.891   -6.739  -18.475
   10    6 C1  1   0.91 -0.0025    24.138    0.018    -1.677    28.555    5.368   -2.001   -7.766  -25.833
   10    7 C1  1   1.12  0.0016    41.627   -1.507    -7.363    40.012    0.271    2.249   -2.412  -47.483
   10    8 S1  1   2.13  0.0000    22.884    0.000    -5.032    22.884    0.000    0.000    0.000  -27.916
   10    9 C1  1   0.00  0.0999 -9377.173    0.848 -9413.243 -9132.020 -120.883  -86.407  -37.014  -36.918
   11    1 S1  1   4.28  0.0000    15.874    0.000    -5.932    15.874    0.000    0.000    0.000  -21.806
   11    2 S1  1   3.09  0.0000    19.252    0.000    -1.541    19.252    0.000    0.000    0.000  -20.793
   11    3 S1  1   2.06  0.0000    28.692    0.000     0.496    28.692    0.000    0.000    0.000  -28.196
   11    4 C1  1   0.88 -0.0103    23.811   -0.359    -6.319    22.982    5.161   -1.494   -3.196  -29.771
   11    5 C1  1   1.73  0.0000    22.684    0.136     1.220    22.953   -0.001    0.191   -0.321  -21.601
   11    6 S1  1   2.32  0.0000    23.462    0.000     1.423    23.462    0.000    0.000    0.000  -22.039
   11    7 C1  1   0.64  0.0199    21.019   -1.221   -14.985     1.482   37.811   -9.008  -10.486  -34.783
   11    8 S1  1   3.54  0.0000    15.263    0.000    -4.922    15.263    0.000    0.000    0.000  -20.185
   11    9 C1  1   1.97  0.0000    23.990    0.080    -1.483    24.077   -0.002    0.121   -0.125  -25.553
   11   10 C1  1   0.00  0.1459 -9396.186    1.003 -9448.217 -9160.401 -109.304  -85.696  -39.781  -53.035
   12    1 S1  1   2.43  0.0000    17.643    0.000    -4.804    17.643    0.000    0.000    0.000  -22.446
   12    2 C1  1   1.66 -0.0000    15.304   -0.118    -4.362    16.021   -0.001   -0.361   -0.473  -19.548
   12    3 C1  1   0.68  0.0343    13.502   -0.771    -9.573    -3.490   33.151   -8.023   -8.908  -22.303
   12    4 C1  1   1.53  0.0004    15.964    0.417    -6.289    17.600    0.004   -0.154   -1.069  -22.670
   12    5 S1  1   2.43  0.0000    20.095    0.000     3.219    20.095    0.000    0.000    0.000  -16.876
   12    6 S1  1   3.49  0.0000    20.098    0.000     2.643    20.098    0.000    0.000    0.000  -17.454
   12    7 S1  1   2.72  0.0000    19.587    0.000    -5.541    19.587    0.000    0.000    0.000  -25.128
   12    8 S1  1   5.04  0.0000    15.479    0.000    -3.361    15.479    0.000    0.000    0.000  -18.841
   12    9 S1  1   3.19  0.0000    25.385    0.000     0.769    25.385    0.000    0.000    0.000  -24.616
   12   10 S1  1   2.22  0.0000    37.464    0.000     0.178    37.464    0.000    0.000    0.000  -37.287
   12   11 C1  1   0.00  0.0987 -9400.004    0.488 -9460.454 -9145.430 -127.608  -88.177  -38.302  -60.938
   13    1 C1  1   1.88 -0.0000    15.763   -0.068    -5.545    15.873   -0.001    0.005   -0.181  -21.241
   13    2 C1  1   0.76 -0.0293    -6.918   -0.228   -23.033   -10.088   16.728   -5.170   -8.616  -15.886
   13    3 C1  1   1.48 -0.0003    27.953   -0.097     8.923    28.985    0.009   -0.035   -1.104  -18.932
   13    4 S1  1   2.32  0.0000    20.293    0.000     3.769    20.293    0.000    0.000    0.000  -16.524
   13    5 S1  1   2.83  0.0000    13.817    0.000     6.567    13.817    0.000    0.000    0.000   -7.250
   13    6 S1  1   4.07  0.0000    13.484    0.000     5.934    13.484    0.000    0.000    0.000   -7.551
   13    7 S1  1   4.25  0.0000    12.678    0.000     0.765    12.678    0.000    0.000    0.000  -11.914
   13    8 S1  1   5.81  0.0000     9.777    0.000     0.986     9.777    0.000    0.000    0.000   -8.791
   13    9 S1  1   3.96  0.0000    12.172    0.000     4.641    12.172    0.000    0.000    0.000   -7.531
   13   10 S1  1   2.92  0.0000    14.112    0.000     2.962    14.112    0.000    0.000    0.000  -11.150
   13   11 S1  1   2.17  0.0000    19.888    0.000     2.588    19.888    0.000    0.000    0.000  -17.301
   13   12 C1  1   0.00  0.0760 -9434.663    0.283 -9449.488 -9182.254 -121.597  -88.691  -41.837  -15.109
   14    1 C1  0   1.04 -0.0106    -2.637   -0.026    -8.830     0.427    1.248   -1.230   -3.107   -6.167
   14    2 C1  0   1.03 -0.0063     6.538    0.112     1.889     8.325    2.167   -0.661   -3.182   -4.760
   14    3 C1  0   1.90 -0.0000     0.478    0.015     0.053     0.665   -0.001    0.144   -0.315   -0.439
   14    4 S1  0   3.57  0.0000     1.562    0.000     0.712     1.562    0.000    0.000    0.000   -0.850
   14    5 S1  0   4.30  0.0000     0.076    0.000     0.403     0.076    0.000    0.000    0.000    0.327
   14    6 S1  0   5.80  0.0000     0.014    0.000     0.358     0.014    0.000    0.000    0.000    0.344
   14    7 S1  0   5.86  0.0000    -0.312    0.000     0.315    -0.312    0.000    0.000    0.000    0.627
   14    8 S1  0   7.50  0.0000    -0.147    0.000     0.332    -0.147    0.000    0.000    0.000    0.479
   14    9 S1  0   5.52  0.0000    -0.772    0.000     0.326    -0.772    0.000    0.000    0.000    1.098
   14   10 S1  0   4.72  0.0000    -1.126    0.000     0.145    -1.126    0.000    0.000    0.000    1.271
   14   11 S1  0   3.97  0.0000    -1.540    0.000     0.429    -1.540    0.000    0.000    0.000    1.969
   14   12 S1  0   2.09  0.0000    -5.061    0.000     0.166    -5.061    0.000    0.000    0.000    5.227
   14   13 C1  0   0.00  0.1507 -9460.498   -0.099 -9454.964 -9220.070 -109.498  -90.359  -40.670    5.634
