    2    1 C1  1   0.00  0.0941 -9418.819    0.576 -9485.169 -9160.127 -117.280  -93.343  -47.493  -66.926
    3    1 S1  1   2.06  0.0000    14.301    0.000    -4.300    14.301    0.000    0.000    0.000  -18.601
    3    2 C1  1   0.00  0.1084 -9456.889    0.123 -9485.829 -9197.647 -122.647  -92.093  -44.379  -29.063
    4    1 S1  1   3.90  0.0000    15.945    0.000    -3.632    15.945    0.000    0.000    0.000  -19.576
    4    2 S1  1   2.18  0.0000    21.960    0.000    -4.012    21.960    0.000    0.000    0.000  -25.972
    4    3 C1  1   0.00  0.1044 -9407.530    0.217 -9456.098 -9155.067 -124.900  -90.510  -36.835  -48.785
    5    1 S1  1   4.54  0.0000    12.817    0.000    -0.053    12.817    0.000    0.000    0.000  -12.869
    5    2 S1  1   3.17  0.0000    13.921    0.000     0.163    13.921    0.000    0.000    0.000  -13.758
    5    3 C1  1   1.77  0.0000    20.544    0.006     5.891    20.560   -0.001    0.192   -0.202  -14.658
    5    4 C1  1   0.00  0.1114 -9423.297   -0.159 -9456.354 -9173.511 -113.072  -90.394  -46.478  -32.898
    6    1 S1  1   5.60  0.0000    13.609    0.000     0.183    13.609    0.000    0.000    0.000  -13.425
    6    2 S1  1   4.05  0.0000    16.578    0.000     0.894    16.578    0.000    0.000    0.000  -15.684
    6    3 S1  1   2.78  0.0000    22.570    0.000     5.592    22.570    0.000    0.000    0.000  -16.979
    6    4 C1  1   1.69  0.0000    25.499    0.132     2.557    25.978   -0.001    0.006   -0.352  -23.073
    6    5 C1  1   0.00  0.1079 -9420.325    0.151 -9450.520 -9167.119 -122.448  -90.559  -40.047  -30.346
    7    1 S1  1   7.48  0.0000    11.292    0.000    -3.451    11.292    0.000    0.000    0.000  -14.743
    7    2 S1  1   6.41  0.0000    12.739    0.000    -3.282    12.739    0.000    0.000    0.000  -16.021
    7    3 S1  1   5.46  0.0000    14.847    0.000    -0.831    14.847    0.000    0.000    0.000  -15.678
    7    4 S1  1   4.06  0.0000    16.966    0.000    -2.931    16.966    0.000    0.000    0.000  -19.896
    7    5 C1  1   1.95  0.0000    22.889   -0.316    -1.036    22.611   -0.002    0.101   -0.138  -23.609
    7    6 C1  1   0.00  0.1332 -9422.064   -0.777 -9457.708 -9174.665 -123.781  -89.350  -35.045  -34.867
    8    1 S1  1   6.28  0.0000    16.046    0.000    -3.396    16.046    0.000    0.000    0.000  -19.442
    8    2 S1  1   5.03  0.0000    19.578    0.000    -2.922    19.578    0.000    0.000    0.000  -22.499
    8    3 S1  1   3.89  0.0000    20.625    0.000     0.279    20.625    0.000    0.000    0.000  -20.346
    8    4 S1  1   2.77  0.0000    20.976    0.000    -2.460    20.976    0.000    0.000    0.000  -23.436
    8    5 C1  1   1.59  0.0000    14.159   -0.990    -3.093    13.538   -0.001   -0.045   -0.323  -16.262
    8    6 C1  1   0.75  0.0403    -6.592   -0.338   -31.912    -2.349   12.464   -5.480  -11.565  -24.982
    8    7 C1  1   0.00  0.1299 -9422.863    0.149 -9459.224 -9177.031 -124.587  -87.171  -33.925  -36.511
    9    1 S1  1   5.19  0.0000    18.594    0.000    -1.031    18.594    0.000    0.000    0.000  -19.625
    9    2 S1  1   4.74  0.0000    20.121    0.000    -0.459    20.121    0.000    0.000    0.000  -20.580
    9    3 S1  1   4.08  0.0000    16.838    0.000     2.638    16.838    0.000    0.000    0.000  -14.201
    9    4 S1  1   2.81  0.0000    16.612    0.000     0.140    16.612    0.000    0.000    0.000  -16.472
    9    5 S1  1   2.05  0.0000    19.006    0.000     3.592    19.006    0.000    0.000    0.000  -15.414
    9    6 C1  1   0.68  0.0415    17.936   -0.492    -5.485    14.390   13.771   -4.754   -5.964  -22.929
    9    7 C1  1   0.72 -0.0450    12.802   -2.678   -22.392     7.859   12.476   -3.061   -7.150  -32.516
    9    8 C1  1   0.00  0.0840 -9424.896   -0.674 -9461.162 -9173.843 -118.913  -90.554  -42.258  -35.592
   10    1 S1  1   4.74  0.0000    23.278    0.000    -3.068    23.278    0.000    0.000    0.000  -26.347
   10    2 S1  1   3.63  0.0000    25.473    0.000    -2.618    25.473    0.000    0.000    0.000  -28.091
   10    3 S1  1   2.92  0.0000    19.003    0.000     0.024    19.003    0.000    0.000    0.000  -18.980
   10    4 C1  1   1.30 -0.0005    12.776   -0.423    -7.190    13.724    0.084   -0.388   -1.066  -19.544
   10    5 C1  1   0.66  0.0376   -36.792    0.221   -48.928   -52.829   38.349  -11.472  -10.619  -12.357
   10    6 C1  1   1.13 -0.0029    17.285    0.013    -2.817    20.539    0.426   -0.884   -2.783  -20.115
   10    7 S1  1   2.49  0.0000    18.390    0.000    -5.379    18.390    0.000    0.000    0.000  -23.769
   10    8 S1  1   2.14  0.0000    27.680    0.000    -3.643    27.680    0.000    0.000    0.000  -31.323
   10    9 C1  1   0.00  0.1101 -9410.416    0.868 -9451.825 -9158.049 -125.063  -87.733  -38.702  -42.277
   11    1 S1  1   4.20  0.0000    21.465    0.000    -3.588    21.465    0.000    0.000    0.000  -25.053
   11    2 S1  1   3.07  0.0000    21.890    0.000    -3.366    21.890    0.000    0.000    0.000  -25.256
   11    3 S1  1   2.01  0.0000    20.049    0.000     1.286    20.049    0.000    0.000    0.000  -18.763
   11    4 C1  1   0.65 -0.0095     3.025   -0.467   -17.845   -10.276   28.922   -9.113   -6.976  -20.403
   11    5 C1  1   1.63  0.0001    21.538    0.103     0.692    22.080   -0.000    0.004   -0.443  -20.949
   11    6 S1  1   2.58  0.0000    20.849    0.000     2.803    20.849    0.000    0.000    0.000  -18.045
   11    7 S1  1   3.36  0.0000    16.741    0.000    -3.920    16.741    0.000    0.000    0.000  -20.661
   11    8 S1  1   3.66  0.0000    17.616    0.000    -2.889    17.616    0.000    0.000    0.000  -20.504
   11    9 S1  1   2.15  0.0000    23.289    0.000    -0.168    23.289    0.000    0.000    0.000  -23.457
   11   10 C1  1   0.00  0.0795 -9423.592    0.499 -9472.554 -9168.102 -122.674  -90.935  -41.382  -49.461
   12    1 S1  1   2.87  0.0000    24.276    0.000    -3.279    24.276    0.000    0.000    0.000  -27.555
   12    2 C1  1   1.62  0.0000    25.691   -0.831    -1.221    25.826   -0.000   -0.300   -0.667  -26.080
   12    3 C1  1   0.67  0.0250   -30.230    0.094   -42.232   -41.496   31.201  -10.167   -9.673  -12.096
   12    4 C1  1   1.33  0.0003    10.981    0.127    -6.498    13.578    0.142   -0.571   -2.041  -17.607
   12    5 S1  1   2.54  0.0000    18.789    0.000     1.729    18.789    0.000    0.000    0.000  -17.060
   12    6 S1  1   3.88  0.0000    16.934    0.000     1.983    16.934    0.000    0.000    0.000  -14.951
   12    7 S1  1   4.48  0.0000    13.976    0.000    -3.330    13.976    0.000    0.000    0.000  -17.305
   12    8 S1  1   4.99  0.0000    14.557    0.000    -2.791    14.557    0.000    0.000    0.000  -17.347
   12    9 S1  1   3.74  0.0000    19.793    0.000     0.058    19.793    0.000    0.000    0.000  -19.736
   12   10 S1  1   2.17  0.0000    32.110    0.000    -2.523    32.110    0.000    0.000    0.000  -34.633
   12   11 C1  1   0.00  0.0963 -9415.736    0.380 -9470.271 -9158.979 -127.006  -90.636  -38.735  -54.915
   13    1 C1  1   1.85 -0.0000    13.711    0.027    -6.335    13.899   -0.001    0.118   -0.278  -20.073
   13    2 C1  1   0.75 -0.0335   -34.296    0.094   -48.253   -36.757   19.536   -7.962   -9.018  -14.051
   13    3 C1  1   1.28 -0.0009    36.170   -0.283    15.487    36.997    0.055   -0.290   -0.876  -20.401
   13    4 S1  1   2.60  0.0000    21.025    0.000     4.065    21.025    0.000    0.000    0.000  -16.960
   13    5 S1  1   3.79  0.0000    18.208    0.000     6.515    18.208    0.000    0.000    0.000  -11.693
   13    6 S1  1   5.09  0.0000    14.416    0.000     4.869    14.416    0.000    0.000    0.000   -9.547
   13    7 S1  1   6.07  0.0000    11.348    0.000    -0.102    11.348    0.000    0.000    0.000  -11.450
   13    8 S1  1   6.19  0.0000    11.901    0.000     0.538    11.901    0.000    0.000    0.000  -11.363
   13    9 S1  1   4.66  0.0000    13.327    0.000     2.903    13.327    0.000    0.000    0.000  -10.423
   13   10 S1  1   3.38  0.0000    15.452    0.000     0.853    15.452    0.000    0.000    0.000  -14.599
   13   11 S1  1   2.12  0.0000    20.017    0.000     1.261    20.017    0.000    0.000    0.000  -18.756
   13   12 C1  1   0.00  0.0831 -9446.776   -0.001 -9478.335 -9187.147 -124.391  -91.831  -43.408  -31.559
   14    1 C1  0   0.72 -0.0436   -47.156   -0.267   -40.931   -52.369   22.417   -8.044   -9.426    6.492
   14    2 C1  0   1.18 -0.0003    -8.189   -0.032    -6.534    -5.112    1.066   -0.925   -3.250    1.687
   14    3 S1  0   2.14  0.0000     6.216    0.000     5.809     6.216    0.000    0.000    0.000   -0.407
   14    4 S1  0   3.73  0.0000     2.061    0.000     2.654     2.061    0.000    0.000    0.000    0.593
   14    5 S1  0   4.88  0.0000     0.612    0.000     2.061     0.612    0.000    0.000    0.000    1.448
   14    6 S1  0   6.14  0.0000     0.348    0.000     1.646     0.348    0.000    0.000    0.000    1.298
   14    7 S1  0   7.56  0.0000     0.063    0.000     1.267     0.063    0.000    0.000    0.000    1.204
   14    8 S1  0   7.25  0.0000     0.328    0.000     1.470     0.328    0.000    0.000    0.000    1.142
   14    9 S1  0   5.75  0.0000    -0.159    0.000     1.584    -0.159    0.000    0.000    0.000    1.743
   14   10 S1  0   4.49  0.0000    -0.978    0.000     1.819    -0.978    0.000    0.000    0.000    2.797
   14   11 S1  0   3.49  0.0000    -2.216    0.000     2.153    -2.216    0.000    0.000    0.000    4.369
   14   12 S1  0   2.27  0.0000    -8.401    0.000     0.158    -8.401    0.000    0.000    0.000    8.559
   14   13 C1  0   0.00  0.1026 -9450.383   -0.176 -9441.723 -9199.423 -125.072  -88.219  -37.845    8.836
