    2    1 C1  1   0.00  0.1038 -9384.190   -0.031 -9450.968 -9145.606  -85.854  -94.044  -58.716  -66.747
    3    1 C1  1   1.72 -0.0002    28.936   -0.151    -3.861    29.116   -0.001    0.047   -0.378  -32.645
    3    2 C1  1   0.00  0.0969 -9411.743   -0.715 -9474.697 -9159.256 -103.746  -98.983  -50.473  -62.239
    4    1 S1  1   3.36  0.0000    21.105    0.000    -4.100    21.105    0.000    0.000    0.000  -25.205
    4    2 C1  1   1.97 -0.0000    28.361   -0.192    -3.890    28.322   -0.002    0.010   -0.162  -32.058
    4    3 C1  1   0.00  0.1148 -9415.693   -0.908 -9454.736 -9173.971 -118.753  -88.596  -35.281  -38.135
    5    1 S1  1   3.64  0.0000    13.465    0.000    -2.540    13.465    0.000    0.000    0.000  -16.005
    5    2 S1  1   2.77  0.0000    16.177    0.000    -1.376    16.177    0.000    0.000    0.000  -17.553
    5    3 C1  1   1.77 -0.0000    20.044   -0.824    -2.612    19.718   -0.001   -0.301   -0.196  -21.832
    5    4 C1  1   0.00  0.1019 -9392.049    0.407 -9428.124 -9152.291 -106.139  -88.651  -44.562  -36.482
    6    1 S1  1   4.92  0.0000    16.502    0.000     1.626    16.502    0.000    0.000    0.000  -14.876
    6    2 S1  1   4.12  0.0000    18.419    0.000     3.608    18.419    0.000    0.000    0.000  -14.811
    6    3 S1  1   2.82  0.0000    18.267    0.000     1.829    18.267    0.000    0.000    0.000  -16.438
    6    4 C1  1   1.34 -0.0000    28.417   -0.292    -0.274    28.617    0.001   -0.087   -0.406  -28.399
    6    5 C1  1   0.00  0.1142 -9381.194   -0.208 -9412.733 -9153.085 -103.856  -86.953  -37.508  -31.331
    7    1 S1  1   5.99  0.0000    14.420    0.000    -2.407    14.420    0.000    0.000    0.000  -16.826
    7    2 S1  1   5.90  0.0000    14.713    0.000    -0.873    14.713    0.000    0.000    0.000  -15.586
    7    3 S1  1   5.20  0.0000    13.780    0.000    -1.992    13.780    0.000    0.000    0.000  -15.773
    7    4 S1  1   3.99  0.0000    17.403    0.000    -4.114    17.403    0.000    0.000    0.000  -21.517
    7    5 S1  1   2.37  0.0000    20.266    0.000    -2.988    20.266    0.000    0.000    0.000  -23.254
    7    6 C1  1   0.00  0.1445 -9406.808   -0.689 -9439.528 -9166.975 -119.697  -87.362  -33.464  -32.031
    8    1 S1  1   4.54  0.0000    22.341    0.000    -2.858    22.341    0.000    0.000    0.000  -25.199
    8    2 S1  1   4.67  0.0000    23.779    0.000    -0.748    23.779    0.000    0.000    0.000  -24.527
    8    3 S1  1   3.75  0.0000    21.847    0.000    -2.351    21.847    0.000    0.000    0.000  -24.198
    8    4 S1  1   2.26  0.0000    34.365    0.000    -4.953    34.365    0.000    0.000    0.000  -39.318
    8    5 C1  1   1.42  0.0010    15.655   -1.448    -9.635    15.164    0.005   -0.385   -0.577  -23.842
    8    6 C1  1   0.63  0.0521     1.069   -1.024   -32.183   -15.170   35.182   -5.031  -14.935  -32.228
    8    7 C1  1   0.00  0.1285 -9413.227   -2.874 -9454.071 -9175.378 -116.731  -88.638  -35.354  -37.971
    9    1 S1  1   3.19  0.0000    34.129    0.000     0.419    34.129    0.000    0.000    0.000  -33.710
    9    2 S1  1   3.41  0.0000    30.843    0.000     2.894    30.843    0.000    0.000    0.000  -27.949
    9    3 S1  1   3.29  0.0000    24.595    0.000     0.464    24.595    0.000    0.000    0.000  -24.131
    9    4 S1  1   2.96  0.0000    23.056    0.000    -2.410    23.056    0.000    0.000    0.000  -25.465
    9    5 S1  1   2.05  0.0000    14.936    0.000    -2.604    14.936    0.000    0.000    0.000  -17.540
    9    6 C1  1   0.70  0.0450    17.316   -0.567    -7.598    10.259   17.958   -5.274   -6.195  -24.346
    9    7 C1  1   0.88 -0.0283    18.639   -2.170   -17.072    18.628    5.233   -1.635   -5.757  -33.541
    9    8 C1  1   0.00  0.0830 -9424.044   -0.763 -9464.975 -9172.064 -120.776  -90.726  -41.241  -40.169
   10    1 S1  1   2.05  0.0000    53.725    0.000     6.141    53.725    0.000    0.000    0.000  -47.584
   10    2 C1  1   1.99  0.0000    51.677   -0.460    11.621    51.639   -0.002   -0.285   -0.135  -39.596
   10    3 S1  1   2.36  0.0000    31.868    0.000     3.707    31.868    0.000    0.000    0.000  -28.161
   10    4 C1  1   1.91 -0.0000    27.281   -0.534    -0.211    27.414   -0.002   -0.369   -0.297  -26.957
   10    5 C1  1   0.92 -0.0098     2.655   -0.374    -7.307     0.528    8.908   -1.790   -5.365   -9.588
   10    6 C1  1   1.06 -0.0062    13.595   -0.018    -0.952    18.216    2.949   -1.916   -5.673  -14.529
   10    7 S1  1   2.61  0.0000    18.207    0.000    -0.306    18.207    0.000    0.000    0.000  -18.513
   10    8 S1  1   2.12  0.0000    31.607    0.000     2.377    31.607    0.000    0.000    0.000  -29.230
   10    9 C1  1   0.00  0.0998 -9411.172    0.282 -9451.065 -9160.178 -122.461  -88.593  -39.658  -40.175
   11    1 S1  1   2.52  0.0000    25.850    0.000     4.951    25.850    0.000    0.000    0.000  -20.899
   11    2 S1  1   2.26  0.0000    25.161    0.000     8.719    25.161    0.000    0.000    0.000  -16.442
   11    3 S1  1   2.20  0.0000    22.952    0.000     5.834    22.952    0.000    0.000    0.000  -17.118
   11    4 C1  1   0.74 -0.0214    16.841   -0.763    -1.979    12.130   13.076   -3.869   -5.259  -18.057
   11    5 C1  1   0.64 -0.0387    17.549    0.007     1.555     4.148   24.465   -5.951   -5.106  -16.002
   11    6 S1  1   2.21  0.0000    20.718    0.000     6.974    20.718    0.000    0.000    0.000  -13.744
   11    7 S1  1   3.71  0.0000    16.850    0.000     0.334    16.850    0.000    0.000    0.000  -16.517
   11    8 S1  1   3.38  0.0000    18.031    0.000     1.361    18.031    0.000    0.000    0.000  -16.669
   11    9 S1  1   2.12  0.0000    22.543    0.000     3.910    22.543    0.000    0.000    0.000  -18.633
   11   10 C1  1   0.00  0.1190 -9443.148   -0.361 -9466.228 -9185.092 -122.375  -93.418  -42.624  -22.719
   12    1 S1  1   2.52  0.0000    25.997    0.000     2.560    25.997    0.000    0.000    0.000  -23.437
   12    2 C1  1   1.69 -0.0000    29.701   -0.127     7.730    30.065   -0.001   -0.082   -0.409  -21.843
   12    3 C1  1   0.89 -0.0108     4.338   -0.899    -9.944     1.204   13.190   -3.331   -7.624  -13.382
   12    4 C1  1   1.11 -0.0013    14.118    0.029    -3.901    15.524    0.678   -0.468   -1.587  -18.047
   12    5 S1  1   2.34  0.0000    17.513    0.000    -0.123    17.513    0.000    0.000    0.000  -17.636
   12    6 S1  1   3.95  0.0000    18.674    0.000     4.128    18.674    0.000    0.000    0.000  -14.546
   12    7 S1  1   4.74  0.0000    15.258    0.000    -1.257    15.258    0.000    0.000    0.000  -16.515
   12    8 S1  1   5.11  0.0000    15.941    0.000    -1.019    15.941    0.000    0.000    0.000  -16.959
   12    9 S1  1   3.60  0.0000    21.057    0.000     1.792    21.057    0.000    0.000    0.000  -19.265
   12   10 C1  1   1.83  0.0000    34.613   -0.058     6.881    34.816   -0.002   -0.076   -0.183  -27.674
   12   11 C1  1   0.00  0.1056 -9456.107   -1.595 -9507.624 -9198.502 -126.669  -86.072  -46.459  -49.922
   13    1 C1  1   1.56  0.0002    21.784   -0.758    -3.692    22.460    0.003   -0.765   -0.673  -24.718
   13    2 C1  1   0.72  0.0058    -5.580    0.862   -18.270    -9.344   17.359   -6.269   -6.464  -13.552
   13    3 C1  1   0.68  0.0153    27.707   -1.287     3.673    20.579   13.467   -3.463   -4.163  -22.747
   13    4 S1  1   2.29  0.0000    15.571    0.000    -2.369    15.571    0.000    0.000    0.000  -17.940
   13    5 S1  1   3.15  0.0000    14.994    0.000    -0.671    14.994    0.000    0.000    0.000  -15.665
   13    6 S1  1   4.56  0.0000    14.865    0.000     2.082    14.865    0.000    0.000    0.000  -12.783
   13    7 S1  1   5.82  0.0000    12.835    0.000    -1.823    12.835    0.000    0.000    0.000  -14.658
   13    8 S1  1   5.36  0.0000    14.154    0.000    -1.939    14.154    0.000    0.000    0.000  -16.093
   13    9 S1  1   3.55  0.0000    18.303    0.000    -0.126    18.303    0.000    0.000    0.000  -18.429
   13   10 C1  1   1.81  0.0000    28.021   -0.201    -0.338    28.188   -0.002   -0.183   -0.183  -28.158
   13   11 C1  1   1.21  0.0034    57.446    0.160     8.380    60.769    0.109   -1.080   -2.192  -49.226
   13   12 C1  1   0.00  0.0979 -9453.796   -1.477 -9502.178 -9186.601 -129.078  -96.591  -43.003  -46.905
   14    1 C1  0   0.77  0.0209   -16.648   -1.152   -14.403   -23.080   19.416   -4.983   -9.153    3.397
   14    2 C1  0   0.63  0.0406   -15.192    0.379   -13.056   -35.744   34.861   -7.441   -6.489    1.757
   14    3 C1  0   1.39  0.0013    -0.837   -0.992    -3.768    -0.764    0.021   -0.631   -0.456   -1.938
   14    4 S1  0   3.07  0.0000    -1.558    0.000    -2.268    -1.558    0.000    0.000    0.000   -0.710
   14    5 S1  0   3.76  0.0000    -1.126    0.000    -2.031    -1.126    0.000    0.000    0.000   -0.905
   14    6 S1  0   5.22  0.0000    -1.607    0.000    -2.653    -1.607    0.000    0.000    0.000   -1.046
   14    7 S1  0   6.39  0.0000    -1.113    0.000    -1.738    -1.113    0.000    0.000    0.000   -0.625
   14    8 S1  0   5.38  0.0000    -1.740    0.000    -2.326    -1.740    0.000    0.000    0.000   -0.586
   14    9 S1  0   3.38  0.0000    -3.174    0.000    -3.417    -3.174    0.000    0.000    0.000   -0.243
   14   10 C1  0   1.56  0.0004   -14.523   -0.219    -9.581   -14.199    0.001   -0.259   -0.284    5.161
   14   11 C1  0   1.71  0.0000    -7.384   -0.076    -8.083    -7.125   -0.001   -0.076   -0.258   -0.623
   14   12 C1  0   1.87  0.0000    -6.526   -0.013    -8.566    -6.296   -0.001    0.010   -0.251   -2.027
   14   13 C1  0   0.00  0.0993 -9414.196   -0.751 -9426.765 -9183.123 -101.210  -87.914  -42.700  -11.819
