    2    1 C1  1   0.00  0.1218 -9377.399    0.422 -9448.437 -9123.428 -119.599  -90.258  -43.692  -71.460
    3    1 S1  1   2.14  0.0000    16.465    0.000    -1.551    16.465    0.000    0.000    0.000  -18.017
    3    2 C1  1   0.00  0.1167 -9440.252    0.227 -9464.955 -9189.822 -121.924  -87.260  -41.020  -24.930
    4    1 S1  1   3.91  0.0000    16.929    0.000    -1.924    16.929    0.000    0.000    0.000  -18.853
    4    2 S1  1   2.26  0.0000    21.604    0.000    -3.340    21.604    0.000    0.000    0.000  -24.944
    4    3 C1  1   0.00  0.1208 -9390.817    0.282 -9439.531 -9145.044 -120.857  -88.527  -36.109  -48.995
    5    1 S1  1   4.47  0.0000    13.949    0.000     1.887    13.949    0.000    0.000    0.000  -12.062
    5    2 S1  1   3.06  0.0000    15.448    0.000     1.468    15.448    0.000    0.000    0.000  -13.980
    5    3 C1  1   1.52  0.0005    22.295    0.131     6.168    22.742    0.002    0.016   -0.332  -16.258
    5    4 C1  1   0.00  0.1116 -9411.910    0.078 -9453.956 -9155.348 -120.909  -91.517  -44.057  -42.124
    6    1 S1  1   5.04  0.0000    15.268    0.000     1.315    15.268    0.000    0.000    0.000  -13.954
    6    2 S1  1   3.74  0.0000    18.393    0.000     1.225    18.393    0.000    0.000    0.000  -17.168
    6    3 S1  1   2.52  0.0000    23.983    0.000     5.685    23.983    0.000    0.000    0.000  -18.298
    6    4 S1  1   2.08  0.0000    24.569    0.000     2.324    24.569    0.000    0.000    0.000  -22.245
    6    5 C1  1   0.00  0.1061 -9432.124   -0.142 -9457.080 -9179.108 -123.755  -90.270  -39.134  -24.814
    7    1 S1  1   7.12  0.0000    12.305    0.000    -2.282    12.305    0.000    0.000    0.000  -14.587
    7    2 S1  1   6.27  0.0000    13.592    0.000    -2.626    13.592    0.000    0.000    0.000  -16.219
    7    3 S1  1   5.19  0.0000    14.952    0.000    -0.616    14.952    0.000    0.000    0.000  -15.569
    7    4 S1  1   3.81  0.0000    16.126    0.000    -2.843    16.126    0.000    0.000    0.000  -18.969
    7    5 C1  1   1.65  0.0000    21.454   -0.295    -0.448    21.200   -0.001    0.090   -0.130  -21.608
    7    6 C1  1   0.00  0.1385 -9423.152   -0.990 -9456.929 -9176.596 -121.935  -90.354  -35.257  -32.788
    8    1 S1  1   5.71  0.0000    17.746    0.000    -2.349    17.746    0.000    0.000    0.000  -20.095
    8    2 S1  1   4.75  0.0000    19.567    0.000    -2.751    19.567    0.000    0.000    0.000  -22.318
    8    3 S1  1   3.75  0.0000    17.430    0.000    -0.141    17.430    0.000    0.000    0.000  -17.571
    8    4 S1  1   3.19  0.0000    15.628    0.000    -3.106    15.628    0.000    0.000    0.000  -18.734
    8    5 C1  1   1.92 -0.0000    14.904   -0.054    -0.859    14.972   -0.002    0.034   -0.154  -15.709
    8    6 C1  1   0.66  0.0612    -9.243    0.423   -32.497   -13.236   22.015   -6.011  -11.588  -23.677
    8    7 C1  1   0.00  0.1153 -9421.818   -0.710 -9464.719 -9174.632 -123.623  -89.293  -34.981  -42.190
    9    1 S1  1   5.29  0.0000    18.282    0.000    -0.398    18.282    0.000    0.000    0.000  -18.680
    9    2 S1  1   4.62  0.0000    18.734    0.000    -0.785    18.734    0.000    0.000    0.000  -19.518
    9    3 S1  1   4.00  0.0000    16.247    0.000     2.055    16.247    0.000    0.000    0.000  -14.192
    9    4 S1  1   2.89  0.0000    16.548    0.000    -0.184    16.548    0.000    0.000    0.000  -16.731
    9    5 S1  1   2.38  0.0000    21.015    0.000     4.240    21.015    0.000    0.000    0.000  -16.775
    9    6 C1  1   0.71  0.0258    18.423   -0.197    -5.339    16.957   10.596   -3.589   -5.737  -23.565
    9    7 C1  1   0.82 -0.0310    13.673   -1.693   -20.187    15.407    4.027   -2.350   -5.104  -32.168
    9    8 C1  1   0.00  0.0932 -9426.219   -0.158 -9467.335 -9170.681 -124.274  -89.922  -41.500  -40.959
   10    1 S1  1   4.57  0.0000    22.374    0.000    -2.088    22.374    0.000    0.000    0.000  -24.462
   10    2 S1  1   3.81  0.0000    22.839    0.000    -2.984    22.839    0.000    0.000    0.000  -25.823
   10    3 S1  1   2.74  0.0000    18.053    0.000    -0.795    18.053    0.000    0.000    0.000  -18.848
   10    4 C1  1   1.28 -0.0013    11.446   -0.471    -8.080    12.057    0.082   -0.214   -0.950  -19.055
   10    5 C1  1   0.64  0.0588   -26.175    0.063   -41.593   -38.490   30.952   -9.087   -9.487  -15.481
   10    6 C1  1   1.24 -0.0029    18.353   -0.163    -2.911    21.528    0.269   -1.015   -2.593  -21.101
   10    7 S1  1   2.70  0.0000    18.472    0.000    -5.005    18.472    0.000    0.000    0.000  -23.477
   10    8 C1  1   1.96 -0.0000    31.965   -0.140    -3.840    32.301   -0.002   -0.147   -0.327  -35.665
   10    9 C1  1   0.00  0.0968 -9421.898    0.271 -9470.938 -9169.764 -122.595  -88.454  -40.814  -49.311
   11    1 S1  1   3.98  0.0000    20.825    0.000    -2.272    20.825    0.000    0.000    0.000  -23.097
   11    2 S1  1   2.98  0.0000    20.038    0.000    -3.311    20.038    0.000    0.000    0.000  -23.348
   11    3 C1  1   1.95 -0.0000    20.886   -0.122     0.659    20.840   -0.002    0.036   -0.111  -20.105
   11    4 C1  1   0.65 -0.0054    -2.805   -0.927   -24.896   -22.021   38.216  -11.482   -8.444  -21.164
   11    5 C1  1   1.64  0.0001    22.166    0.200     1.991    22.749   -0.001    0.052   -0.435  -20.374
   11    6 S1  1   2.48  0.0000    19.636    0.000     2.246    19.636    0.000    0.000    0.000  -17.390
   11    7 S1  1   4.18  0.0000    15.508    0.000    -3.544    15.508    0.000    0.000    0.000  -19.052
   11    8 S1  1   3.26  0.0000    20.187    0.000    -3.002    20.187    0.000    0.000    0.000  -23.189
   11    9 C1  1   1.96 -0.0000    25.664    0.227    -2.107    25.912   -0.002    0.128   -0.147  -27.999
   11   10 C1  1   0.00  0.0998 -9416.777    0.458 -9479.555 -9157.569 -123.768  -92.472  -42.509  -63.236
   12    1 S1  1   2.72  0.0000    25.484    0.000    -1.764    25.484    0.000    0.000    0.000  -27.249
   12    2 C1  1   1.53 -0.0003    24.753   -0.957    -1.116    24.728    0.001   -0.285   -0.649  -24.912
   12    3 C1  1   0.67  0.0197   -33.589   -0.573   -46.462   -42.986   28.919  -10.202   -9.893  -12.299
   12    4 C1  1   1.43  0.0001    11.892    0.031    -5.965    13.878    0.042   -0.443   -1.553  -17.889
   12    5 S1  1   2.60  0.0000    18.505    0.000     3.175    18.505    0.000    0.000    0.000  -15.330
   12    6 S1  1   3.62  0.0000    16.401    0.000     1.854    16.401    0.000    0.000    0.000  -14.547
   12    7 S1  1   5.64  0.0000    13.471    0.000    -2.883    13.471    0.000    0.000    0.000  -16.354
   12    8 S1  1   4.45  0.0000    18.270    0.000    -2.375    18.270    0.000    0.000    0.000  -20.645
   12    9 S1  1   3.44  0.0000    24.398    0.000    -0.206    24.398    0.000    0.000    0.000  -24.604
   12   10 S1  1   2.03  0.0000    42.839    0.000    -1.639    42.839    0.000    0.000    0.000  -44.479
   12   11 C1  1   0.00  0.0966 -9417.316   -0.122 -9484.159 -9156.849 -129.556  -92.663  -38.370  -66.720
   13    1 C1  1   1.63  0.0000    17.607   -0.314    -2.729    17.614   -0.001    0.082   -0.402  -20.022
   13    2 C1  1   0.79 -0.0334   -19.337   -0.284   -34.246   -18.745   13.046   -6.165   -7.756  -14.625
   13    3 C1  1   0.83  0.0075    34.042   -0.761    13.007    32.466    5.692   -1.752   -3.125  -20.274
   13    4 S1  1   2.36  0.0000    18.756    0.000     2.974    18.756    0.000    0.000    0.000  -15.782
   13    5 S1  1   3.44  0.0000    15.287    0.000     5.331    15.287    0.000    0.000    0.000   -9.956
   13    6 S1  1   4.44  0.0000    12.795    0.000     3.665    12.795    0.000    0.000    0.000   -9.130
   13    7 S1  1   6.41  0.0000    10.444    0.000    -0.316    10.444    0.000    0.000    0.000  -10.761
   13    8 S1  1   5.13  0.0000    12.392    0.000     0.163    12.392    0.000    0.000    0.000  -12.229
   13    9 S1  1   4.08  0.0000    14.182    0.000     1.870    14.182    0.000    0.000    0.000  -12.312
   13   10 S1  1   3.12  0.0000    18.154    0.000     0.383    18.154    0.000    0.000    0.000  -17.771
   13   11 C1  1   1.97 -0.0000    22.816   -0.202    -0.285    22.749   -0.002   -0.005   -0.128  -22.899
   13   12 C1  1   0.00  0.0985 -9445.966   -0.835 -9481.439 -9190.708 -119.040  -91.770  -45.283  -34.638
   14    1 C1  0   0.73 -0.0330   -32.977   -0.948   -24.859   -40.827   22.128   -6.128   -9.099    9.067
   14    2 C1  0   0.93  0.0015    -9.106   -0.024    -6.704    -6.358    1.766   -1.264   -3.273    2.425
   14    3 C1  0   1.80  0.0000     5.483   -0.271     3.729     5.225   -0.001    0.073   -0.085   -1.482
   14    4 S1  0   3.40  0.0000     1.677    0.000     1.672     1.677    0.000    0.000    0.000   -0.004
   14    5 S1  0   4.46  0.0000     0.556    0.000     1.237     0.556    0.000    0.000    0.000    0.681
   14    6 S1  0   5.52  0.0000     0.168    0.000     0.947     0.168    0.000    0.000    0.000    0.779
   14    7 S1  0   7.46  0.0000    -0.078    0.000     0.752    -0.078    0.000    0.000    0.000    0.831
   14    8 S1  0   6.27  0.0000    -0.500    0.000     0.809    -0.500    0.000    0.000    0.000    1.309
   14    9 S1  0   5.04  0.0000    -1.034    0.000     0.795    -1.034    0.000    0.000    0.000    1.828
   14   10 S1  0   4.12  0.0000    -2.073    0.000     0.746    -2.073    0.000    0.000    0.000    2.819
   14   11 S1  0   3.36  0.0000    -2.197    0.000     1.062    -2.197    0.000    0.000    0.000    3.258
   14   12 S1  0   2.04  0.0000    -8.423    0.000    -1.440    -8.423    0.000    0.000    0.000    6.983
   14   13 C1  0   0.00  0.0849 -9478.781   -0.277 -9472.160 -9224.624 -119.017  -92.621  -42.795    6.898
