    2    1 C1  1   0.00  0.1019 -9398.867    0.152 -9452.186 -9146.191 -118.593  -90.555  -43.377  -53.470
    3    1 C1  1   1.99  0.0000    16.324    0.098    -2.754    16.531   -0.001    0.115   -0.224  -19.175
    3    2 C1  1   0.00  0.1373 -9408.455    0.300 -9441.608 -9163.212 -116.282  -87.982  -40.678  -33.454
    4    1 S1  1   3.33  0.0000    18.188    0.000    -2.271    18.188    0.000    0.000    0.000  -20.459
    4    2 S1  1   2.36  0.0000    22.935    0.000    -2.400    22.935    0.000    0.000    0.000  -25.335
    4    3 C1  1   0.00  0.1269 -9390.728    0.141 -9434.361 -9145.753 -123.148  -87.086  -34.600  -43.774
    5    1 S1  1   3.66  0.0000    14.776    0.000     1.865    14.776    0.000    0.000    0.000  -12.911
    5    2 S1  1   3.28  0.0000    14.883    0.000     1.908    14.883    0.000    0.000    0.000  -12.975
    5    3 C1  1   2.00  0.0000    20.776   -0.093     6.532    20.684   -0.002    0.136   -0.136  -14.151
    5    4 C1  1   0.00  0.1114 -9416.166    0.014 -9448.843 -9164.393 -118.052  -89.447  -44.261  -32.690
    6    1 S1  1   4.48  0.0000    17.040    0.000     1.184    17.040    0.000    0.000    0.000  -15.856
    6    2 S1  1   4.12  0.0000    17.384    0.000     1.480    17.384    0.000    0.000    0.000  -15.904
    6    3 S1  1   3.02  0.0000    21.311    0.000     4.585    21.311    0.000    0.000    0.000  -16.727
    6    4 C1  1   1.86  0.0000    25.188    0.134     2.360    25.598   -0.002    0.024   -0.299  -22.962
    6    5 C1  1   0.00  0.1101 -9419.771    0.230 -9449.205 -9167.011 -123.733  -89.930  -38.866  -29.664
    7    1 S1  1   6.08  0.0000    14.019    0.000    -3.098    14.019    0.000    0.000    0.000  -17.117
    7    2 S1  1   6.48  0.0000    13.313    0.000    -2.498    13.313    0.000    0.000    0.000  -15.811
    7    3 S1  1   5.69  0.0000    14.167    0.000    -0.873    14.167    0.000    0.000    0.000  -15.040
    7    4 S1  1   4.22  0.0000    16.339    0.000    -2.655    16.339    0.000    0.000    0.000  -18.994
    7    5 C1  1   1.97  0.0000    21.709   -0.296    -0.889    21.420   -0.002    0.113   -0.119  -22.302
    7    6 C1  1   0.00  0.1370 -9417.826   -0.993 -9452.585 -9173.038 -122.894  -88.493  -34.394  -33.766
    8    1 S1  1   4.79  0.0000    22.955    0.000    -2.796    22.955    0.000    0.000    0.000  -25.751
    8    2 S1  1   5.02  0.0000    20.125    0.000    -1.992    20.125    0.000    0.000    0.000  -22.117
    8    3 S1  1   4.15  0.0000    18.286    0.000     0.025    18.286    0.000    0.000    0.000  -18.261
    8    4 S1  1   3.02  0.0000    18.320    0.000    -2.218    18.320    0.000    0.000    0.000  -20.538
    8    5 C1  1   1.85 -0.0000    15.190   -0.942    -1.215    14.484   -0.002    0.007   -0.241  -15.463
    8    6 C1  1   0.71  0.0440    -6.786   -0.734   -31.016    -5.573   13.591   -4.421  -11.117  -23.496
    8    7 C1  1   0.00  0.1233 -9419.765   -0.826 -9459.407 -9175.017 -121.901  -88.969  -34.703  -38.816
    9    1 S1  1   4.15  0.0000    24.422    0.000     0.055    24.422    0.000    0.000    0.000  -24.367
    9    2 S1  1   4.16  0.0000    19.878    0.000     0.272    19.878    0.000    0.000    0.000  -19.606
    9    3 S1  1   3.87  0.0000    15.738    0.000     2.033    15.738    0.000    0.000    0.000  -13.705
    9    4 S1  1   2.84  0.0000    16.219    0.000     0.245    16.219    0.000    0.000    0.000  -15.974
    9    5 S1  1   2.24  0.0000    20.258    0.000     4.067    20.258    0.000    0.000    0.000  -16.191
    9    6 C1  1   0.69  0.0322    17.980   -0.394    -5.947    15.363   12.311   -4.090   -5.998  -23.533
    9    7 C1  1   0.74 -0.0408    12.041   -2.015   -21.088     9.970   10.055   -3.500   -6.499  -31.114
    9    8 C1  1   0.00  0.0864 -9426.880   -0.174 -9462.775 -9172.628 -123.017  -90.113  -41.296  -35.721
   10    1 S1  1   3.81  0.0000    28.693    0.000    -2.538    28.693    0.000    0.000    0.000  -31.231
   10    2 S1  1   3.50  0.0000    24.424    0.000    -2.198    24.424    0.000    0.000    0.000  -26.622
   10    3 S1  1   2.60  0.0000    17.799    0.000    -1.062    17.799    0.000    0.000    0.000  -18.861
   10    4 C1  1   1.27 -0.0014    11.697   -0.516    -7.603    12.479    0.068   -0.398   -0.968  -18.785
   10    5 C1  1   0.66  0.0555   -28.884    0.110   -43.794   -38.143   27.212   -8.466   -9.378  -15.019
   10    6 C1  1   1.13 -0.0035    18.010   -0.014    -3.145    21.394    0.456   -0.917   -2.937  -21.140
   10    7 S1  1   2.68  0.0000    18.637    0.000    -5.390    18.637    0.000    0.000    0.000  -24.026
   10    8 S1  1   2.10  0.0000    29.187    0.000    -3.786    29.187    0.000    0.000    0.000  -32.973
   10    9 C1  1   0.00  0.1126 -9411.591    0.775 -9455.527 -9159.306 -125.093  -87.556  -38.862  -44.711
   11    1 S1  1   3.58  0.0000    24.287    0.000    -2.675    24.287    0.000    0.000    0.000  -26.961
   11    2 S1  1   2.54  0.0000    21.437    0.000    -2.610    21.437    0.000    0.000    0.000  -24.047
   11    3 C1  1   1.85 -0.0000    21.565   -0.509     0.497    21.203   -0.002   -0.009   -0.137  -20.559
   11    4 C1  1   0.67 -0.0012    -3.901   -0.454   -25.535   -15.445   28.143   -8.830   -8.223  -21.180
   11    5 C1  1   1.59  0.0002    23.368    0.134     1.647    24.001    0.000    0.001   -0.501  -21.855
   11    6 S1  1   2.59  0.0000    20.418    0.000     2.294    20.418    0.000    0.000    0.000  -18.123
   11    7 S1  1   3.88  0.0000    15.721    0.000    -3.673    15.721    0.000    0.000    0.000  -19.394
   11    8 S1  1   3.42  0.0000    18.469    0.000    -2.831    18.469    0.000    0.000    0.000  -21.300
   11    9 S1  1   2.14  0.0000    23.915    0.000    -0.807    23.915    0.000    0.000    0.000  -24.722
   11   10 C1  1   0.00  0.1021 -9415.835    0.417 -9469.213 -9160.951 -123.235  -90.141  -41.091  -53.795
   12    1 S1  1   2.67  0.0000    26.540    0.000    -3.011    26.540    0.000    0.000    0.000  -29.550
   12    2 C1  1   1.34 -0.0002    25.380   -1.019    -1.397    25.531    0.026   -0.348   -0.849  -25.758
   12    3 C1  1   0.63  0.0533   -36.075   -0.210   -53.089   -55.046   41.320  -12.297  -10.263  -16.803
   12    4 C1  1   1.44  0.0003    12.836    0.152    -6.395    14.984    0.039   -0.359   -1.676  -19.382
   12    5 S1  1   2.60  0.0000    19.696    0.000     2.142    19.696    0.000    0.000    0.000  -17.555
   12    6 S1  1   3.78  0.0000    16.384    0.000     1.062    16.384    0.000    0.000    0.000  -15.321
   12    7 S1  1   5.52  0.0000    13.145    0.000    -3.482    13.145    0.000    0.000    0.000  -16.627
   12    8 S1  1   4.74  0.0000    15.817    0.000    -3.005    15.817    0.000    0.000    0.000  -18.822
   12    9 S1  1   3.56  0.0000    21.541    0.000    -0.436    21.541    0.000    0.000    0.000  -21.977
   12   10 S1  1   2.22  0.0000    35.812    0.000    -3.054    35.812    0.000    0.000    0.000  -38.866
   12   11 C1  1   0.00  0.1121 -9402.011    0.331 -9460.581 -9148.974 -126.655  -89.050  -37.002  -58.901
   13    1 C1  1   1.70  0.0000    15.882    0.023    -3.199    16.153   -0.001    0.009   -0.256  -19.104
   13    2 C1  1   0.69 -0.0398   -35.891   -0.470   -50.611   -48.626   33.548  -11.055  -10.228  -14.250
   13    3 C1  1   1.43  0.0001    36.363   -0.195    14.336    36.868    0.007   -0.070   -0.637  -21.833
   13    4 S1  1   2.55  0.0000    19.606    0.000     3.363    19.606    0.000    0.000    0.000  -16.243
   13    5 S1  1   3.72  0.0000    15.561    0.000     5.478    15.561    0.000    0.000    0.000  -10.083
   13    6 S1  1   4.76  0.0000    13.013    0.000     3.820    13.013    0.000    0.000    0.000   -9.193
   13    7 S1  1   6.55  0.0000    10.329    0.000    -0.164    10.329    0.000    0.000    0.000  -10.494
   13    8 S1  1   5.59  0.0000    12.115    0.000     0.569    12.115    0.000    0.000    0.000  -11.545
   13    9 S1  1   4.05  0.0000    13.171    0.000     2.405    13.171    0.000    0.000    0.000  -10.766
   13   10 S1  1   3.08  0.0000    15.359    0.000     0.274    15.359    0.000    0.000    0.000  -15.085
   13   11 S1  1   2.12  0.0000    19.122    0.000     0.565    19.122    0.000    0.000    0.000  -18.557
   13   12 C1  1   0.00  0.1095 -9445.088   -0.114 -9476.137 -9187.864 -124.490  -90.476  -42.372  -30.935
   14    1 C1  0   0.68 -0.0171   -43.406    0.000   -36.872   -47.985   21.075   -7.786   -8.710    6.534
   14    2 C1  0   1.19 -0.0023    -2.899   -0.084    -3.969     0.035    0.835   -0.733   -3.119   -0.986
   14    3 S1  0   2.26  0.0000     2.879    0.000     2.933     2.879    0.000    0.000    0.000    0.054
   14    4 S1  0   3.53  0.0000     0.925    0.000     1.667     0.925    0.000    0.000    0.000    0.742
   14    5 S1  0   4.67  0.0000    -0.155    0.000     1.185    -0.155    0.000    0.000    0.000    1.339
   14    6 S1  0   5.81  0.0000     0.049    0.000     1.129     0.049    0.000    0.000    0.000    1.080
   14    7 S1  0   7.55  0.0000    -0.077    0.000     0.986    -0.077    0.000    0.000    0.000    1.063
   14    8 S1  0   6.55  0.0000     0.125    0.000     1.258     0.125    0.000    0.000    0.000    1.133
   14    9 S1  0   4.93  0.0000    -0.621    0.000     1.246    -0.621    0.000    0.000    0.000    1.867
   14   10 S1  0   4.01  0.0000    -1.864    0.000     1.354    -1.864    0.000    0.000    0.000    3.217
   14   11 S1  0   3.28  0.0000    -3.109    0.000     1.454    -3.109    0.000    0.000    0.000    4.563
   14   12 S1  0   2.19  0.0000    -8.838    0.000    -0.249    -8.838    0.000    0.000    0.000    8.589
   14   13 C1  0   0.00  0.1197 -9443.889   -0.361 -9436.719 -9197.138 -122.314  -87.116  -37.682    7.531
