    2    1 C1  1   0.00  0.1100 -9429.209   -0.134 -9489.043 -9177.355 -105.824  -93.948  -52.216  -59.700
    3    1 C1  1   1.89 -0.0000    23.193    0.065    -2.301    23.490   -0.001    0.133   -0.364  -25.559
    3    2 C1  1   0.00  0.0626 -9418.368   -0.427 -9475.522 -9158.524 -109.074  -98.976  -52.220  -56.728
    4    1 S1  1   2.60  0.0000    28.134    0.000    -6.036    28.134    0.000    0.000    0.000  -34.170
    4    2 C1  1   1.59 -0.0003    54.201    0.412    -3.162    54.804    0.000    0.269   -0.460  -57.775
    4    3 C1  1   0.00  0.0683 -9435.139   -0.202 -9495.925 -9167.698 -128.970  -99.603  -39.070  -60.584
    5    1 S1  1   2.81  0.0000    17.121    0.000    -0.805    17.121    0.000    0.000    0.000  -17.926
    5    2 S1  1   2.09  0.0000    21.536    0.000     1.165    21.536    0.000    0.000    0.000  -20.371
    5    3 C1  1   1.68  0.0000    23.911    0.108     6.430    24.295   -0.000    0.118   -0.394  -17.589
    5    4 C1  1   0.00  0.1317 -9457.116   -2.066 -9495.285 -9202.379 -114.785  -93.295  -48.724  -36.102
    6    1 S1  1   2.56  0.0000    25.068    0.000     0.667    25.068    0.000    0.000    0.000  -24.401
    6    2 S1  1   2.38  0.0000    26.037    0.000     2.445    26.037    0.000    0.000    0.000  -23.593
    6    3 S1  1   2.42  0.0000    23.558    0.000     7.342    23.558    0.000    0.000    0.000  -16.216
    6    4 C1  1   1.33  0.0017    25.454    0.231    -1.438    26.480    0.020   -0.206   -0.609  -27.122
    6    5 C1  1   0.00  0.0922 -9435.737   -0.049 -9469.650 -9179.003 -119.773  -93.124  -43.886  -33.863
    7    1 S1  1   4.33  0.0000    19.534    0.000    -4.446    19.534    0.000    0.000    0.000  -23.980
    7    2 S1  1   4.98  0.0000    17.828    0.000    -3.014    17.828    0.000    0.000    0.000  -20.842
    7    3 S1  1   4.96  0.0000    15.558    0.000     0.706    15.558    0.000    0.000    0.000  -14.852
    7    4 S1  1   3.75  0.0000    17.786    0.000    -4.244    17.786    0.000    0.000    0.000  -22.030
    7    5 C1  1   1.92  0.0000    22.671   -0.086    -1.562    22.580   -0.002    0.121   -0.115  -24.147
    7    6 C1  1   0.00  0.1263 -9423.314   -0.635 -9459.165 -9175.326 -123.596  -89.393  -35.633  -35.216
    8    1 S1  1   2.77  0.0000    49.091    0.000    -3.790    49.091    0.000    0.000    0.000  -52.881
    8    2 S1  1   3.30  0.0000    33.867    0.000    -2.399    33.867    0.000    0.000    0.000  -36.267
    8    3 S1  1   3.33  0.0000    23.651    0.000     3.140    23.651    0.000    0.000    0.000  -20.512
    8    4 S1  1   2.28  0.0000    25.734    0.000    -4.015    25.734    0.000    0.000    0.000  -29.749
    8    5 C1  1   1.51  0.0002     9.502   -0.597    -7.418     9.542    0.003   -0.172   -0.468  -16.324
    8    6 C1  1   0.72  0.0385    -4.524   -0.049   -33.198    -1.106   14.219   -5.547  -12.139  -28.624
    8    7 C1  1   0.00  0.1271 -9418.238    0.175 -9451.045 -9174.686 -123.875  -85.706  -33.797  -32.982
    9    1 S1  1   3.51  0.0000    24.170    0.000    -0.169    24.170    0.000    0.000    0.000  -24.339
    9    2 S1  1   3.53  0.0000    21.852    0.000     1.193    21.852    0.000    0.000    0.000  -20.659
    9    3 S1  1   3.41  0.0000    16.301    0.000     4.290    16.301    0.000    0.000    0.000  -12.011
    9    4 S1  1   2.63  0.0000    16.899    0.000    -1.095    16.899    0.000    0.000    0.000  -17.994
    9    5 C1  1   1.79  0.0000    18.294   -0.116     2.881    18.288   -0.002    0.077   -0.186  -15.297
    9    6 C1  1   0.70  0.0422    13.155   -0.471    -9.152     9.341   14.275   -4.889   -6.043  -21.836
    9    7 C1  1   0.76 -0.0397    19.488   -2.775   -17.803    15.047   11.234   -2.102   -7.466  -34.515
    9    8 C1  1   0.00  0.0960 -9410.480   -0.953 -9443.476 -9167.280 -113.264  -89.072  -41.817  -32.043
   10    1 S1  1   3.46  0.0000    24.035    0.000    -1.350    24.035    0.000    0.000    0.000  -25.385
   10    2 S1  1   2.95  0.0000    24.127    0.000     0.422    24.127    0.000    0.000    0.000  -23.705
   10    3 S1  1   2.38  0.0000    18.810    0.000     3.975    18.810    0.000    0.000    0.000  -14.835
   10    4 C1  1   1.31 -0.0013    15.722   -0.850    -6.226    15.825    0.053   -0.272   -0.734  -21.097
   10    5 C1  1   0.63  0.0244   -25.278    0.430   -35.833   -43.650   41.221  -12.029  -10.390  -10.984
   10    6 C1  1   1.09 -0.0030    17.560    0.057    -0.611    21.210    0.679   -1.127   -3.146  -18.228
   10    7 S1  1   2.43  0.0000    18.984    0.000    -3.239    18.984    0.000    0.000    0.000  -22.223
   10    8 S1  1   2.21  0.0000    28.564    0.000    -1.201    28.564    0.000    0.000    0.000  -29.765
   10    9 C1  1   0.00  0.1252 -9376.322    0.851 -9416.935 -9135.838 -115.352  -85.612  -38.669  -41.464
   11    1 S1  1   3.81  0.0000    20.045    0.000    -3.402    20.045    0.000    0.000    0.000  -23.447
   11    2 S1  1   2.71  0.0000    21.912    0.000    -1.594    21.912    0.000    0.000    0.000  -23.506
   11    3 S1  1   2.01  0.0000    21.998    0.000     3.596    21.998    0.000    0.000    0.000  -18.402
   11    4 C1  1   0.69 -0.0100     8.966   -0.294   -16.476    -8.168   36.013  -10.634   -8.539  -25.147
   11    5 C1  1   1.29 -0.0028    17.159    0.022    -1.964    18.219    0.019   -0.369   -0.689  -19.144
   11    6 S1  1   2.51  0.0000    19.083    0.000     1.579    19.083    0.000    0.000    0.000  -17.505
   11    7 S1  1   4.06  0.0000    15.009    0.000    -3.751    15.009    0.000    0.000    0.000  -18.760
   11    8 S1  1   3.45  0.0000    20.538    0.000    -2.972    20.538    0.000    0.000    0.000  -23.510
   11    9 S1  1   2.12  0.0000    26.825    0.000    -0.796    26.825    0.000    0.000    0.000  -27.621
   11   10 C1  1   0.00  0.1508 -9382.925   -0.035 -9438.035 -9137.991 -121.021  -86.722  -37.225  -55.075
   12    1 S1  1   2.92  0.0000    21.932    0.000    -3.621    21.932    0.000    0.000    0.000  -25.553
   12    2 C1  1   1.62 -0.0000    23.265   -0.496    -1.511    23.231   -0.001   -0.028   -0.433  -24.280
   12    3 C1  1   0.76  0.0351   -18.525   -0.670   -33.764   -21.292   17.888   -6.758   -9.032  -14.569
   12    4 C1  1   1.36  0.0001    13.074    0.110    -7.784    14.638    0.060   -0.316   -1.199  -20.968
   12    5 S1  1   2.13  0.0000    15.030    0.000    -0.162    15.030    0.000    0.000    0.000  -15.192
   12    6 S1  1   3.40  0.0000    16.600    0.000     0.990    16.600    0.000    0.000    0.000  -15.610
   12    7 S1  1   5.46  0.0000    13.639    0.000    -3.632    13.639    0.000    0.000    0.000  -17.270
   12    8 S1  1   4.09  0.0000    20.401    0.000    -3.270    20.401    0.000    0.000    0.000  -23.671
   12    9 S1  1   3.22  0.0000    27.420    0.000     0.250    27.420    0.000    0.000    0.000  -27.170
   12   10 S1  1   2.18  0.0000    40.341    0.000     0.421    40.341    0.000    0.000    0.000  -39.920
   12   11 C1  1   0.00  0.1175 -9379.979    0.025 -9438.311 -9135.247 -127.313  -84.553  -32.841  -58.357
   13    1 S1  1   2.09  0.0000    16.882    0.000    -4.721    16.882    0.000    0.000    0.000  -21.603
   13    2 C1  1   0.80 -0.0012   -16.171    0.194   -30.104   -11.820    5.557   -4.051   -5.663  -14.127
   13    3 C1  1   1.17 -0.0045    30.123    0.216    11.116    31.810    0.169   -0.382   -1.258  -19.223
   13    4 S1  1   2.31  0.0000    18.376    0.000     0.634    18.376    0.000    0.000    0.000  -17.742
   13    5 S1  1   2.83  0.0000    13.477    0.000     3.097    13.477    0.000    0.000    0.000  -10.380
   13    6 S1  1   3.89  0.0000    13.408    0.000     3.175    13.408    0.000    0.000    0.000  -10.232
   13    7 S1  1   5.52  0.0000    11.332    0.000    -0.766    11.332    0.000    0.000    0.000  -12.098
   13    8 S1  1   3.90  0.0000    16.850    0.000     0.350    16.850    0.000    0.000    0.000  -16.500
   13    9 S1  1   3.13  0.0000    16.949    0.000     2.398    16.949    0.000    0.000    0.000  -14.551
   13   10 S1  1   2.79  0.0000    19.690    0.000     1.979    19.690    0.000    0.000    0.000  -17.711
   13   11 S1  1   2.17  0.0000    23.188    0.000     0.473    23.188    0.000    0.000    0.000  -22.715
   13   12 C1  1   0.00  0.1132 -9422.155   -0.243 -9462.141 -9169.715 -125.996  -88.574  -38.113  -39.743
   14    1 C1  0   0.93 -0.0123   -26.766    0.078   -22.535   -22.422    2.859   -2.690   -4.435    4.153
   14    2 C1  0   0.80  0.0047   -18.361   -0.365   -13.577   -20.907   12.903   -3.652   -7.070    5.150
   14    3 C1  0   1.86  0.0000     5.325   -0.057     3.923     5.319   -0.001    0.063   -0.113   -1.345
   14    4 S1  0   3.27  0.0000     1.155    0.000     1.239     1.155    0.000    0.000    0.000    0.085
   14    5 S1  0   3.61  0.0000     0.215    0.000     0.805     0.215    0.000    0.000    0.000    0.590
   14    6 S1  0   4.44  0.0000    -0.401    0.000     0.544    -0.401    0.000    0.000    0.000    0.945
   14    7 S1  0   6.03  0.0000    -0.537    0.000     0.665    -0.537    0.000    0.000    0.000    1.202
   14    8 S1  0   4.19  0.0000    -1.600    0.000     0.715    -1.600    0.000    0.000    0.000    2.316
   14    9 S1  0   3.83  0.0000    -3.030    0.000     0.135    -3.030    0.000    0.000    0.000    3.164
   14   10 S1  0   3.75  0.0000    -2.789    0.000     0.292    -2.789    0.000    0.000    0.000    3.081
   14   11 S1  0   3.31  0.0000    -2.229    0.000     0.752    -2.229    0.000    0.000    0.000    2.981
   14   12 S1  0   2.17  0.0000    -7.135    0.000    -1.403    -7.135    0.000    0.000    0.000    5.731
   14   13 C1  0   0.00  0.0985 -9458.991   -0.619 -9453.511 -9207.962 -125.905  -88.844  -36.899    6.099
