    2    1 C1  1   0.00  0.1104 -9375.254    0.344 -9409.865 -9145.989  -99.235  -87.571  -42.115  -34.955
    3    1 C1  1   1.47  0.0002    16.864   -0.081    -3.153    17.184    0.000   -0.010   -0.391  -19.937
    3    2 C1  1   0.00  0.1496 -9389.171    0.606 -9421.908 -9155.649 -104.901  -87.862  -40.153  -33.344
    4    1 S1  1   2.59  0.0000    17.437    0.000    -0.914    17.437    0.000    0.000    0.000  -18.351
    4    2 S1  1   2.36  0.0000    20.723    0.000    -1.836    20.723    0.000    0.000    0.000  -22.559
    4    3 C1  1   0.00  0.1188 -9410.207    0.055 -9451.569 -9161.336 -124.976  -87.519  -36.321  -41.417
    5    1 S1  1   3.78  0.0000    17.831    0.000     4.866    17.831    0.000    0.000    0.000  -12.965
    5    2 S1  1   3.63  0.0000    16.654    0.000     4.234    16.654    0.000    0.000    0.000  -12.419
    5    3 S1  1   2.15  0.0000    20.925    0.000     7.395    20.925    0.000    0.000    0.000  -13.530
    5    4 C1  1   0.00  0.1147 -9429.246   -0.057 -9457.281 -9182.276 -107.469  -91.434  -48.125  -27.978
    6    1 S1  1   4.89  0.0000    15.701    0.000     2.090    15.701    0.000    0.000    0.000  -13.610
    6    2 S1  1   4.80  0.0000    15.513    0.000     1.726    15.513    0.000    0.000    0.000  -13.786
    6    3 S1  1   3.24  0.0000    21.334    0.000     3.204    21.334    0.000    0.000    0.000  -18.130
    6    4 C1  1   1.68  0.0000    27.484    0.353     1.190    28.203   -0.001   -0.006   -0.358  -26.648
    6    5 C1  1   0.00  0.1120 -9415.852    0.320 -9451.284 -9161.294 -123.544  -91.317  -39.377  -35.752
    7    1 S1  1   6.66  0.0000    12.258    0.000    -1.638    12.258    0.000    0.000    0.000  -13.896
    7    2 S1  1   7.02  0.0000    11.924    0.000    -1.607    11.924    0.000    0.000    0.000  -13.532
    7    3 S1  1   5.79  0.0000    14.558    0.000    -1.190    14.558    0.000    0.000    0.000  -15.748
    7    4 S1  1   4.00  0.0000    17.501    0.000    -2.702    17.501    0.000    0.000    0.000  -20.203
    7    5 S1  1   2.09  0.0000    21.264    0.000    -0.176    21.264    0.000    0.000    0.000  -21.440
    7    6 C1  1   0.00  0.1373 -9426.941   -1.269 -9460.836 -9180.994 -124.623  -88.334  -34.259  -32.627
    8    1 S1  1   5.57  0.0000    16.514    0.000    -0.693    16.514    0.000    0.000    0.000  -17.206
    8    2 S1  1   5.70  0.0000    16.054    0.000    -0.559    16.054    0.000    0.000    0.000  -16.612
    8    3 S1  1   4.25  0.0000    19.399    0.000     0.095    19.399    0.000    0.000    0.000  -19.305
    8    4 S1  1   2.74  0.0000    19.736    0.000    -1.722    19.736    0.000    0.000    0.000  -21.458
    8    5 C1  1   1.90 -0.0000    14.751   -1.088     0.631    13.977   -0.002   -0.039   -0.273  -13.032
    8    6 C1  1   0.88  0.0120    -3.332   -0.888   -25.474     3.136    6.286   -3.347  -10.295  -21.254
    8    7 C1  1   0.00  0.1247 -9421.036   -0.655 -9460.310 -9175.875 -122.049  -88.631  -35.136  -38.618
    9    1 S1  1   4.35  0.0000    19.648    0.000     1.366    19.648    0.000    0.000    0.000  -18.282
    9    2 S1  1   5.12  0.0000    16.194    0.000     1.294    16.194    0.000    0.000    0.000  -14.900
    9    3 S1  1   4.64  0.0000    16.082    0.000     1.536    16.082    0.000    0.000    0.000  -14.546
    9    4 S1  1   3.12  0.0000    16.165    0.000     0.154    16.165    0.000    0.000    0.000  -16.011
    9    5 S1  1   2.24  0.0000    20.401    0.000     4.996    20.401    0.000    0.000    0.000  -15.405
    9    6 C1  1   0.66  0.0256    11.320   -0.791   -12.803     1.860   23.026   -6.583   -7.775  -23.332
    9    7 C1  1   0.86 -0.0222    14.919   -1.076   -15.909    16.853    4.087   -2.182   -4.916  -29.752
    9    8 C1  1   0.00  0.0918 -9417.162   -0.010 -9449.901 -9166.624 -124.539  -87.425  -38.585  -32.728
   10    1 S1  1   3.05  0.0000    31.420    0.000    -1.398    31.420    0.000    0.000    0.000  -32.818
   10    2 S1  1   3.92  0.0000    22.306    0.000    -1.584    22.306    0.000    0.000    0.000  -23.890
   10    3 S1  1   3.27  0.0000    18.387    0.000    -3.673    18.387    0.000    0.000    0.000  -22.060
   10    4 C1  1   1.48  0.0005    14.037   -0.634    -7.849    14.424    0.005   -0.319   -0.706  -21.252
   10    5 C1  1   0.63  0.0655   -26.674   -0.323   -42.329   -38.638   30.327   -9.609   -9.078  -15.332
   10    6 C1  1   1.17 -0.0032    18.274    0.192    -4.216    21.410    0.283   -0.714   -2.514  -22.682
   10    7 S1  1   3.02  0.0000    17.915    0.000    -5.471    17.915    0.000    0.000    0.000  -23.385
   10    8 S1  1   2.21  0.0000    28.739    0.000    -4.372    28.739    0.000    0.000    0.000  -33.111
   10    9 C1  1   0.00  0.1202 -9390.989    1.069 -9433.058 -9145.179 -123.947  -84.893  -35.900  -43.138
   11    1 S1  1   2.16  0.0000    29.278    0.000     1.380    29.278    0.000    0.000    0.000  -27.898
   11    2 S1  1   2.85  0.0000    26.666    0.000     1.947    26.666    0.000    0.000    0.000  -24.719
   11    3 S1  1   2.02  0.0000    21.634    0.000     0.815    21.634    0.000    0.000    0.000  -20.819
   11    4 C1  1   0.64 -0.0000    -0.844   -0.379   -21.235   -24.653   45.066  -12.462   -9.174  -20.012
   11    5 C1  1   1.53  0.0003    25.843    0.022     4.285    26.279    0.001    0.091   -0.506  -21.579
   11    6 S1  1   2.76  0.0000    19.959    0.000     2.448    19.959    0.000    0.000    0.000  -17.510
   11    7 S1  1   4.15  0.0000    14.478    0.000    -2.329    14.478    0.000    0.000    0.000  -16.807
   11    8 S1  1   3.69  0.0000    16.083    0.000    -1.213    16.083    0.000    0.000    0.000  -17.296
   11    9 S1  1   2.37  0.0000    19.082    0.000     0.945    19.082    0.000    0.000    0.000  -18.137
   11   10 C1  1   0.00  0.1170 -9399.589    0.872 -9430.026 -9158.101 -120.871  -85.093  -34.652  -31.310
   12    1 C1  1   1.82 -0.0000    31.759   -0.540    -1.145    31.426   -0.001    0.084   -0.290  -32.364
   12    2 C1  1   1.31  0.0005    30.324   -0.583    -0.353    31.163    0.069   -0.225   -1.266  -30.094
   12    3 C1  1   0.63  0.0261   -30.904   -0.722   -51.643   -61.429   57.788  -16.690  -11.295  -20.017
   12    4 C1  1   1.18 -0.0005    15.553    0.262    -8.375    18.660    0.513   -0.618   -2.739  -24.190
   12    5 S1  1   2.08  0.0000    28.487    0.000     2.374    28.487    0.000    0.000    0.000  -26.113
   12    6 S1  1   3.47  0.0000    19.050    0.000     0.030    19.050    0.000    0.000    0.000  -19.021
   12    7 S1  1   4.85  0.0000    13.417    0.000    -3.758    13.417    0.000    0.000    0.000  -17.174
   12    8 S1  1   4.78  0.0000    13.458    0.000    -2.996    13.458    0.000    0.000    0.000  -16.454
   12    9 S1  1   4.36  0.0000    16.474    0.000    -0.841    16.474    0.000    0.000    0.000  -17.315
   12   10 S1  1   2.33  0.0000    21.069    0.000    -5.521    21.069    0.000    0.000    0.000  -26.590
   12   11 C1  1   0.00  0.1176 -9378.800    0.999 -9421.058 -9138.585 -116.228  -85.853  -37.135  -43.258
   13    1 C1  1   1.74  0.0000    21.956   -0.462     3.138    21.606   -0.001    0.086   -0.198  -18.356
   13    2 C1  1   0.70  0.0189    -0.151   -0.812   -19.429    -2.961   11.768   -4.303   -5.467  -18.467
   13    3 C1  1   1.34  0.0001    35.634   -0.274     7.744    36.602    0.037   -0.279   -1.000  -27.616
   13    4 C1  1   1.91 -0.0000    26.206   -0.022     2.042    26.473   -0.002    0.004   -0.292  -24.142
   13    5 S1  1   2.79  0.0000    21.412    0.000     6.557    21.412    0.000    0.000    0.000  -14.855
   13    6 S1  1   4.25  0.0000    15.230    0.000     2.878    15.230    0.000    0.000    0.000  -12.352
   13    7 S1  1   5.98  0.0000    11.113    0.000    -0.544    11.113    0.000    0.000    0.000  -11.658
   13    8 S1  1   5.59  0.0000    11.872    0.000     0.263    11.872    0.000    0.000    0.000  -11.609
   13    9 S1  1   5.75  0.0000    12.226    0.000     1.962    12.226    0.000    0.000    0.000  -10.264
   13   10 S1  1   3.82  0.0000    13.526    0.000    -1.175    13.526    0.000    0.000    0.000  -14.700
   13   11 C1  1   1.87  0.0000    17.598   -0.133     1.320    17.523   -0.002    0.046   -0.102  -16.145
   13   12 C1  1   0.00  0.1236 -9403.355    0.117 -9431.188 -9165.171 -111.455  -85.253  -41.359  -27.950
   14    1 C1  0   1.16  0.0065    -6.121   -0.101    -4.836    -5.124    0.067   -0.315   -0.849    1.386
   14    2 C1  0   0.75 -0.0218   -11.658   -0.643   -14.692   -17.760   17.272   -3.988   -7.824   -2.392
   14    3 S1  0   2.16  0.0000     1.664    0.000    -0.652     1.664    0.000    0.000    0.000   -2.316
   14    4 S1  0   3.17  0.0000    -0.081    0.000    -0.541    -0.081    0.000    0.000    0.000   -0.459
   14    5 S1  0   4.44  0.0000    -1.432    0.000    -1.052    -1.432    0.000    0.000    0.000    0.380
   14    6 S1  0   5.86  0.0000    -0.457    0.000    -0.515    -0.457    0.000    0.000    0.000   -0.058
   14    7 S1  0   7.77  0.0000    -0.227    0.000    -0.215    -0.227    0.000    0.000    0.000    0.012
   14    8 S1  0   7.11  0.0000     0.133    0.000    -0.223     0.133    0.000    0.000    0.000   -0.356
   14    9 S1  0   6.72  0.0000    -0.186    0.000    -0.375    -0.186    0.000    0.000    0.000   -0.189
   14   10 S1  0   4.91  0.0000    -0.093    0.000    -0.270    -0.093    0.000    0.000    0.000   -0.177
   14   11 S1  0   3.28  0.0000    -2.424    0.000    -1.199    -2.424    0.000    0.000    0.000    1.224
   14   12 S1  0   2.27  0.0000    -6.616    0.000    -2.449    -6.616    0.000    0.000    0.000    4.168
   14   13 C1  0   0.00  0.1457 -9444.570   -1.174 -9442.374 -9202.426 -118.060  -86.117  -39.141    3.370
