    2    1 C1  1   0.00  0.1016 -9419.536    0.435 -9493.315 -9171.553 -103.973  -93.461  -50.114  -74.214
    3    1 C1  1   1.46  0.0007    34.433    0.358    -3.648    35.280    0.006    0.134   -0.629  -38.438
    3    2 C1  1   0.00  0.1184 -9460.201    0.285 -9513.573 -9190.807 -119.622  -99.760  -49.727  -53.656
    4    1 S1  1   2.85  0.0000    25.580    0.000    -5.373    25.580    0.000    0.000    0.000  -30.953
    4    2 S1  1   2.01  0.0000    27.151    0.000    -4.737    27.151    0.000    0.000    0.000  -31.888
    4    3 C1  1   0.00  0.0941 -9431.357   -0.432 -9470.999 -9182.648 -121.922  -89.904  -37.315  -39.210
    5    1 S1  1   4.21  0.0000    16.743    0.000     1.054    16.743    0.000    0.000    0.000  -15.690
    5    2 S1  1   3.73  0.0000    18.328    0.000     1.566    18.328    0.000    0.000    0.000  -16.762
    5    3 C1  1   1.97 -0.0000    26.904   -0.109     9.245    26.762   -0.002    0.125   -0.090  -17.550
    5    4 C1  1   0.00  0.1080 -9431.870    0.240 -9462.209 -9185.258 -110.986  -91.279  -44.107  -30.579
    6    1 S1  1   5.62  0.0000    14.649    0.000     0.154    14.649    0.000    0.000    0.000  -14.496
    6    2 S1  1   5.17  0.0000    14.903    0.000     0.674    14.903    0.000    0.000    0.000  -14.229
    6    3 S1  1   3.63  0.0000    20.145    0.000     6.367    20.145    0.000    0.000    0.000  -13.778
    6    4 C1  1   1.83  0.0000    24.276    0.055     1.944    24.550   -0.002    0.016   -0.232  -22.388
    6    5 C1  1   0.00  0.0974 -9427.159    0.266 -9457.373 -9176.687 -120.142  -90.363  -39.702  -30.480
    7    1 S1  1   6.50  0.0000    11.593    0.000    -3.690    11.593    0.000    0.000    0.000  -15.283
    7    2 S1  1   5.42  0.0000    11.632    0.000    -3.270    11.632    0.000    0.000    0.000  -14.902
    7    3 S1  1   4.19  0.0000    15.742    0.000    -0.110    15.742    0.000    0.000    0.000  -15.852
    7    4 S1  1   3.12  0.0000    16.761    0.000    -3.866    16.761    0.000    0.000    0.000  -20.626
    7    5 C1  1   1.75  0.0000    25.081   -0.267    -0.230    24.926   -0.002    0.075   -0.186  -25.045
    7    6 C1  1   0.00  0.1249 -9433.354   -0.662 -9470.348 -9181.662 -126.660  -90.183  -35.511  -36.333
    8    1 S1  1   6.91  0.0000    11.982    0.000    -3.452    11.982    0.000    0.000    0.000  -15.434
    8    2 S1  1   6.33  0.0000    11.344    0.000    -2.956    11.344    0.000    0.000    0.000  -14.300
    8    3 S1  1   4.82  0.0000    13.577    0.000    -0.438    13.577    0.000    0.000    0.000  -14.015
    8    4 S1  1   2.81  0.0000    16.848    0.000    -3.810    16.848    0.000    0.000    0.000  -20.657
    8    5 C1  1   1.44  0.0002    16.198   -0.848    -3.417    15.699    0.006   -0.032   -0.323  -18.767
    8    6 C1  1   0.81  0.0448    -2.955   -0.081   -29.059    -1.922   13.573   -5.484   -9.203  -26.024
    8    7 C1  1   0.00  0.1280 -9426.087    0.522 -9461.764 -9178.483 -126.958  -86.605  -33.519  -36.198
    9    1 S1  1   6.77  0.0000    13.723    0.000    -0.938    13.723    0.000    0.000    0.000  -14.661
    9    2 S1  1   6.46  0.0000    12.802    0.000    -0.472    12.802    0.000    0.000    0.000  -13.274
    9    3 S1  1   5.20  0.0000    15.943    0.000     3.681    15.943    0.000    0.000    0.000  -12.261
    9    4 S1  1   3.56  0.0000    17.505    0.000     0.074    17.505    0.000    0.000    0.000  -17.431
    9    5 S1  1   2.55  0.0000    20.754    0.000     5.329    20.754    0.000    0.000    0.000  -15.425
    9    6 C1  1   0.76  0.0268    22.903   -0.279    -0.263    24.172    6.994   -3.255   -5.287  -22.888
    9    7 C1  1   0.83 -0.0366    14.911   -2.202   -19.676    15.283    4.968   -1.768   -5.775  -32.385
    9    8 C1  1   0.00  0.0916 -9417.013   -0.832 -9458.827 -9167.487 -117.966  -90.264  -42.128  -40.981
   10    1 S1  1   5.09  0.0000    17.712    0.000    -4.317    17.712    0.000    0.000    0.000  -22.029
   10    2 S1  1   4.66  0.0000    15.428    0.000    -3.666    15.428    0.000    0.000    0.000  -19.094
   10    3 S1  1   3.50  0.0000    16.292    0.000    -1.349    16.292    0.000    0.000    0.000  -17.641
   10    4 C1  1   1.57  0.0003    17.105   -0.360    -6.623    17.151    0.000   -0.027   -0.379  -23.368
   10    5 C1  1   0.72  0.0592   -18.362   -0.024   -31.406   -21.516   18.420   -5.881   -9.409  -13.020
   10    6 C1  1   1.10 -0.0021    17.989    0.205    -6.636    23.072    1.472   -1.448   -4.902  -24.830
   10    7 S1  1   2.51  0.0000    17.307    0.000    -5.675    17.307    0.000    0.000    0.000  -22.982
   10    8 S1  1   2.03  0.0000    28.848    0.000    -5.183    28.848    0.000    0.000    0.000  -34.031
   10    9 C1  1   0.00  0.1066 -9420.861    0.445 -9463.126 -9168.222 -125.546  -87.833  -38.816  -42.709
   11    1 S1  1   4.11  0.0000    22.721    0.000    -2.688    22.721    0.000    0.000    0.000  -25.410
   11    2 S1  1   3.42  0.0000    19.565    0.000    -2.497    19.565    0.000    0.000    0.000  -22.062
   11    3 S1  1   2.52  0.0000    23.695    0.000     3.718    23.695    0.000    0.000    0.000  -19.977
   11    4 C1  1   0.70 -0.0111     5.539    0.193   -16.641     0.174   17.962   -6.131   -6.273  -22.373
   11    5 C1  1   1.17 -0.0037    16.273    0.110     0.577    17.734    0.106   -0.472   -0.985  -15.806
   11    6 S1  1   2.67  0.0000    19.480    0.000     3.023    19.480    0.000    0.000    0.000  -16.457
   11    7 S1  1   3.34  0.0000    16.540    0.000    -3.228    16.540    0.000    0.000    0.000  -19.768
   11    8 S1  1   3.96  0.0000    16.702    0.000    -2.503    16.702    0.000    0.000    0.000  -19.205
   11    9 C1  1   1.96 -0.0000    21.437    0.023     0.719    21.552   -0.002    0.034   -0.125  -20.741
   11   10 C1  1   0.00  0.0883 -9439.175    0.282 -9478.124 -9186.414 -124.105  -90.109  -38.264  -39.232
   12    1 S1  1   2.87  0.0000    22.464    0.000    -6.542    22.464    0.000    0.000    0.000  -29.005
   12    2 C1  1   1.53 -0.0000    21.374   -0.087    -4.949    21.750    0.000    0.165   -0.629  -26.236
   12    3 C1  1   0.63  0.0541   -29.114   -0.214   -47.206   -57.476   54.899  -14.485  -12.267  -17.878
   12    4 C1  1   1.32 -0.0006    13.654    0.279    -7.498    15.465    0.100   -0.200   -1.432  -21.432
   12    5 S1  1   2.47  0.0000    16.112    0.000     0.264    16.112    0.000    0.000    0.000  -15.847
   12    6 S1  1   3.81  0.0000    16.568    0.000     0.700    16.568    0.000    0.000    0.000  -15.869
   12    7 S1  1   3.64  0.0000    15.568    0.000    -4.201    15.568    0.000    0.000    0.000  -19.768
   12    8 S1  1   5.32  0.0000    13.885    0.000    -3.359    13.885    0.000    0.000    0.000  -17.244
   12    9 S1  1   3.99  0.0000    17.966    0.000    -0.211    17.966    0.000    0.000    0.000  -18.177
   12   10 S1  1   2.05  0.0000    23.922    0.000    -4.620    23.922    0.000    0.000    0.000  -28.542
   12   11 C1  1   0.00  0.0980 -9424.108    0.671 -9469.138 -9181.046 -113.417  -89.713  -39.260  -45.701
   13    1 C1  1   1.88  0.0000    15.586    0.063    -2.898    15.730   -0.001    0.068   -0.148  -18.547
   13    2 C1  1   0.71 -0.0348   -20.192   -0.108   -36.838   -32.215   30.976   -8.634  -10.427  -16.539
   13    3 C1  1   1.33 -0.0002    41.779   -0.175    18.868    42.635    0.036   -0.194   -0.873  -22.737
   13    4 S1  1   2.84  0.0000    19.808    0.000     2.793    19.808    0.000    0.000    0.000  -17.015
   13    5 S1  1   4.05  0.0000    18.775    0.000     7.190    18.775    0.000    0.000    0.000  -11.585
   13    6 S1  1   5.15  0.0000    16.219    0.000     5.873    16.219    0.000    0.000    0.000  -10.346
   13    7 S1  1   4.26  0.0000    15.016    0.000     0.550    15.016    0.000    0.000    0.000  -14.466
   13    8 S1  1   6.68  0.0000    10.967    0.000     0.119    10.967    0.000    0.000    0.000  -10.848
   13    9 S1  1   5.59  0.0000    13.573    0.000     3.841    13.573    0.000    0.000    0.000   -9.732
   13   10 S1  1   3.82  0.0000    13.116    0.000     0.243    13.116    0.000    0.000    0.000  -12.873
   13   11 S1  1   2.14  0.0000    17.961    0.000     3.458    17.961    0.000    0.000    0.000  -14.503
   13   12 C1  1   0.00  0.1065 -9421.842    0.402 -9444.944 -9174.207 -120.360  -87.969  -38.905  -23.504
   14    1 C1  0   0.77 -0.0442   -23.312   -0.324   -20.465   -22.896    6.289   -2.842   -4.187    3.172
   14    2 C1  0   0.99 -0.0063     2.861    0.311     1.006     4.365    5.269   -0.821   -5.641   -2.165
   14    3 S1  0   2.54  0.0000     2.500    0.000     4.579     2.500    0.000    0.000    0.000    2.078
   14    4 S1  0   4.11  0.0000     0.917    0.000     2.492     0.917    0.000    0.000    0.000    1.575
   14    5 S1  0   5.39  0.0000     0.233    0.000     2.156     0.233    0.000    0.000    0.000    1.923
   14    6 S1  0   6.64  0.0000    -0.085    0.000     1.815    -0.085    0.000    0.000    0.000    1.900
   14    7 S1  0   5.57  0.0000    -0.322    0.000     1.656    -0.322    0.000    0.000    0.000    1.979
   14    8 S1  0   8.17  0.0000    -0.201    0.000     1.399    -0.201    0.000    0.000    0.000    1.600
   14    9 S1  0   7.12  0.0000    -0.407    0.000     1.609    -0.407    0.000    0.000    0.000    2.016
   14   10 S1  0   5.26  0.0000    -0.686    0.000     1.922    -0.686    0.000    0.000    0.000    2.608
   14   11 S1  0   3.56  0.0000    -1.962    0.000     2.714    -1.962    0.000    0.000    0.000    4.675
   14   12 S1  0   2.22  0.0000    -6.855    0.000     2.352    -6.855    0.000    0.000    0.000    9.207
   14   13 C1  0   0.00  0.1318 -9427.219   -0.113 -9418.418 -9187.205 -118.698  -85.465  -35.964    8.914
