    2    1 C1  1   0.00  0.1207 -9378.758    0.203 -9445.331 -9129.890 -117.391  -88.825  -42.451  -66.775
    3    1 S1  1   2.19  0.0000    15.044    0.000    -0.206    15.044    0.000    0.000    0.000  -15.250
    3    2 C1  1   0.00  0.1301 -9433.434    0.062 -9454.933 -9184.642 -120.424  -87.329  -40.976  -21.562
    4    1 S1  1   3.71  0.0000    16.279    0.000    -1.972    16.279    0.000    0.000    0.000  -18.251
    4    2 S1  1   2.35  0.0000    18.589    0.000    -4.345    18.589    0.000    0.000    0.000  -22.934
    4    3 C1  1   0.00  0.1368 -9390.419    0.135 -9433.707 -9150.266 -118.339  -86.319  -35.360  -43.423
    5    1 S1  1   4.17  0.0000    14.569    0.000     2.309    14.569    0.000    0.000    0.000  -12.260
    5    2 S1  1   3.04  0.0000    14.488    0.000     0.991    14.488    0.000    0.000    0.000  -13.497
    5    3 C1  1   1.67  0.0001    17.489    0.035     5.637    17.621   -0.001    0.127   -0.223  -11.888
    5    4 C1  1   0.00  0.1213 -9389.852    0.189 -9423.671 -9144.660 -115.791  -87.217  -41.996  -34.007
    6    1 S1  1   4.95  0.0000    15.832    0.000     1.508    15.832    0.000    0.000    0.000  -14.324
    6    2 S1  1   3.79  0.0000    17.827    0.000     0.598    17.827    0.000    0.000    0.000  -17.229
    6    3 S1  1   2.48  0.0000    23.857    0.000     5.025    23.857    0.000    0.000    0.000  -18.832
    6    4 C1  1   1.97  0.0000    24.814    0.115     0.878    25.299   -0.002   -0.041   -0.328  -24.050
    6    5 C1  1   0.00  0.1195 -9414.250    0.196 -9441.924 -9164.912 -122.755  -88.463  -37.924  -27.870
    7    1 S1  1   5.94  0.0000    14.091    0.000    -2.833    14.091    0.000    0.000    0.000  -16.925
    7    2 S1  1   5.65  0.0000    14.825    0.000    -3.585    14.825    0.000    0.000    0.000  -18.410
    7    3 S1  1   5.23  0.0000    15.207    0.000    -0.861    15.207    0.000    0.000    0.000  -16.067
    7    4 S1  1   4.37  0.0000    16.065    0.000    -3.776    16.065    0.000    0.000    0.000  -19.841
    7    5 C1  1   2.00  0.0000    20.692   -0.320    -2.044    20.396   -0.002    0.083   -0.105  -22.416
    7    6 C1  1   0.00  0.1442 -9420.440   -1.161 -9456.803 -9177.535 -121.904  -87.662  -34.501  -35.202
    8    1 S1  1   4.56  0.0000    23.455    0.000    -1.920    23.455    0.000    0.000    0.000  -25.375
    8    2 S1  1   4.18  0.0000    25.239    0.000    -2.806    25.239    0.000    0.000    0.000  -28.045
    8    3 S1  1   3.63  0.0000    21.578    0.000     1.034    21.578    0.000    0.000    0.000  -20.544
    8    4 S1  1   3.08  0.0000    18.256    0.000    -3.152    18.256    0.000    0.000    0.000  -21.409
    8    5 C1  1   1.97 -0.0000    15.294   -0.979    -1.304    14.576   -0.002   -0.013   -0.246  -15.619
    8    6 C1  1   0.67  0.0478   -10.435   -0.713   -35.486   -13.283   18.339   -4.530  -11.675  -24.338
    8    7 C1  1   0.00  0.1262 -9415.763   -1.522 -9457.549 -9173.401 -119.607  -89.243  -35.035  -40.264
    9    1 S1  1   3.75  0.0000    27.341    0.000     1.540    27.341    0.000    0.000    0.000  -25.801
    9    2 S1  1   3.91  0.0000    25.645    0.000     0.249    25.645    0.000    0.000    0.000  -25.396
    9    3 S1  1   3.44  0.0000    16.235    0.000     3.000    16.235    0.000    0.000    0.000  -13.235
    9    4 S1  1   2.62  0.0000    16.354    0.000    -0.031    16.354    0.000    0.000    0.000  -16.385
    9    5 S1  1   2.11  0.0000    20.661    0.000     4.932    20.661    0.000    0.000    0.000  -15.728
    9    6 C1  1   0.67 -0.0009     4.938   -0.838   -17.168    -2.797   21.643   -7.542   -7.205  -21.267
    9    7 C1  1   0.77 -0.0291    13.687   -1.444   -20.092    13.347    6.944   -2.338   -5.708  -32.336
    9    8 C1  1   0.00  0.0862 -9428.765   -0.187 -9465.107 -9173.624 -123.760  -90.504  -41.064  -36.155
   10    1 S1  1   3.94  0.0000    30.452    0.000    -0.210    30.452    0.000    0.000    0.000  -30.662
   10    2 S1  1   3.37  0.0000    30.239    0.000    -1.587    30.239    0.000    0.000    0.000  -31.826
   10    3 S1  1   2.63  0.0000    18.953    0.000     0.953    18.953    0.000    0.000    0.000  -18.000
   10    4 C1  1   1.07 -0.0060    11.487   -0.613    -8.181    12.722    0.627   -0.792   -1.683  -19.055
   10    5 C1  1   0.70  0.0481   -30.533    0.158   -43.763   -38.985   26.607   -8.235   -9.762  -13.388
   10    6 C1  1   1.09 -0.0044    16.639   -0.033    -2.667    20.145    0.628   -0.985   -3.182  -19.274
   10    7 S1  1   2.70  0.0000    18.741    0.000    -4.950    18.741    0.000    0.000    0.000  -23.691
   10    8 S1  1   2.04  0.0000    30.353    0.000    -2.191    30.353    0.000    0.000    0.000  -32.544
   10    9 C1  1   0.00  0.1017 -9414.584    0.682 -9456.915 -9163.288 -122.763  -87.821  -40.030  -43.013
   11    1 S1  1   3.76  0.0000    24.325    0.000    -2.130    24.325    0.000    0.000    0.000  -26.455
   11    2 S1  1   2.72  0.0000    22.821    0.000    -3.697    22.821    0.000    0.000    0.000  -26.518
   11    3 C1  1   1.80 -0.0000    20.634   -0.506     0.721    20.282   -0.002    0.023   -0.175  -19.408
   11    4 C1  1   0.64  0.0009     2.859   -0.963   -20.400   -17.249   37.534  -10.585   -7.805  -22.296
   11    5 C1  1   1.59  0.0002    23.868    0.079     0.765    24.443    0.000   -0.013   -0.483  -23.182
   11    6 S1  1   2.56  0.0000    19.420    0.000     1.220    19.420    0.000    0.000    0.000  -18.200
   11    7 S1  1   4.09  0.0000    15.653    0.000    -4.525    15.653    0.000    0.000    0.000  -20.178
   11    8 S1  1   3.27  0.0000    18.807    0.000    -3.147    18.807    0.000    0.000    0.000  -21.954
   11    9 S1  1   2.07  0.0000    24.092    0.000    -0.913    24.092    0.000    0.000    0.000  -25.005
   11   10 C1  1   0.00  0.0997 -9420.025    0.327 -9471.413 -9164.384 -122.107  -91.013  -42.195  -51.715
   12    1 S1  1   2.83  0.0000    27.878    0.000    -0.786    27.878    0.000    0.000    0.000  -28.664
   12    2 C1  1   1.58 -0.0001    27.772   -1.056    -0.082    27.742    0.000   -0.364   -0.663  -26.798
   12    3 C1  1   0.63  0.0176   -32.653   -0.902   -44.524   -48.096   36.678  -12.058  -10.079  -10.969
   12    4 C1  1   1.43  0.0003    12.735    0.079    -5.568    14.975    0.046   -0.474   -1.732  -18.382
   12    5 S1  1   2.62  0.0000    20.090    0.000     2.955    20.090    0.000    0.000    0.000  -17.135
   12    6 S1  1   3.73  0.0000    15.687    0.000     1.173    15.687    0.000    0.000    0.000  -14.514
   12    7 S1  1   5.63  0.0000    13.189    0.000    -3.461    13.189    0.000    0.000    0.000  -16.650
   12    8 S1  1   4.54  0.0000    16.199    0.000    -2.460    16.199    0.000    0.000    0.000  -18.659
   12    9 S1  1   3.41  0.0000    22.498    0.000     0.702    22.498    0.000    0.000    0.000  -21.796
   12   10 S1  1   2.16  0.0000    38.509    0.000    -0.372    38.509    0.000    0.000    0.000  -38.880
   12   11 C1  1   0.00  0.1169 -9396.360    0.284 -9457.395 -9144.281 -126.418  -88.852  -36.525  -61.319
   13    1 C1  1   1.76  0.0000    18.086   -0.353    -1.368    18.036   -0.001    0.023   -0.325  -19.101
   13    2 C1  1   0.67 -0.0243   -31.042    0.051   -45.437   -39.767   28.168   -9.931   -9.461  -14.446
   13    3 C1  1   1.04  0.0008    34.479   -0.406    13.521    35.984    0.559   -0.760   -1.710  -20.552
   13    4 S1  1   2.53  0.0000    19.742    0.000     2.129    19.742    0.000    0.000    0.000  -17.614
   13    5 S1  1   3.71  0.0000    15.820    0.000     4.958    15.820    0.000    0.000    0.000  -10.862
   13    6 S1  1   4.68  0.0000    12.876    0.000     3.148    12.876    0.000    0.000    0.000   -9.727
   13    7 S1  1   6.30  0.0000    10.497    0.000    -0.774    10.497    0.000    0.000    0.000  -11.271
   13    8 S1  1   5.35  0.0000    12.694    0.000     0.332    12.694    0.000    0.000    0.000  -12.361
   13    9 S1  1   3.78  0.0000    13.963    0.000     2.441    13.963    0.000    0.000    0.000  -11.522
   13   10 S1  1   2.85  0.0000    16.696    0.000     0.757    16.696    0.000    0.000    0.000  -15.939
   13   11 S1  1   2.08  0.0000    20.788    0.000    -0.510    20.788    0.000    0.000    0.000  -21.298
   13   12 C1  1   0.00  0.1033 -9441.907   -0.156 -9476.571 -9184.833 -123.021  -91.005  -43.204  -34.508
   14    1 C1  0   0.81 -0.0154   -28.984   -0.631   -20.511   -31.995   14.338   -4.274   -7.684    9.104
   14    2 C1  0   1.00  0.0048   -10.994   -0.075    -9.796    -7.484    1.980   -1.705   -3.860    1.274
   14    3 C1  0   1.90  0.0000     4.952   -0.396     3.555     4.631   -0.001    0.001   -0.075   -1.001
   14    4 S1  0   3.48  0.0000     1.210    0.000     1.299     1.210    0.000    0.000    0.000    0.089
   14    5 S1  0   4.64  0.0000     0.054    0.000     0.991     0.054    0.000    0.000    0.000    0.937
   14    6 S1  0   5.68  0.0000     0.171    0.000     0.894     0.171    0.000    0.000    0.000    0.723
   14    7 S1  0   7.32  0.0000    -0.042    0.000     0.778    -0.042    0.000    0.000    0.000    0.820
   14    8 S1  0   6.27  0.0000     0.113    0.000     0.991     0.113    0.000    0.000    0.000    0.878
   14    9 S1  0   4.63  0.0000    -0.672    0.000     0.944    -0.672    0.000    0.000    0.000    1.616
   14   10 S1  0   3.74  0.0000    -1.996    0.000     0.900    -1.996    0.000    0.000    0.000    2.896
   14   11 S1  0   3.18  0.0000    -2.855    0.000     1.110    -2.855    0.000    0.000    0.000    3.964
   14   12 S1  0   2.11  0.0000    -8.743    0.000    -1.080    -8.743    0.000    0.000    0.000    7.663
   14   13 C1  0   0.00  0.1050 -9451.450   -0.432 -9445.116 -9201.400 -123.393  -88.387  -38.701    6.766
