    2    1 C1  1   0.00  0.0831 -9412.116    0.538 -9481.709 -9152.962 -120.026  -92.647  -45.944  -70.131
    3    1 S1  1   2.12  0.0000    14.116    0.000    -2.689    14.116    0.000    0.000    0.000  -16.805
    3    2 C1  1   0.00  0.1187 -9447.895    0.164 -9474.200 -9191.896 -123.643  -90.313  -41.877  -26.470
    4    1 S1  1   3.85  0.0000    16.587    0.000    -3.972    16.587    0.000    0.000    0.000  -20.559
    4    2 S1  1   2.28  0.0000    21.101    0.000    -5.461    21.101    0.000    0.000    0.000  -26.562
    4    3 C1  1   0.00  0.1177 -9402.718    0.207 -9452.573 -9153.923 -123.696  -88.556  -36.336  -50.061
    5    1 S1  1   4.42  0.0000    13.690    0.000     1.046    13.690    0.000    0.000    0.000  -12.644
    5    2 S1  1   3.26  0.0000    14.345    0.000     0.569    14.345    0.000    0.000    0.000  -13.776
    5    3 C1  1   1.76  0.0000    21.637   -0.025     8.102    21.683   -0.001    0.124   -0.194  -13.510
    5    4 C1  1   0.00  0.1115 -9419.652   -0.186 -9458.102 -9166.327 -115.858  -90.952  -46.701  -38.264
    6    1 S1  1   5.35  0.0000    14.342    0.000     0.307    14.342    0.000    0.000    0.000  -14.034
    6    2 S1  1   4.07  0.0000    16.591    0.000     0.148    16.591    0.000    0.000    0.000  -16.443
    6    3 S1  1   2.83  0.0000    23.012    0.000     5.996    23.012    0.000    0.000    0.000  -17.016
    6    4 C1  1   1.91  0.0000    24.924    0.172     0.856    25.385   -0.002    0.031   -0.319  -24.240
    6    5 C1  1   0.00  0.1076 -9428.697    0.050 -9458.264 -9174.091 -123.174  -90.791  -40.591  -29.617
    7    1 S1  1   7.34  0.0000    11.688    0.000    -3.164    11.688    0.000    0.000    0.000  -14.851
    7    2 S1  1   6.52  0.0000    12.624    0.000    -3.384    12.624    0.000    0.000    0.000  -16.008
    7    3 S1  1   5.51  0.0000    14.935    0.000    -0.159    14.935    0.000    0.000    0.000  -15.094
    7    4 S1  1   3.91  0.0000    16.698    0.000    -3.574    16.698    0.000    0.000    0.000  -20.271
    7    5 C1  1   1.82  0.0000    22.628   -0.288    -0.520    22.378   -0.002    0.108   -0.145  -22.860
    7    6 C1  1   0.00  0.1340 -9426.704   -0.919 -9462.250 -9178.196 -124.752  -89.689  -34.986  -34.627
    8    1 S1  1   6.10  0.0000    16.714    0.000    -2.827    16.714    0.000    0.000    0.000  -19.541
    8    2 S1  1   5.10  0.0000    18.590    0.000    -3.030    18.590    0.000    0.000    0.000  -21.620
    8    3 S1  1   3.99  0.0000    18.810    0.000     1.044    18.810    0.000    0.000    0.000  -17.766
    8    4 S1  1   2.98  0.0000    17.864    0.000    -3.122    17.864    0.000    0.000    0.000  -20.986
    8    5 C1  1   1.72  0.0000    15.078   -0.966    -1.159    14.366   -0.001    0.001   -0.255  -15.271
    8    6 C1  1   0.76  0.0421    -7.398   -0.310   -31.302    -2.713   11.908   -5.388  -11.515  -23.594
    8    7 C1  1   0.00  0.1267 -9426.430    0.066 -9464.122 -9179.062 -125.483  -87.671  -34.148  -37.757
    9    1 S1  1   5.26  0.0000    18.670    0.000    -0.674    18.670    0.000    0.000    0.000  -19.344
    9    2 S1  1   4.96  0.0000    18.617    0.000    -0.989    18.617    0.000    0.000    0.000  -19.606
    9    3 S1  1   4.19  0.0000    15.998    0.000     3.220    15.998    0.000    0.000    0.000  -12.777
    9    4 S1  1   2.86  0.0000    16.331    0.000    -0.420    16.331    0.000    0.000    0.000  -16.752
    9    5 S1  1   2.26  0.0000    20.023    0.000     4.594    20.023    0.000    0.000    0.000  -15.429
    9    6 C1  1   0.70  0.0338    17.974   -0.450    -5.555    15.861   11.611   -4.081   -5.867  -23.079
    9    7 C1  1   0.72 -0.0429    12.214   -2.293   -21.482     8.895   11.064   -3.329   -6.708  -31.403
    9    8 C1  1   0.00  0.0848 -9428.235   -0.385 -9464.248 -9174.934 -121.485  -90.243  -41.958  -35.628
   10    1 S1  1   4.65  0.0000    23.575    0.000    -3.203    23.575    0.000    0.000    0.000  -26.778
   10    2 S1  1   3.83  0.0000    23.535    0.000    -3.894    23.535    0.000    0.000    0.000  -27.429
   10    3 S1  1   2.86  0.0000    17.232    0.000    -0.440    17.232    0.000    0.000    0.000  -17.672
   10    4 C1  1   1.28 -0.0008    11.347   -0.431    -9.086    12.336    0.086   -0.423   -1.085  -20.001
   10    5 C1  1   0.64  0.0567   -31.104   -0.026   -45.475   -42.517   30.377   -9.424   -9.567  -14.345
   10    6 C1  1   1.16 -0.0031    17.291    0.040    -3.866    20.543    0.355   -0.856   -2.712  -21.197
   10    7 S1  1   2.62  0.0000    18.189    0.000    -5.660    18.189    0.000    0.000    0.000  -23.849
   10    8 S1  1   2.10  0.0000    28.551    0.000    -3.929    28.551    0.000    0.000    0.000  -32.480
   10    9 C1  1   0.00  0.1077 -9415.710    0.846 -9457.968 -9162.880 -125.420  -87.732  -38.833  -43.104
   11    1 S1  1   4.11  0.0000    21.987    0.000    -3.262    21.987    0.000    0.000    0.000  -25.249
   11    2 S1  1   2.97  0.0000    20.618    0.000    -4.126    20.618    0.000    0.000    0.000  -24.744
   11    3 C1  1   1.96 -0.0000    20.153   -0.437     1.958    19.814   -0.002    0.021   -0.117  -17.758
   11    4 C1  1   0.69  0.0002    -2.972   -0.286   -25.270   -12.209   24.575   -7.848   -7.775  -22.013
   11    5 C1  1   1.61  0.0001    22.329    0.086     1.960    22.857   -0.001    0.002   -0.444  -20.454
   11    6 S1  1   2.59  0.0000    20.230    0.000     2.306    20.230    0.000    0.000    0.000  -17.923
   11    7 S1  1   3.67  0.0000    16.079    0.000    -3.656    16.079    0.000    0.000    0.000  -19.736
   11    8 S1  1   3.56  0.0000    17.685    0.000    -2.565    17.685    0.000    0.000    0.000  -20.250
   11    9 S1  1   2.12  0.0000    22.793    0.000    -0.326    22.793    0.000    0.000    0.000  -23.119
   11   10 C1  1   0.00  0.0790 -9425.554    0.495 -9474.421 -9169.630 -123.439  -90.767  -41.222  -49.362
   12    1 S1  1   2.71  0.0000    24.087    0.000    -3.889    24.087    0.000    0.000    0.000  -27.976
   12    2 C1  1   1.52 -0.0001    24.025   -0.648    -2.656    24.442    0.003   -0.301   -0.767  -26.033
   12    3 C1  1   0.68  0.0378   -36.428   -0.033   -50.116   -50.097   35.252  -11.291  -10.325  -13.656
   12    4 C1  1   1.35  0.0001    11.903    0.195    -7.939    14.625    0.126   -0.542   -2.112  -20.037
   12    5 S1  1   2.53  0.0000    19.598    0.000     2.100    19.598    0.000    0.000    0.000  -17.498
   12    6 S1  1   3.81  0.0000    16.456    0.000     1.057    16.456    0.000    0.000    0.000  -15.399
   12    7 S1  1   4.83  0.0000    13.470    0.000    -3.491    13.470    0.000    0.000    0.000  -16.961
   12    8 S1  1   4.92  0.0000    14.511    0.000    -2.895    14.511    0.000    0.000    0.000  -17.407
   12    9 S1  1   3.75  0.0000    19.365    0.000    -0.425    19.365    0.000    0.000    0.000  -19.790
   12   10 S1  1   2.19  0.0000    30.718    0.000    -3.803    30.718    0.000    0.000    0.000  -34.521
   12   11 C1  1   0.00  0.1004 -9414.077    0.438 -9466.305 -9158.669 -126.629  -89.790  -38.551  -52.666
   13    1 C1  1   1.67  0.0000    13.577   -0.139    -4.798    13.620   -0.001    0.118   -0.299  -18.236
   13    2 C1  1   0.68 -0.0518   -32.517   -0.001   -47.592   -37.789   22.449   -8.298   -8.880  -15.074
   13    3 C1  1   1.51 -0.0002    38.146   -0.539    18.358    38.323    0.009   -0.105   -0.620  -19.250
   13    4 S1  1   2.60  0.0000    23.476    0.000     3.638    23.476    0.000    0.000    0.000  -19.838
   13    5 S1  1   3.77  0.0000    18.790    0.000     7.718    18.790    0.000    0.000    0.000  -11.072
   13    6 S1  1   5.04  0.0000    14.587    0.000     4.924    14.587    0.000    0.000    0.000   -9.663
   13    7 S1  1   6.34  0.0000    11.264    0.000     0.247    11.264    0.000    0.000    0.000  -11.017
   13    8 S1  1   6.13  0.0000    11.944    0.000     1.066    11.944    0.000    0.000    0.000  -10.878
   13    9 S1  1   4.75  0.0000    13.158    0.000     3.282    13.158    0.000    0.000    0.000   -9.876
   13   10 S1  1   3.45  0.0000    14.757    0.000     0.829    14.757    0.000    0.000    0.000  -13.928
   13   11 S1  1   2.18  0.0000    18.813    0.000     2.070    18.813    0.000    0.000    0.000  -16.743
   13   12 C1  1   0.00  0.0954 -9445.035    0.109 -9471.732 -9187.232 -123.709  -90.705  -43.280  -26.806
   14    1 C1  0   0.69 -0.0529   -48.739   -0.411   -44.733   -56.172   25.375   -8.878   -9.474    4.417
   14    2 C1  0   1.19 -0.0013    -0.819   -0.054    -1.722     1.566    0.544   -0.504   -2.480   -0.849
   14    3 S1  0   2.35  0.0000     4.188    0.000     5.122     4.188    0.000    0.000    0.000    0.934
   14    4 S1  0   3.81  0.0000     1.396    0.000     2.672     1.396    0.000    0.000    0.000    1.276
   14    5 S1  0   4.96  0.0000     0.072    0.000     2.028     0.072    0.000    0.000    0.000    1.955
   14    6 S1  0   6.16  0.0000     0.198    0.000     1.728     0.198    0.000    0.000    0.000    1.530
   14    7 S1  0   7.81  0.0000    -0.000    0.000     1.389    -0.000    0.000    0.000    0.000    1.389
   14    8 S1  0   7.24  0.0000     0.294    0.000     1.619     0.294    0.000    0.000    0.000    1.326
   14    9 S1  0   5.90  0.0000    -0.143    0.000     1.734    -0.143    0.000    0.000    0.000    1.877
   14   10 S1  0   4.60  0.0000    -0.833    0.000     2.059    -0.833    0.000    0.000    0.000    2.892
   14   11 S1  0   3.53  0.0000    -2.389    0.000     2.377    -2.389    0.000    0.000    0.000    4.766
   14   12 S1  0   2.25  0.0000    -8.313    0.000     0.904    -8.313    0.000    0.000    0.000    9.217
   14   13 C1  0   0.00  0.1165 -9437.824   -0.138 -9428.618 -9193.256 -120.549  -86.575  -37.582    9.344
