    2    1 C1  1   0.00  0.1076 -9403.671    0.399 -9453.516 -9153.457 -112.244  -90.810  -46.761  -50.243
    3    1 S1  1   2.14  0.0000    12.036    0.000     0.031    12.036    0.000    0.000    0.000  -12.004
    3    2 C1  1   0.00  0.1257 -9421.558    0.214 -9439.959 -9172.339 -119.901  -87.883  -41.221  -18.615
    4    1 S1  1   3.84  0.0000    14.249    0.000    -3.118    14.249    0.000    0.000    0.000  -17.367
    4    2 S1  1   2.42  0.0000    19.079    0.000    -3.683    19.079    0.000    0.000    0.000  -22.763
    4    3 C1  1   0.00  0.1306 -9392.311    0.315 -9437.108 -9149.797 -121.079  -86.013  -35.107  -45.111
    5    1 S1  1   4.93  0.0000    12.663    0.000     1.657    12.663    0.000    0.000    0.000  -11.006
    5    2 S1  1   3.45  0.0000    13.764    0.000     2.226    13.764    0.000    0.000    0.000  -11.538
    5    3 C1  1   1.91  0.0000    20.766   -0.051     9.564    20.572   -0.002    0.266   -0.122  -11.151
    5    4 C1  1   0.00  0.1111 -9407.506    0.108 -9440.047 -9157.986 -116.986  -89.035  -43.391  -32.648
    6    1 S1  1   6.10  0.0000    12.698    0.000     0.979    12.698    0.000    0.000    0.000  -11.719
    6    2 S1  1   4.49  0.0000    15.315    0.000     1.672    15.315    0.000    0.000    0.000  -13.643
    6    3 S1  1   3.04  0.0000    22.042    0.000     7.088    22.042    0.000    0.000    0.000  -14.953
    6    4 C1  1   1.92  0.0000    24.474    0.166     1.303    24.875   -0.002    0.043   -0.276  -23.337
    6    5 C1  1   0.00  0.1086 -9420.912    0.260 -9448.443 -9168.546 -124.047  -89.968  -38.091  -27.790
    7    1 S1  1   7.73  0.0000    10.836    0.000    -2.536    10.836    0.000    0.000    0.000  -13.372
    7    2 S1  1   6.77  0.0000    12.137    0.000    -2.288    12.137    0.000    0.000    0.000  -14.425
    7    3 S1  1   5.78  0.0000    14.526    0.000     0.391    14.526    0.000    0.000    0.000  -14.135
    7    4 S1  1   4.26  0.0000    16.046    0.000    -3.726    16.046    0.000    0.000    0.000  -19.772
    7    5 S1  1   2.01  0.0000    21.540    0.000    -0.558    21.540    0.000    0.000    0.000  -22.098
    7    6 C1  1   0.00  0.1373 -9416.710   -0.935 -9451.440 -9172.215 -122.928  -88.271  -34.231  -33.796
    8    1 S1  1   6.57  0.0000    14.818    0.000    -2.166    14.818    0.000    0.000    0.000  -16.984
    8    2 S1  1   5.41  0.0000    17.597    0.000    -1.621    17.597    0.000    0.000    0.000  -19.218
    8    3 S1  1   4.24  0.0000    19.025    0.000     2.014    19.025    0.000    0.000    0.000  -17.011
    8    4 S1  1   3.11  0.0000    18.092    0.000    -3.266    18.092    0.000    0.000    0.000  -21.358
    8    5 C1  1   1.84 -0.0000    16.359   -1.133    -0.394    15.417   -0.002    0.024   -0.214  -15.620
    8    6 C1  1   0.74  0.0436    -7.332   -0.635   -31.299    -4.202   12.234   -4.840  -11.159  -23.332
    8    7 C1  1   0.00  0.1284 -9421.501   -0.388 -9461.424 -9176.035 -122.832  -88.398  -34.624  -39.535
    9    1 S1  1   5.29  0.0000    17.854    0.000    -0.063    17.854    0.000    0.000    0.000  -17.917
    9    2 S1  1   4.92  0.0000    18.868    0.000     0.577    18.868    0.000    0.000    0.000  -18.291
    9    3 S1  1   4.13  0.0000    16.567    0.000     4.181    16.567    0.000    0.000    0.000  -12.386
    9    4 S1  1   2.94  0.0000    16.092    0.000    -0.893    16.092    0.000    0.000    0.000  -16.985
    9    5 S1  1   2.31  0.0000    20.093    0.000     4.580    20.093    0.000    0.000    0.000  -15.513
    9    6 C1  1   0.71  0.0322    19.254   -0.350    -3.915    17.440   10.844   -3.656   -5.724  -22.820
    9    7 C1  1   0.70 -0.0485     9.953   -2.449   -23.663     5.175   13.429   -4.153   -6.947  -31.166
    9    8 C1  1   0.00  0.0818 -9428.676   -0.255 -9464.321 -9174.375 -122.147  -90.160  -42.248  -35.391
   10    1 S1  1   5.03  0.0000    21.460    0.000    -2.394    21.460    0.000    0.000    0.000  -23.854
   10    2 S1  1   3.93  0.0000    22.919    0.000    -2.024    22.919    0.000    0.000    0.000  -24.943
   10    3 S1  1   3.02  0.0000    18.610    0.000     0.762    18.610    0.000    0.000    0.000  -17.848
   10    4 C1  1   1.32 -0.0005    12.236   -0.375    -8.874    13.079    0.058   -0.311   -0.964  -20.735
   10    5 C1  1   0.64  0.0562   -27.938    0.179   -43.579   -40.463   31.379   -9.049   -9.625  -15.820
   10    6 C1  1   1.11 -0.0040    18.173   -0.034    -3.343    21.371    0.473   -0.868   -2.838  -21.482
   10    7 S1  1   2.57  0.0000    18.808    0.000    -6.145    18.808    0.000    0.000    0.000  -24.953
   10    8 S1  1   2.09  0.0000    27.704    0.000    -4.271    27.704    0.000    0.000    0.000  -31.974
   10    9 C1  1   0.00  0.1051 -9416.932    0.832 -9458.359 -9163.973 -124.741  -88.081  -39.305  -42.259
   11    1 S1  1   4.38  0.0000    20.496    0.000    -2.207    20.496    0.000    0.000    0.000  -22.703
   11    2 S1  1   3.08  0.0000    20.695    0.000    -1.949    20.695    0.000    0.000    0.000  -22.645
   11    3 S1  1   2.04  0.0000    21.384    0.000     3.269    21.384    0.000    0.000    0.000  -18.115
   11    4 C1  1   0.65 -0.0008    -3.868   -0.361   -27.290   -18.103   31.969   -9.493   -8.603  -23.061
   11    5 C1  1   1.49  0.0002    24.693    0.110     2.526    25.274    0.002    0.038   -0.512  -22.277
   11    6 S1  1   2.65  0.0000    21.198    0.000     2.795    21.198    0.000    0.000    0.000  -18.403
   11    7 S1  1   3.42  0.0000    16.589    0.000    -3.959    16.589    0.000    0.000    0.000  -20.548
   11    8 S1  1   3.59  0.0000    17.926    0.000    -2.771    17.926    0.000    0.000    0.000  -20.697
   11    9 S1  1   2.18  0.0000    24.147    0.000    -0.192    24.147    0.000    0.000    0.000  -24.339
   11   10 C1  1   0.00  0.0817 -9415.944    0.635 -9470.256 -9159.564 -123.373  -91.118  -41.254  -54.948
   12    1 S1  1   2.81  0.0000    25.147    0.000    -1.753    25.147    0.000    0.000    0.000  -26.900
   12    2 C1  1   1.49 -0.0000    25.799   -0.963     0.033    26.027    0.004   -0.439   -0.755  -24.804
   12    3 C1  1   0.68  0.0430   -38.254   -0.384   -52.146   -53.220   36.180  -11.100  -10.499  -13.508
   12    4 C1  1   1.47  0.0002    13.482    0.125    -7.155    15.525    0.029   -0.359   -1.588  -20.762
   12    5 S1  1   2.68  0.0000    21.052    0.000     2.788    21.052    0.000    0.000    0.000  -18.264
   12    6 S1  1   3.97  0.0000    17.313    0.000     1.666    17.313    0.000    0.000    0.000  -15.647
   12    7 S1  1   4.73  0.0000    14.044    0.000    -3.674    14.044    0.000    0.000    0.000  -17.718
   12    8 S1  1   5.01  0.0000    15.428    0.000    -2.880    15.428    0.000    0.000    0.000  -18.309
   12    9 S1  1   3.62  0.0000    21.427    0.000    -0.259    21.427    0.000    0.000    0.000  -21.687
   12   10 S1  1   2.12  0.0000    36.426    0.000    -3.772    36.426    0.000    0.000    0.000  -40.198
   12   11 C1  1   0.00  0.0903 -9410.986    0.367 -9475.922 -9152.119 -128.127  -91.781  -38.592  -65.303
   13    1 C1  1   1.93 -0.0000    22.209   -0.109    -2.100    22.434   -0.001    0.008   -0.341  -24.200
   13    2 C1  1   0.71 -0.0318   -23.840    0.008   -38.323   -27.554   20.502   -8.065   -8.714  -14.491
   13    3 C1  1   1.13  0.0002    32.542   -0.180    14.813    33.866    0.291   -0.517   -1.278  -17.549
   13    4 S1  1   2.59  0.0000    19.587    0.000     1.180    19.587    0.000    0.000    0.000  -18.408
   13    5 S1  1   3.80  0.0000    16.772    0.000     5.609    16.772    0.000    0.000    0.000  -11.163
   13    6 S1  1   4.99  0.0000    13.516    0.000     3.687    13.516    0.000    0.000    0.000   -9.828
   13    7 S1  1   6.46  0.0000    10.862    0.000    -0.753    10.862    0.000    0.000    0.000  -11.614
   13    8 S1  1   5.97  0.0000    11.790    0.000     0.035    11.790    0.000    0.000    0.000  -11.755
   13    9 S1  1   4.42  0.0000    13.730    0.000     2.013    13.730    0.000    0.000    0.000  -11.718
   13   10 S1  1   3.27  0.0000    17.018    0.000    -0.694    17.018    0.000    0.000    0.000  -17.712
   13   11 S1  1   2.06  0.0000    22.646    0.000    -0.372    22.646    0.000    0.000    0.000  -23.018
   13   12 C1  1   0.00  0.1071 -9446.194   -0.363 -9484.071 -9188.268 -121.952  -92.044  -44.294  -37.514
   14    1 C1  0   0.86 -0.0123   -26.930   -0.259   -18.104   -28.407   12.238   -3.286   -7.734    9.086
   14    2 C1  0   0.82  0.0005   -12.526    0.026    -8.462   -12.844    7.476   -2.440   -4.692    4.038
   14    3 C1  0   1.90  0.0000     5.482   -0.248     2.585     5.250   -0.001    0.070   -0.084   -2.650
   14    4 S1  0   3.54  0.0000     1.826    0.000     0.496     1.826    0.000    0.000    0.000   -1.330
   14    5 S1  0   4.76  0.0000     0.630    0.000     0.532     0.630    0.000    0.000    0.000   -0.098
   14    6 S1  0   6.02  0.0000     0.219    0.000     0.283     0.219    0.000    0.000    0.000    0.063
   14    7 S1  0   7.67  0.0000    -0.031    0.000     0.222    -0.031    0.000    0.000    0.000    0.253
   14    8 S1  0   7.05  0.0000    -0.144    0.000     0.165    -0.144    0.000    0.000    0.000    0.309
   14    9 S1  0   5.46  0.0000    -0.700    0.000     0.073    -0.700    0.000    0.000    0.000    0.773
   14   10 S1  0   4.30  0.0000    -1.812    0.000    -0.211    -1.812    0.000    0.000    0.000    1.601
   14   11 S1  0   3.45  0.0000    -2.128    0.000    -0.085    -2.128    0.000    0.000    0.000    2.043
   14   12 S1  0   2.09  0.0000    -7.984    0.000    -2.907    -7.984    0.000    0.000    0.000    5.077
   14   13 C1  0   0.00  0.0840 -9466.705   -0.236 -9463.751 -9214.470 -119.077  -91.059  -42.334    3.189
