    2    1 C1  1   0.00  0.1038 -9394.057    0.532 -9466.968 -9136.514 -119.818  -92.466  -44.729  -73.443
    3    1 S1  1   2.08  0.0000    16.429    0.000    -2.974    16.429    0.000    0.000    0.000  -19.404
    3    2 C1  1   0.00  0.1247 -9442.001    0.168 -9467.418 -9192.091 -120.212  -88.829  -40.702  -25.584
    4    1 S1  1   3.95  0.0000    16.178    0.000    -1.746    16.178    0.000    0.000    0.000  -17.924
    4    2 S1  1   2.35  0.0000    17.532    0.000    -3.743    17.532    0.000    0.000    0.000  -21.276
    4    3 C1  1   0.00  0.1178 -9388.658    0.292 -9426.111 -9145.663 -120.993  -86.451  -35.260  -37.744
    5    1 S1  1   4.83  0.0000    14.647    0.000     0.371    14.647    0.000    0.000    0.000  -14.275
    5    2 S1  1   3.50  0.0000    13.779    0.000    -1.108    13.779    0.000    0.000    0.000  -14.887
    5    3 S1  1   2.02  0.0000    19.255    0.000     3.788    19.255    0.000    0.000    0.000  -15.467
    5    4 C1  1   0.00  0.1238 -9403.882   -0.094 -9438.476 -9156.334 -113.259  -87.682  -46.701  -34.501
    6    1 S1  1   5.95  0.0000    14.061    0.000     0.705    14.061    0.000    0.000    0.000  -13.356
    6    2 S1  1   4.50  0.0000    15.003    0.000    -0.046    15.003    0.000    0.000    0.000  -15.049
    6    3 S1  1   2.77  0.0000    22.925    0.000     4.162    22.925    0.000    0.000    0.000  -18.763
    6    4 C1  1   1.66  0.0001    28.664    0.127     2.833    29.223   -0.001   -0.013   -0.418  -25.958
    6    5 C1  1   0.00  0.1102 -9415.479    0.269 -9450.020 -9161.313 -123.061  -90.629  -40.208  -34.809
    7    1 S1  1   7.67  0.0000    11.411    0.000    -2.536    11.411    0.000    0.000    0.000  -13.947
    7    2 S1  1   6.69  0.0000    12.006    0.000    -2.990    12.006    0.000    0.000    0.000  -14.996
    7    3 S1  1   5.30  0.0000    15.303    0.000    -0.884    15.303    0.000    0.000    0.000  -16.187
    7    4 S1  1   4.00  0.0000    18.176    0.000    -1.818    18.176    0.000    0.000    0.000  -19.993
    7    5 C1  1   1.98  0.0000    21.911   -0.278    -1.548    21.644   -0.002    0.096   -0.106  -23.180
    7    6 C1  1   0.00  0.1340 -9423.040   -1.000 -9456.316 -9176.605 -123.280  -89.250  -34.906  -32.277
    8    1 S1  1   6.55  0.0000    15.470    0.000    -2.486    15.470    0.000    0.000    0.000  -17.956
    8    2 S1  1   5.33  0.0000    17.755    0.000    -3.039    17.755    0.000    0.000    0.000  -20.794
    8    3 S1  1   3.72  0.0000    23.500    0.000     0.064    23.500    0.000    0.000    0.000  -23.436
    8    4 S1  1   2.61  0.0000    22.357    0.000    -1.865    22.357    0.000    0.000    0.000  -24.222
    8    5 C1  1   1.74  0.0000    12.583   -0.978    -4.218    11.979   -0.001   -0.051   -0.322  -15.823
    8    6 C1  1   0.70  0.0397    -6.886   -0.880   -33.657    -6.898   16.653   -4.987  -12.534  -25.890
    8    7 C1  1   0.00  0.1251 -9418.201   -1.069 -9457.400 -9174.496 -121.329  -88.718  -34.727  -38.130
    9    1 S1  1   5.32  0.0000    18.015    0.000    -0.301    18.015    0.000    0.000    0.000  -18.316
    9    2 S1  1   4.82  0.0000    19.195    0.000    -0.689    19.195    0.000    0.000    0.000  -19.884
    9    3 S1  1   3.93  0.0000    18.490    0.000     2.092    18.490    0.000    0.000    0.000  -16.398
    9    4 S1  1   2.70  0.0000    17.209    0.000     0.603    17.209    0.000    0.000    0.000  -16.607
    9    5 C1  1   1.96  0.0000    19.116   -0.120     2.134    19.023   -0.002    0.119   -0.145  -16.863
    9    6 C1  1   0.65  0.0408    14.975   -0.826    -9.178     8.788   17.547   -5.842   -6.344  -23.327
    9    7 C1  1   0.82 -0.0299    16.160   -1.654   -17.362    17.053    5.176   -2.224   -5.498  -31.868
    9    8 C1  1   0.00  0.0873 -9419.991   -0.326 -9456.295 -9168.522 -121.892  -89.353  -40.550  -35.978
   10    1 S1  1   4.51  0.0000    26.490    0.000    -1.265    26.490    0.000    0.000    0.000  -27.755
   10    2 S1  1   3.91  0.0000    27.614    0.000    -1.719    27.614    0.000    0.000    0.000  -29.333
   10    3 S1  1   2.78  0.0000    22.464    0.000     0.797    22.464    0.000    0.000    0.000  -21.667
   10    4 C1  1   1.09 -0.0067    14.205   -0.520    -6.352    15.679    0.300   -0.785   -1.510  -20.037
   10    5 C1  1   0.66  0.0320   -33.699    0.364   -45.458   -44.946   31.562  -10.089   -9.862  -12.123
   10    6 C1  1   1.11 -0.0034    16.289    0.106    -2.447    19.545    0.463   -0.842   -2.771  -18.843
   10    7 S1  1   2.84  0.0000    17.038    0.000    -3.338    17.038    0.000    0.000    0.000  -20.376
   10    8 S1  1   2.20  0.0000    28.314    0.000    -2.107    28.314    0.000    0.000    0.000  -30.420
   10    9 C1  1   0.00  0.1203 -9400.151    0.901 -9439.556 -9151.962 -123.732  -86.790  -36.765  -40.306
   11    1 S1  1   3.44  0.0000    26.976    0.000    -1.440    26.976    0.000    0.000    0.000  -28.415
   11    2 S1  1   3.04  0.0000    24.443    0.000    -2.742    24.443    0.000    0.000    0.000  -27.185
   11    3 S1  1   2.07  0.0000    20.478    0.000     1.397    20.478    0.000    0.000    0.000  -19.081
   11    4 C1  1   0.84  0.0099    12.990   -0.181    -7.014     4.776   18.206   -3.892   -6.282  -19.822
   11    5 C1  1   1.62  0.0002    23.681   -0.049     1.295    24.058   -0.000   -0.010   -0.416  -22.336
   11    6 S1  1   2.60  0.0000    19.856    0.000     2.692    19.856    0.000    0.000    0.000  -17.164
   11    7 S1  1   4.02  0.0000    14.920    0.000    -2.496    14.920    0.000    0.000    0.000  -17.416
   11    8 S1  1   3.60  0.0000    16.464    0.000    -2.061    16.464    0.000    0.000    0.000  -18.525
   11    9 S1  1   2.28  0.0000    19.835    0.000     0.146    19.835    0.000    0.000    0.000  -19.689
   11   10 C1  1   0.00  0.1212 -9416.594    0.631 -9448.822 -9169.502 -121.964  -87.356  -37.140  -32.859
   12    1 S1  1   2.47  0.0000    26.939    0.000    -2.430    26.939    0.000    0.000    0.000  -29.369
   12    2 C1  1   1.48 -0.0001    26.789   -0.736    -1.929    27.042    0.004   -0.196   -0.798  -27.982
   12    3 C1  1   0.73  0.0258   -17.676   -0.093   -31.534   -28.116   25.896   -6.893   -8.656  -13.765
   12    4 C1  1   1.09  0.0004    11.675    0.301    -6.618    14.887    1.621   -0.885   -3.646  -18.594
   12    5 S1  1   2.12  0.0000    23.439    0.000     0.800    23.439    0.000    0.000    0.000  -22.639
   12    6 S1  1   3.52  0.0000    17.699    0.000     1.212    17.699    0.000    0.000    0.000  -16.486
   12    7 S1  1   4.77  0.0000    13.359    0.000    -3.008    13.359    0.000    0.000    0.000  -16.368
   12    8 S1  1   4.68  0.0000    13.481    0.000    -2.970    13.481    0.000    0.000    0.000  -16.451
   12    9 S1  1   4.13  0.0000    16.976    0.000    -0.515    16.976    0.000    0.000    0.000  -17.491
   12   10 S1  1   2.38  0.0000    24.661    0.000    -2.554    24.661    0.000    0.000    0.000  -27.215
   12   11 C1  1   0.00  0.1246 -9380.304    0.521 -9423.409 -9141.117 -117.791  -84.967  -35.909  -43.626
   13    1 C1  1   1.19  0.0031    11.993   -0.118    -4.638    12.731    0.060   -0.159   -0.758  -16.513
   13    2 C1  1   0.69 -0.0531   -32.884   -0.056   -48.454   -37.535   21.448   -7.994   -8.860  -15.514
   13    3 C1  1   1.48 -0.0007    39.730   -0.618    15.150    39.894    0.010   -0.169   -0.623  -23.962
   13    4 S1  1   2.07  0.0000    24.522    0.000     5.454    24.522    0.000    0.000    0.000  -19.068
   13    5 S1  1   2.91  0.0000    22.096    0.000     6.152    22.096    0.000    0.000    0.000  -15.944
   13    6 S1  1   4.39  0.0000    15.743    0.000     4.606    15.743    0.000    0.000    0.000  -11.137
   13    7 S1  1   5.76  0.0000    11.539    0.000     0.263    11.539    0.000    0.000    0.000  -11.276
   13    8 S1  1   5.66  0.0000    12.579    0.000     0.766    12.579    0.000    0.000    0.000  -11.813
   13    9 S1  1   5.35  0.0000    13.071    0.000     2.906    13.071    0.000    0.000    0.000  -10.165
   13   10 S1  1   3.72  0.0000    14.837    0.000     1.850    14.837    0.000    0.000    0.000  -12.987
   13   11 S1  1   2.01  0.0000    17.272    0.000     2.741    17.272    0.000    0.000    0.000  -14.530
   13   12 C1  1   0.00  0.1303 -9410.719   -0.038 -9438.596 -9166.707 -115.464  -86.630  -41.955  -27.839
   14    1 C1  0   0.77 -0.0259   -41.840   -0.272   -38.691   -39.330   11.784   -6.735   -7.832    3.422
   14    2 C1  0   1.18 -0.0009    -0.269   -0.101    -2.907     2.154    0.623   -0.515   -2.632   -2.537
   14    3 S1  0   2.35  0.0000     3.333    0.000     1.851     3.333    0.000    0.000    0.000   -1.482
   14    4 S1  0   3.51  0.0000     0.362    0.000     0.629     0.362    0.000    0.000    0.000    0.267
   14    5 S1  0   4.46  0.0000    -0.996    0.000     0.132    -0.996    0.000    0.000    0.000    1.128
   14    6 S1  0   5.92  0.0000    -0.309    0.000     0.286    -0.309    0.000    0.000    0.000    0.595
   14    7 S1  0   7.54  0.0000    -0.201    0.000     0.378    -0.201    0.000    0.000    0.000    0.579
   14    8 S1  0   7.10  0.0000     0.249    0.000     0.488     0.249    0.000    0.000    0.000    0.240
   14    9 S1  0   6.35  0.0000    -0.075    0.000     0.430    -0.075    0.000    0.000    0.000    0.505
   14   10 S1  0   4.80  0.0000    -0.124    0.000     0.670    -0.124    0.000    0.000    0.000    0.794
   14   11 S1  0   3.31  0.0000    -2.690    0.000     0.179    -2.690    0.000    0.000    0.000    2.870
   14   12 S1  0   2.19  0.0000    -8.580    0.000    -1.517    -8.580    0.000    0.000    0.000    7.063
   14   13 C1  0   0.00  0.1297 -9446.172   -0.469 -9441.879 -9201.225 -121.044  -86.134  -38.238    4.762
