    2    1 C1  1   0.00  0.0993 -9376.908    0.266 -9428.068 -9134.930 -105.080  -88.909  -47.723  -51.426
    3    1 C1  1   1.86  0.0000    25.682   -0.093    -3.342    25.779   -0.001    0.072   -0.261  -28.931
    3    2 C1  1   0.00  0.1599 -9393.202   -0.217 -9426.279 -9162.230  -97.804  -88.380  -45.005  -32.860
    4    1 S1  1   2.58  0.0000    23.426    0.000    -4.441    23.426    0.000    0.000    0.000  -27.866
    4    2 C1  1   1.72  0.0000    22.694   -0.111    -2.953    22.519   -0.001    0.225   -0.160  -25.536
    4    3 C1  1   0.00  0.1168 -9366.169    0.457 -9405.681 -9130.503 -118.785  -82.794  -33.631  -39.969
    5    1 S1  1   2.71  0.0000    12.403    0.000     0.411    12.403    0.000    0.000    0.000  -11.992
    5    2 S1  1   2.32  0.0000    13.029    0.000     1.566    13.029    0.000    0.000    0.000  -11.463
    5    3 S1  1   2.19  0.0000    23.895    0.000     9.377    23.895    0.000    0.000    0.000  -14.518
    5    4 C1  1   0.00  0.1044 -9395.118    0.517 -9420.219 -9151.477 -113.266  -87.602  -42.255  -25.618
    6    1 S1  1   4.10  0.0000    16.205    0.000    -0.973    16.205    0.000    0.000    0.000  -17.178
    6    2 S1  1   3.88  0.0000    14.510    0.000     0.445    14.510    0.000    0.000    0.000  -14.064
    6    3 S1  1   3.58  0.0000    18.714    0.000     4.506    18.714    0.000    0.000    0.000  -14.208
    6    4 C1  1   1.59  0.0000    24.966    0.172     0.640    25.394   -0.001    0.004   -0.259  -24.499
    6    5 C1  1   0.00  0.1289 -9383.519    0.311 -9414.677 -9148.896 -109.284  -86.543  -38.485  -31.468
    7    1 S1  1   5.57  0.0000    13.689    0.000    -3.622    13.689    0.000    0.000    0.000  -17.311
    7    2 S1  1   5.89  0.0000    11.572    0.000    -2.117    11.572    0.000    0.000    0.000  -13.688
    7    3 S1  1   6.22  0.0000    13.416    0.000     0.145    13.416    0.000    0.000    0.000  -13.272
    7    4 S1  1   4.12  0.0000    16.188    0.000    -2.750    16.188    0.000    0.000    0.000  -18.938
    7    5 S1  1   2.36  0.0000    20.229    0.000     0.332    20.229    0.000    0.000    0.000  -19.897
    7    6 C1  1   0.00  0.1474 -9413.959   -1.113 -9446.017 -9171.888 -122.032  -87.648  -33.504  -30.945
    8    1 S1  1   3.98  0.0000    24.313    0.000    -4.338    24.313    0.000    0.000    0.000  -28.651
    8    2 S1  1   4.38  0.0000    17.865    0.000    -1.908    17.865    0.000    0.000    0.000  -19.773
    8    3 S1  1   4.67  0.0000    18.681    0.000     1.518    18.681    0.000    0.000    0.000  -17.163
    8    4 S1  1   2.76  0.0000    22.525    0.000    -1.950    22.525    0.000    0.000    0.000  -24.475
    8    5 C1  1   1.86 -0.0000    16.359   -1.060     1.020    15.673   -0.002   -0.077   -0.296  -14.278
    8    6 C1  1   0.70  0.0221    -5.137   -1.928   -31.503    -9.205   16.259   -1.635  -12.484  -24.438
    8    7 C1  1   0.00  0.1404 -9403.678   -2.261 -9441.694 -9169.151 -112.525  -88.492  -35.771  -35.755
    9    1 S1  1   3.53  0.0000    19.228    0.000    -2.804    19.228    0.000    0.000    0.000  -22.032
    9    2 S1  1   3.85  0.0000    15.369    0.000    -0.899    15.369    0.000    0.000    0.000  -16.268
    9    3 S1  1   4.43  0.0000    16.906    0.000     3.175    16.906    0.000    0.000    0.000  -13.732
    9    4 S1  1   3.04  0.0000    15.850    0.000    -0.722    15.850    0.000    0.000    0.000  -16.571
    9    5 S1  1   2.24  0.0000    18.712    0.000     3.318    18.712    0.000    0.000    0.000  -15.394
    9    6 C1  1   0.67  0.0414    14.731   -0.727    -9.273     9.902   15.287   -4.938   -6.248  -23.277
    9    7 C1  1   0.82 -0.0304    16.630   -1.570   -15.906    17.720    5.687   -2.536   -5.810  -30.966
    9    8 C1  1   0.00  0.0873 -9414.551   -0.130 -9445.984 -9165.525 -121.063  -87.868  -40.225  -31.303
   10    1 S1  1   2.98  0.0000    19.789    0.000    -5.659    19.789    0.000    0.000    0.000  -25.449
   10    2 S1  1   2.75  0.0000    17.546    0.000    -3.566    17.546    0.000    0.000    0.000  -21.112
   10    3 S1  1   3.00  0.0000    21.531    0.000     1.704    21.531    0.000    0.000    0.000  -19.827
   10    4 C1  1   1.52 -0.0001    15.679   -0.496    -5.765    15.732    0.001   -0.057   -0.493  -20.948
   10    5 C1  1   0.82  0.0331   -20.036   -0.056   -35.684   -16.082    8.484   -4.968   -7.524  -15.593
   10    6 C1  1   0.97 -0.0036    18.711    0.198    -3.627    23.255    2.973   -1.676   -5.643  -22.536
   10    7 S1  1   2.87  0.0000    19.304    0.000    -4.325    19.304    0.000    0.000    0.000  -23.629
   10    8 S1  1   2.16  0.0000    27.304    0.000    -3.496    27.304    0.000    0.000    0.000  -30.800
   10    9 C1  1   0.00  0.1159 -9382.574    0.878 -9422.870 -9139.441 -120.398  -85.168  -36.688  -41.175
   11    1 S1  1   2.88  0.0000    16.433    0.000    -5.637    16.433    0.000    0.000    0.000  -22.070
   11    2 S1  1   2.41  0.0000    17.219    0.000    -4.229    17.219    0.000    0.000    0.000  -21.448
   11    3 S1  1   2.36  0.0000    27.275    0.000     2.379    27.275    0.000    0.000    0.000  -24.896
   11    4 C1  1   0.66  0.0046    -0.447    0.023   -25.429    -9.813   25.297   -7.780   -8.128  -25.004
   11    5 C1  1   1.49  0.0005    26.812    0.363     0.862    27.893    0.007   -0.001   -0.724  -26.312
   11    6 S1  1   2.55  0.0000    20.018    0.000     0.643    20.018    0.000    0.000    0.000  -19.375
   11    7 S1  1   4.00  0.0000    14.663    0.000    -3.428    14.663    0.000    0.000    0.000  -18.092
   11    8 S1  1   3.39  0.0000    17.734    0.000    -3.220    17.734    0.000    0.000    0.000  -20.954
   11    9 S1  1   2.11  0.0000    21.897    0.000    -1.686    21.897    0.000    0.000    0.000  -23.583
   11   10 C1  1   0.00  0.1344 -9384.913    0.629 -9431.313 -9142.221 -119.357  -85.282  -37.424  -47.029
   12    1 S1  1   2.56  0.0000    14.433    0.000    -5.642    14.433    0.000    0.000    0.000  -20.075
   12    2 C1  1   1.53 -0.0003    12.662   -0.064    -7.604    13.144    0.001   -0.051   -0.496  -20.202
   12    3 C1  1   0.77  0.0381     8.983   -0.597   -14.248    -2.107   26.794   -4.768  -11.533  -22.634
   12    4 C1  1   1.23 -0.0010    14.168    0.393    -5.300    16.310    0.143   -0.432   -1.459  -19.861
   12    5 S1  1   2.45  0.0000    20.950    0.000     3.944    20.950    0.000    0.000    0.000  -17.006
   12    6 S1  1   3.74  0.0000    16.528    0.000     1.850    16.528    0.000    0.000    0.000  -14.678
   12    7 S1  1   5.79  0.0000    12.845    0.000    -2.063    12.845    0.000    0.000    0.000  -14.909
   12    8 S1  1   4.55  0.0000    16.440    0.000    -1.356    16.440    0.000    0.000    0.000  -17.796
   12    9 S1  1   3.51  0.0000    21.770    0.000     0.959    21.770    0.000    0.000    0.000  -20.810
   12   10 S1  1   2.27  0.0000    37.063    0.000     0.669    37.063    0.000    0.000    0.000  -36.393
   12   11 C1  1   0.00  0.1346 -9371.742    0.426 -9425.294 -9132.862 -119.171  -84.196  -35.087  -53.978
   13    1 S1  1   2.00  0.0000    15.172    0.000    -6.320    15.172    0.000    0.000    0.000  -21.492
   13    2 C1  1   0.78 -0.0512     3.424    0.046   -19.919    -5.537   16.947   -2.705   -5.236  -23.388
   13    3 C1  1   1.75  0.0000    22.567   -0.120     8.232    22.767   -0.001    0.091   -0.410  -14.215
   13    4 C1  1   1.95  0.0000    15.619   -0.055     1.404    15.656   -0.002   -0.014   -0.076  -14.159
   13    5 S1  1   3.15  0.0000    13.101    0.000     4.816    13.101    0.000    0.000    0.000   -8.285
   13    6 S1  1   4.30  0.0000    13.066    0.000     3.760    13.066    0.000    0.000    0.000   -9.306
   13    7 S1  1   6.05  0.0000    11.249    0.000     0.424    11.249    0.000    0.000    0.000  -10.825
   13    8 S1  1   4.88  0.0000    15.859    0.000     1.786    15.859    0.000    0.000    0.000  -14.073
   13    9 S1  1   3.42  0.0000    19.186    0.000     3.967    19.186    0.000    0.000    0.000  -15.219
   13   10 S1  1   2.55  0.0000    22.354    0.000     3.016    22.354    0.000    0.000    0.000  -19.337
   13   11 C1  1   1.68  0.0001    20.367   -0.034     1.416    20.545   -0.001    0.003   -0.214  -18.917
   13   12 C1  1   0.00  0.1365 -9404.183   -1.648 -9426.599 -9172.300  -99.479  -91.329  -42.723  -20.767
   14    1 C1  0   0.77 -0.0341    -7.547   -0.556   -14.213   -14.226   16.311   -3.130   -7.057   -6.110
   14    2 C1  0   1.00 -0.0094     4.742   -0.079     1.567     7.300    4.003   -1.318   -5.324   -3.095
   14    3 C1  0   1.89  0.0000    -2.173    0.028    -1.238    -2.128   -0.001    0.139   -0.155    0.908
   14    4 S1  0   2.01  0.0000     0.220    0.000     0.910     0.220    0.000    0.000    0.000    0.691
   14    5 S1  0   2.89  0.0000    -1.446    0.000     0.104    -1.446    0.000    0.000    0.000    1.550
   14    6 S1  0   4.15  0.0000    -0.050    0.000     0.754    -0.050    0.000    0.000    0.000    0.804
   14    7 S1  0   5.78  0.0000     0.149    0.000     0.828     0.149    0.000    0.000    0.000    0.679
   14    8 S1  0   4.46  0.0000     1.550    0.000     1.583     1.550    0.000    0.000    0.000    0.033
   14    9 S1  0   3.20  0.0000    -0.289    0.000     1.670    -0.289    0.000    0.000    0.000    1.959
   14   10 S1  0   2.72  0.0000    -3.519    0.000     0.741    -3.519    0.000    0.000    0.000    4.260
   14   11 C1  0   1.84  0.0000    -4.242    0.039     0.416    -4.322   -0.001    0.175   -0.054    4.618
   14   12 C1  0   1.02  0.0134   -14.397   -0.350    -7.523   -12.652    0.504   -1.203   -1.396    7.224
   14   13 C1  0   0.00  0.1476 -9433.243   -1.012 -9428.634 -9204.064 -100.439  -88.040  -41.712    5.621
