    2    1 C1  1   0.00  0.0971 -9404.718    0.361 -9477.799 -9146.526 -117.971  -92.288  -47.572  -73.442
    3    1 S1  1   2.12  0.0000    14.106    0.000    -3.827    14.106    0.000    0.000    0.000  -17.933
    3    2 C1  1   0.00  0.1223 -9449.517    0.025 -9473.625 -9193.755 -122.928  -90.241  -42.567  -24.133
    4    1 S1  1   3.80  0.0000    16.351    0.000    -4.887    16.351    0.000    0.000    0.000  -21.239
    4    2 S1  1   2.34  0.0000    20.702    0.000    -4.949    20.702    0.000    0.000    0.000  -25.651
    4    3 C1  1   0.00  0.1321 -9397.367    0.071 -9446.141 -9152.389 -121.783  -87.301  -35.823  -48.845
    5    1 S1  1   4.16  0.0000    13.734    0.000    -0.160    13.734    0.000    0.000    0.000  -13.894
    5    2 S1  1   3.02  0.0000    14.121    0.000     0.443    14.121    0.000    0.000    0.000  -13.677
    5    3 C1  1   1.67  0.0001    19.925   -0.209     6.679    19.831   -0.001    0.099   -0.212  -13.038
    5    4 C1  1   0.00  0.1132 -9408.613   -0.154 -9443.761 -9156.598 -118.650  -89.291  -44.229  -34.993
    6    1 S1  1   4.92  0.0000    15.794    0.000    -0.389    15.794    0.000    0.000    0.000  -16.184
    6    2 S1  1   3.68  0.0000    18.301    0.000     0.621    18.301    0.000    0.000    0.000  -17.680
    6    3 S1  1   2.55  0.0000    23.705    0.000     5.772    23.705    0.000    0.000    0.000  -17.933
    6    4 C1  1   1.89  0.0000    24.885    0.122     0.554    25.354   -0.002   -0.003   -0.342  -24.454
    6    5 C1  1   0.00  0.1152 -9421.690    0.269 -9450.805 -9169.135 -123.059  -89.612  -39.615  -29.384
    7    1 S1  1   6.33  0.0000    13.498    0.000    -4.122    13.498    0.000    0.000    0.000  -17.620
    7    2 S1  1   5.85  0.0000    14.334    0.000    -3.336    14.334    0.000    0.000    0.000  -17.670
    7    3 S1  1   5.33  0.0000    15.194    0.000    -0.166    15.194    0.000    0.000    0.000  -15.359
    7    4 S1  1   4.20  0.0000    16.518    0.000    -3.592    16.518    0.000    0.000    0.000  -20.110
    7    5 C1  1   1.97  0.0000    21.860   -0.235    -1.247    21.609   -0.002    0.132   -0.115  -22.872
    7    6 C1  1   0.00  0.1354 -9418.857   -0.822 -9454.586 -9173.093 -123.064  -88.844  -34.679  -34.907
    8    1 S1  1   4.91  0.0000    22.278    0.000    -4.058    22.278    0.000    0.000    0.000  -26.336
    8    2 S1  1   4.33  0.0000    24.316    0.000    -2.762    24.316    0.000    0.000    0.000  -27.078
    8    3 S1  1   3.72  0.0000    21.300    0.000     1.527    21.300    0.000    0.000    0.000  -19.774
    8    4 S1  1   2.99  0.0000    19.313    0.000    -3.213    19.313    0.000    0.000    0.000  -22.526
    8    5 C1  1   1.79 -0.0000    14.628   -0.930    -1.930    13.952   -0.002    0.012   -0.264  -15.628
    8    6 C1  1   0.71  0.0439    -7.428   -0.490   -33.211    -6.317   15.296   -5.126  -11.771  -25.293
    8    7 C1  1   0.00  0.1251 -9420.493   -0.590 -9457.986 -9175.579 -122.966  -88.221  -34.318  -36.903
    9    1 S1  1   4.14  0.0000    25.854    0.000    -1.525    25.854    0.000    0.000    0.000  -27.379
    9    2 S1  1   3.88  0.0000    24.336    0.000    -0.459    24.336    0.000    0.000    0.000  -24.794
    9    3 S1  1   3.43  0.0000    16.168    0.000     2.935    16.168    0.000    0.000    0.000  -13.233
    9    4 S1  1   2.60  0.0000    16.170    0.000    -0.966    16.170    0.000    0.000    0.000  -17.136
    9    5 C1  1   1.99  0.0000    19.415   -0.079     3.188    19.349   -0.002    0.116   -0.128  -16.148
    9    6 C1  1   0.69  0.0382    16.729   -0.451    -7.651    14.475   11.795   -4.291   -5.703  -23.928
    9    7 C1  1   0.73 -0.0412    14.004   -2.353   -21.207    10.569   11.308   -3.285   -6.942  -32.857
    9    8 C1  1   0.00  0.0819 -9427.571   -0.424 -9463.871 -9173.637 -121.963  -90.688  -41.706  -35.876
   10    1 S1  1   4.01  0.0000    28.324    0.000    -3.620    28.324    0.000    0.000    0.000  -31.944
   10    2 S1  1   3.40  0.0000    28.251    0.000    -2.228    28.251    0.000    0.000    0.000  -30.479
   10    3 S1  1   2.48  0.0000    18.961    0.000     1.543    18.961    0.000    0.000    0.000  -17.418
   10    4 C1  1   1.11 -0.0039    11.146   -0.599    -8.735    12.372    0.527   -0.720   -1.632  -19.281
   10    5 C1  1   0.70  0.0399   -33.948    0.241   -46.577   -43.724   29.009   -8.980  -10.012  -12.870
   10    6 C1  1   1.11 -0.0040    17.531    0.003    -2.429    20.837    0.503   -0.906   -2.900  -19.963
   10    7 S1  1   2.60  0.0000    18.697    0.000    -4.628    18.697    0.000    0.000    0.000  -23.325
   10    8 S1  1   2.12  0.0000    28.880    0.000    -2.227    28.880    0.000    0.000    0.000  -31.107
   10    9 C1  1   0.00  0.1083 -9408.989    0.795 -9450.027 -9158.294 -123.291  -87.546  -39.064  -41.833
   11    1 S1  1   3.75  0.0000    21.751    0.000    -4.855    21.751    0.000    0.000    0.000  -26.605
   11    2 S1  1   2.65  0.0000    20.902    0.000    -3.807    20.902    0.000    0.000    0.000  -24.709
   11    3 C1  1   1.72 -0.0000    21.304   -0.485     1.900    20.979   -0.001    0.024   -0.183  -18.918
   11    4 C1  1   0.65 -0.0015    -0.476   -0.656   -23.372   -16.973   33.491   -9.913   -7.737  -22.241
   11    5 C1  1   1.61  0.0002    22.890   -0.098     0.668    23.350    0.000   -0.091   -0.467  -22.124
   11    6 S1  1   2.55  0.0000    20.435    0.000     1.896    20.435    0.000    0.000    0.000  -18.539
   11    7 S1  1   3.74  0.0000    16.071    0.000    -3.876    16.071    0.000    0.000    0.000  -19.947
   11    8 S1  1   3.43  0.0000    17.972    0.000    -2.730    17.972    0.000    0.000    0.000  -20.703
   11    9 S1  1   2.11  0.0000    23.114    0.000    -0.832    23.114    0.000    0.000    0.000  -23.945
   11   10 C1  1   0.00  0.1073 -9414.388    0.401 -9460.509 -9161.310 -121.231  -90.134  -41.312  -46.522
   12    1 S1  1   2.50  0.0000    22.818    0.000    -4.833    22.818    0.000    0.000    0.000  -27.651
   12    2 C1  1   1.47 -0.0005    22.563   -0.629    -2.587    23.080    0.008   -0.356   -0.797  -24.522
   12    3 C1  1   0.67  0.0366   -39.363   -0.181   -52.668   -54.878   37.729  -11.913  -10.482  -13.123
   12    4 C1  1   1.40  0.0003    12.303    0.215    -6.758    15.010    0.093   -0.525   -2.061  -19.276
   12    5 S1  1   2.57  0.0000    19.701    0.000     2.375    19.701    0.000    0.000    0.000  -17.326
   12    6 S1  1   3.73  0.0000    16.191    0.000     1.339    16.191    0.000    0.000    0.000  -14.852
   12    7 S1  1   5.24  0.0000    13.167    0.000    -3.150    13.167    0.000    0.000    0.000  -16.317
   12    8 S1  1   4.73  0.0000    14.945    0.000    -2.583    14.945    0.000    0.000    0.000  -17.528
   12    9 S1  1   3.50  0.0000    20.691    0.000     0.041    20.691    0.000    0.000    0.000  -20.650
   12   10 S1  1   2.23  0.0000    34.075    0.000    -1.160    34.075    0.000    0.000    0.000  -35.235
   12   11 C1  1   0.00  0.1185 -9393.156    0.482 -9445.234 -9144.268 -124.551  -87.617  -36.239  -52.560
   13    1 C1  1   1.61  0.0001    11.448   -0.126    -6.864    11.525   -0.001    0.087   -0.289  -18.186
   13    2 C1  1   0.67 -0.0568   -26.088    0.023   -40.964   -31.175   20.684   -7.527   -8.048  -14.898
   13    3 C1  1   1.49 -0.0003    39.923   -0.539    20.126    40.215    0.013   -0.150   -0.694  -19.259
   13    4 S1  1   2.62  0.0000    21.442    0.000     3.711    21.442    0.000    0.000    0.000  -17.731
   13    5 S1  1   3.76  0.0000    16.096    0.000     6.551    16.096    0.000    0.000    0.000   -9.545
   13    6 S1  1   4.87  0.0000    13.492    0.000     4.827    13.492    0.000    0.000    0.000   -8.665
   13    7 S1  1   6.58  0.0000    10.602    0.000     0.634    10.602    0.000    0.000    0.000   -9.968
   13    8 S1  1   5.67  0.0000    12.781    0.000     1.828    12.781    0.000    0.000    0.000  -10.954
   13    9 S1  1   4.03  0.0000    13.617    0.000     3.856    13.617    0.000    0.000    0.000   -9.761
   13   10 S1  1   2.97  0.0000    15.400    0.000     3.129    15.400    0.000    0.000    0.000  -12.271
   13   11 S1  1   2.10  0.0000    17.482    0.000     2.951    17.482    0.000    0.000    0.000  -14.531
   13   12 C1  1   0.00  0.1111 -9433.351    0.081 -9456.070 -9179.596 -122.466  -88.670  -42.538  -22.800
   14    1 C1  0   0.65 -0.0685   -32.332   -0.425   -31.681   -42.252   23.410   -6.936   -6.980    1.077
   14    2 C1  0   1.25 -0.0003     1.922   -0.133     0.192     3.861    0.265   -0.376   -1.961   -1.597
   14    3 S1  0   2.36  0.0000     2.448    0.000     2.999     2.448    0.000    0.000    0.000    0.551
   14    4 S1  0   3.70  0.0000     0.586    0.000     1.433     0.586    0.000    0.000    0.000    0.848
   14    5 S1  0   4.83  0.0000    -0.334    0.000     1.071    -0.334    0.000    0.000    0.000    1.405
   14    6 S1  0   5.91  0.0000     0.111    0.000     1.155     0.111    0.000    0.000    0.000    1.044
   14    7 S1  0   7.61  0.0000     0.020    0.000     1.001     0.020    0.000    0.000    0.000    0.981
   14    8 S1  0   6.67  0.0000     0.577    0.000     1.397     0.577    0.000    0.000    0.000    0.820
   14    9 S1  0   5.00  0.0000     0.101    0.000     1.550     0.101    0.000    0.000    0.000    1.449
   14   10 S1  0   4.00  0.0000    -0.902    0.000     1.831    -0.902    0.000    0.000    0.000    2.732
   14   11 S1  0   3.29  0.0000    -2.812    0.000     1.668    -2.812    0.000    0.000    0.000    4.479
   14   12 S1  0   2.17  0.0000    -8.452    0.000     0.219    -8.452    0.000    0.000    0.000    8.671
   14   13 C1  0   0.00  0.1329 -9445.427   -0.347 -9439.182 -9201.767 -119.547  -86.200  -38.260    6.592
