    2    1 C1  1   0.00  0.0989 -9394.358    0.346 -9453.636 -9140.391 -117.687  -91.850  -44.084  -59.624
    3    1 S1  1   2.05  0.0000    13.117    0.000    -0.407    13.117    0.000    0.000    0.000  -13.524
    3    2 C1  1   0.00  0.1246 -9426.795    0.174 -9444.630 -9182.013 -114.522  -87.659  -42.428  -18.008
    4    1 S1  1   3.48  0.0000    16.594    0.000    -1.297    16.594    0.000    0.000    0.000  -17.891
    4    2 S1  1   2.18  0.0000    17.874    0.000    -3.038    17.874    0.000    0.000    0.000  -20.912
    4    3 C1  1   0.00  0.1377 -9386.126    0.165 -9427.223 -9147.344 -117.147  -85.715  -35.754  -41.262
    5    1 S1  1   4.25  0.0000    15.800    0.000     2.417    15.800    0.000    0.000    0.000  -13.382
    5    2 S1  1   2.78  0.0000    16.069    0.000     2.065    16.069    0.000    0.000    0.000  -14.004
    5    3 C1  1   1.55  0.0004    19.481    0.084     5.236    19.826    0.000    0.049   -0.309  -14.329
    5    4 C1  1   0.00  0.1303 -9395.329   -0.021 -9440.775 -9143.988 -114.276  -88.900  -48.187  -45.425
    6    1 S1  1   5.08  0.0000    15.248    0.000     1.517    15.248    0.000    0.000    0.000  -13.731
    6    2 S1  1   3.52  0.0000    18.007    0.000     1.550    18.007    0.000    0.000    0.000  -16.457
    6    3 S1  1   2.34  0.0000    26.281    0.000     6.301    26.281    0.000    0.000    0.000  -19.980
    6    4 S1  1   2.01  0.0000    27.748    0.000     2.869    27.748    0.000    0.000    0.000  -24.879
    6    5 C1  1   0.00  0.1078 -9428.679   -0.264 -9460.142 -9174.532 -120.181  -91.313  -42.917  -31.199
    7    1 S1  1   6.74  0.0000    12.328    0.000    -2.367    12.328    0.000    0.000    0.000  -14.694
    7    2 S1  1   5.80  0.0000    13.957    0.000    -2.476    13.957    0.000    0.000    0.000  -16.432
    7    3 S1  1   5.03  0.0000    16.020    0.000    -0.127    16.020    0.000    0.000    0.000  -16.147
    7    4 S1  1   3.88  0.0000    17.332    0.000    -2.556    17.332    0.000    0.000    0.000  -19.888
    7    5 C1  1   1.72  0.0000    21.783   -0.318    -0.934    21.512   -0.001    0.079   -0.125  -22.399
    7    6 C1  1   0.00  0.1338 -9428.694   -1.169 -9462.576 -9180.307 -124.249  -89.809  -35.498  -32.712
    8    1 S1  1   5.45  0.0000    17.629    0.000    -2.403    17.629    0.000    0.000    0.000  -20.031
    8    2 S1  1   4.23  0.0000    21.756    0.000    -2.207    21.756    0.000    0.000    0.000  -23.963
    8    3 S1  1   3.46  0.0000    20.127    0.000     0.412    20.127    0.000    0.000    0.000  -19.715
    8    4 S1  1   2.92  0.0000    16.236    0.000    -3.211    16.236    0.000    0.000    0.000  -19.447
    8    5 C1  1   1.87  0.0000    14.391   -0.999    -2.052    13.705   -0.002   -0.039   -0.273  -15.444
    8    6 C1  1   0.74  0.0412    -7.450   -0.504   -31.957    -3.731   13.123   -5.018  -12.329  -24.002
    8    7 C1  1   0.00  0.1237 -9423.821   -0.351 -9464.556 -9177.269 -123.836  -88.259  -34.807  -40.384
    9    1 S1  1   4.52  0.0000    20.519    0.000     0.163    20.519    0.000    0.000    0.000  -20.356
    9    2 S1  1   4.30  0.0000    21.561    0.000     0.537    21.561    0.000    0.000    0.000  -21.024
    9    3 S1  1   4.12  0.0000    15.901    0.000     2.635    15.901    0.000    0.000    0.000  -13.266
    9    4 S1  1   2.76  0.0000    16.599    0.000     0.559    16.599    0.000    0.000    0.000  -16.040
    9    5 S1  1   2.29  0.0000    20.857    0.000     4.158    20.857    0.000    0.000    0.000  -16.699
    9    6 C1  1   0.69  0.0280    17.373   -0.656    -6.193    13.971   13.246   -4.420   -6.081  -22.909
    9    7 C1  1   0.83 -0.0271    14.480   -1.400   -17.738    16.285    3.900   -2.291   -4.815  -30.817
    9    8 C1  1   0.00  0.0931 -9418.051   -0.134 -9454.536 -9165.903 -123.547  -88.739  -39.996  -36.351
   10    1 S1  1   3.90  0.0000    29.988    0.000    -2.285    29.988    0.000    0.000    0.000  -32.274
   10    2 S1  1   3.21  0.0000    30.808    0.000    -2.058    30.808    0.000    0.000    0.000  -32.866
   10    3 S1  1   2.86  0.0000    16.336    0.000    -1.746    16.336    0.000    0.000    0.000  -18.082
   10    4 C1  1   1.22 -0.0018     9.963   -0.948   -10.141    10.785    0.161   -0.631   -1.301  -19.155
   10    5 C1  1   0.62  0.0725   -23.326   -0.568   -39.509   -33.767   26.591   -8.792   -7.926  -15.616
   10    6 C1  1   1.18 -0.0029    16.887    0.104    -4.016    20.117    0.330   -0.811   -2.645  -21.007
   10    7 S1  1   2.91  0.0000    17.293    0.000    -4.879    17.293    0.000    0.000    0.000  -22.171
   10    8 S1  1   2.10  0.0000    30.017    0.000    -4.390    30.017    0.000    0.000    0.000  -34.407
   10    9 C1  1   0.00  0.1186 -9407.343    0.901 -9450.343 -9157.265 -125.246  -87.010  -36.921  -43.901
   11    1 S1  1   3.29  0.0000    27.051    0.000    -0.565    27.051    0.000    0.000    0.000  -27.616
   11    2 S1  1   2.79  0.0000    26.803    0.000    -0.613    26.803    0.000    0.000    0.000  -27.416
   11    3 C1  1   1.98 -0.0000    19.274   -0.167     2.364    19.281   -0.002   -0.015   -0.159  -16.742
   11    4 C1  1   0.67  0.0009     2.013   -0.593   -19.296   -13.707   33.136   -9.901   -8.108  -20.716
   11    5 C1  1   1.58  0.0002    23.971    0.152     3.222    24.523   -0.000    0.063   -0.464  -20.901
   11    6 S1  1   2.56  0.0000    19.348    0.000     2.956    19.348    0.000    0.000    0.000  -16.392
   11    7 S1  1   4.26  0.0000    14.473    0.000    -2.406    14.473    0.000    0.000    0.000  -16.879
   11    8 S1  1   3.32  0.0000    16.963    0.000    -1.912    16.963    0.000    0.000    0.000  -18.875
   11    9 S1  1   2.23  0.0000    19.519    0.000     0.151    19.519    0.000    0.000    0.000  -19.368
   11   10 C1  1   0.00  0.1180 -9415.201    0.595 -9449.727 -9167.353 -122.855  -87.008  -37.390  -35.121
   12    1 S1  1   2.82  0.0000    27.550    0.000    -2.820    27.550    0.000    0.000    0.000  -30.369
   12    2 C1  1   1.48  0.0003    27.807   -0.625    -1.989    28.225    0.005   -0.219   -0.828  -29.172
   12    3 C1  1   0.69  0.0394   -17.044   -0.276   -31.833   -30.009   30.083   -7.734   -9.661  -14.512
   12    4 C1  1   1.14 -0.0003    16.231    0.102    -8.247    20.008    1.047   -0.951   -3.771  -24.579
   12    5 S1  1   2.28  0.0000    24.371    0.000     1.671    24.371    0.000    0.000    0.000  -22.701
   12    6 S1  1   3.51  0.0000    17.186    0.000     0.480    17.186    0.000    0.000    0.000  -16.706
   12    7 S1  1   5.12  0.0000    12.992    0.000    -3.607    12.992    0.000    0.000    0.000  -16.598
   12    8 S1  1   4.65  0.0000    13.835    0.000    -3.585    13.835    0.000    0.000    0.000  -17.420
   12    9 S1  1   4.11  0.0000    17.137    0.000    -1.221    17.137    0.000    0.000    0.000  -18.358
   12   10 S1  1   2.35  0.0000    24.574    0.000    -5.307    24.574    0.000    0.000    0.000  -29.881
   12   11 C1  1   0.00  0.1230 -9378.825    0.536 -9422.570 -9140.082 -116.560  -85.249  -36.398  -44.281
   13    1 C1  1   1.85  0.0000    20.342   -0.351     1.303    20.214   -0.001    0.067   -0.289  -18.688
   13    2 C1  1   0.87 -0.0181   -19.227   -0.182   -33.731   -13.608    4.138   -4.050   -5.890  -14.322
   13    3 C1  1   1.44 -0.0010    41.138   -0.443    14.369    41.594    0.014   -0.175   -0.737  -26.326
   13    4 C1  1   1.89 -0.0000    26.774    0.044     3.310    27.224   -0.001   -0.065   -0.341  -23.507
   13    5 S1  1   2.90  0.0000    20.349    0.000     5.268    20.349    0.000    0.000    0.000  -15.081
   13    6 S1  1   4.54  0.0000    15.442    0.000     3.761    15.442    0.000    0.000    0.000  -11.681
   13    7 S1  1   6.19  0.0000    11.363    0.000    -0.474    11.363    0.000    0.000    0.000  -11.837
   13    8 S1  1   5.73  0.0000    12.329    0.000    -0.087    12.329    0.000    0.000    0.000  -12.417
   13    9 S1  1   5.37  0.0000    13.022    0.000     2.057    13.022    0.000    0.000    0.000  -10.965
   13   10 S1  1   3.76  0.0000    14.834    0.000    -0.516    14.834    0.000    0.000    0.000  -15.350
   13   11 C1  1   1.99  0.0000    18.715    0.051     1.590    18.799   -0.002    0.084   -0.117  -17.175
   13   12 C1  1   0.00  0.1284 -9402.592    0.156 -9437.400 -9160.757 -115.067  -85.700  -40.912  -34.964
   14    1 C1  0   0.78  0.0143   -22.763    0.172   -15.722   -21.865    6.571   -2.895   -4.401    6.868
   14    2 C1  0   1.06 -0.0044   -12.002   -0.030   -11.413    -9.148    3.911   -1.468   -5.327    0.620
   14    3 S1  0   2.00  0.0000     6.105    0.000     3.040     6.105    0.000    0.000    0.000   -3.065
   14    4 S1  0   3.33  0.0000     0.984    0.000     0.634     0.984    0.000    0.000    0.000   -0.351
   14    5 S1  0   4.64  0.0000    -0.151    0.000     0.310    -0.151    0.000    0.000    0.000    0.461
   14    6 S1  0   5.78  0.0000     0.305    0.000     0.385     0.305    0.000    0.000    0.000    0.079
   14    7 S1  0   7.83  0.0000     0.135    0.000     0.305     0.135    0.000    0.000    0.000    0.170
   14    8 S1  0   6.80  0.0000     0.421    0.000     0.330     0.421    0.000    0.000    0.000   -0.091
   14    9 S1  0   6.19  0.0000     0.005    0.000     0.290     0.005    0.000    0.000    0.000    0.285
   14   10 S1  0   4.75  0.0000    -0.330    0.000     0.256    -0.330    0.000    0.000    0.000    0.586
   14   11 S1  0   3.44  0.0000    -2.357    0.000    -0.107    -2.357    0.000    0.000    0.000    2.250
   14   12 S1  0   2.17  0.0000    -7.123    0.000    -1.826    -7.123    0.000    0.000    0.000    5.297
   14   13 C1  0   0.00  0.1201 -9432.648   -0.437 -9429.407 -9187.989 -120.681  -86.071  -38.345    3.679
