    2    1 C1  1   0.00  0.1011 -9409.301   -0.040 -9461.077 -9176.057  -88.298  -95.773  -49.213  -51.736
    3    1 C1  1   1.78 -0.0000    12.209   -0.245    -4.316    12.463   -0.001   -0.085   -0.413  -16.280
    3    2 C1  1   0.00  0.0954 -9416.648    0.058 -9444.037 -9176.241 -101.970  -90.766  -47.613  -27.447
    4    1 S1  1   3.32  0.0000    14.798    0.000    -5.319    14.798    0.000    0.000    0.000  -20.117
    4    2 S1  1   2.30  0.0000    20.773    0.000    -7.729    20.773    0.000    0.000    0.000  -28.502
    4    3 C1  1   0.00  0.1501 -9349.138    0.069 -9412.462 -9116.185 -112.485  -84.942  -35.457  -63.393
    5    1 S1  1   3.94  0.0000    13.186    0.000    -1.237    13.186    0.000    0.000    0.000  -14.422
    5    2 S1  1   2.76  0.0000    15.416    0.000    -2.332    15.416    0.000    0.000    0.000  -17.748
    5    3 C1  1   1.52  0.0003    24.924   -0.630     3.305    24.683    0.002   -0.148   -0.242  -20.990
    5    4 C1  1   0.00  0.1153 -9421.466   -0.973 -9469.997 -9177.601 -100.626  -91.765  -52.447  -47.558
    6    1 S1  1   5.23  0.0000    12.742    0.000     0.014    12.742    0.000    0.000    0.000  -12.727
    6    2 S1  1   3.78  0.0000    16.793    0.000     0.264    16.793    0.000    0.000    0.000  -16.529
    6    3 S1  1   2.60  0.0000    23.395    0.000     6.753    23.395    0.000    0.000    0.000  -16.642
    6    4 C1  1   1.83  0.0000    24.750   -0.186    -1.315    24.997   -0.001   -0.049   -0.383  -25.879
    6    5 C1  1   0.00  0.0966 -9426.370   -0.689 -9460.418 -9175.529 -117.617  -91.108  -42.805  -33.359
    7    1 S1  1   6.73  0.0000    11.010    0.000    -3.234    11.010    0.000    0.000    0.000  -14.244
    7    2 S1  1   5.79  0.0000    12.864    0.000    -3.713    12.864    0.000    0.000    0.000  -16.577
    7    3 S1  1   4.66  0.0000    15.677    0.000     0.009    15.677    0.000    0.000    0.000  -15.668
    7    4 S1  1   2.95  0.0000    17.627    0.000    -5.170    17.627    0.000    0.000    0.000  -22.797
    7    5 C1  1   1.69  0.0000    25.615   -0.470    -1.340    25.323   -0.001    0.032   -0.209  -26.484
    7    6 C1  1   0.00  0.1221 -9431.107   -0.885 -9468.525 -9179.712 -123.405  -91.983  -36.892  -36.533
    8    1 S1  1   6.52  0.0000    11.685    0.000    -3.490    11.685    0.000    0.000    0.000  -15.175
    8    2 S1  1   5.04  0.0000    16.356    0.000    -3.723    16.356    0.000    0.000    0.000  -20.079
    8    3 S1  1   3.79  0.0000    18.613    0.000    -0.083    18.613    0.000    0.000    0.000  -18.695
    8    4 S1  1   2.58  0.0000    18.926    0.000    -5.474    18.926    0.000    0.000    0.000  -24.400
    8    5 C1  1   1.26  0.0014    12.312   -0.840    -8.663    12.515    0.059   -0.424   -0.678  -20.136
    8    6 C1  1   0.77  0.0346    -0.138   -0.424   -28.382    -0.424   19.381   -6.967  -12.553  -27.819
    8    7 C1  1   0.00  0.1282 -9427.139    0.580 -9462.631 -9178.837 -127.115  -87.052  -33.556  -36.073
    9    1 S1  1   4.96  0.0000    14.245    0.000    -1.796    14.245    0.000    0.000    0.000  -16.041
    9    2 S1  1   4.37  0.0000    18.995    0.000    -1.443    18.995    0.000    0.000    0.000  -20.438
    9    3 S1  1   4.11  0.0000    17.522    0.000     2.893    17.522    0.000    0.000    0.000  -14.629
    9    4 S1  1   3.09  0.0000    17.733    0.000    -2.259    17.733    0.000    0.000    0.000  -19.993
    9    5 S1  1   2.26  0.0000    19.746    0.000     1.836    19.746    0.000    0.000    0.000  -17.910
    9    6 C1  1   0.72  0.0385    21.019   -0.721    -3.418    20.604    9.229   -4.096   -5.438  -23.716
    9    7 C1  1   0.84 -0.0337    16.822   -2.042   -18.948    17.406    4.521   -1.755   -5.392  -33.728
    9    8 C1  1   0.00  0.0796 -9415.718   -0.562 -9454.500 -9166.154 -119.261  -89.136  -41.728  -38.220
   10    1 S1  1   3.40  0.0000    21.993    0.000    -3.278    21.993    0.000    0.000    0.000  -25.270
   10    2 S1  1   3.28  0.0000    30.354    0.000    -0.820    30.354    0.000    0.000    0.000  -31.175
   10    3 S1  1   2.87  0.0000    21.066    0.000     3.065    21.066    0.000    0.000    0.000  -18.001
   10    4 C1  1   1.22 -0.0012    18.301   -0.954    -4.705    18.835    0.039   -0.590   -0.937  -22.052
   10    5 C1  1   0.75  0.0271   -14.339   -0.267   -27.093   -24.562   24.614   -6.532   -8.126  -12.487
   10    6 C1  1   1.07 -0.0040    15.595    0.293    -3.153    19.351    1.143   -1.135   -3.471  -19.040
   10    7 S1  1   2.31  0.0000    17.204    0.000    -3.003    17.204    0.000    0.000    0.000  -20.207
   10    8 S1  1   2.34  0.0000    26.910    0.000    -1.872    26.910    0.000    0.000    0.000  -28.782
   10    9 C1  1   0.00  0.0923 -9383.268    0.947 -9417.603 -9140.984 -121.752  -84.830  -34.753  -35.282
   11    1 S1  1   3.04  0.0000    30.171    0.000    -2.069    30.171    0.000    0.000    0.000  -32.240
   11    2 S1  1   2.66  0.0000    26.707    0.000    -2.786    26.707    0.000    0.000    0.000  -29.493
   11    3 S1  1   2.07  0.0000    19.716    0.000     3.390    19.716    0.000    0.000    0.000  -16.326
   11    4 C1  1   0.76 -0.0038    14.272   -0.635   -10.252     7.195   15.830   -4.146   -5.242  -23.889
   11    5 C1  1   1.11 -0.0056    17.853   -0.411    -2.188    18.723    0.121   -0.406   -0.996  -19.630
   11    6 S1  1   2.32  0.0000    19.852    0.000     3.312    19.852    0.000    0.000    0.000  -16.540
   11    7 S1  1   3.22  0.0000    17.011    0.000    -2.983    17.011    0.000    0.000    0.000  -19.993
   11    8 S1  1   3.68  0.0000    15.356    0.000    -2.509    15.356    0.000    0.000    0.000  -17.865
   11    9 S1  1   2.40  0.0000    19.448    0.000     0.134    19.448    0.000    0.000    0.000  -19.315
   11   10 C1  1   0.00  0.1102 -9377.424    0.712 -9404.807 -9140.475 -112.380  -86.691  -37.167  -28.095
   12    1 S1  1   2.10  0.0000    31.202    0.000    -3.641    31.202    0.000    0.000    0.000  -34.844
   12    2 C1  1   1.75  0.0000    29.352   -0.339    -3.573    30.024   -0.001   -0.185   -0.825  -32.585
   12    3 C1  1   0.62 -0.0366    -5.308   -0.586   -22.000   -29.883   46.522  -12.647   -9.886  -16.106
   12    4 C1  1   1.14  0.0022    14.535    0.096   -10.449    17.682    1.072   -0.856   -3.267  -25.080
   12    5 S1  1   2.23  0.0000    18.723    0.000    -2.648    18.723    0.000    0.000    0.000  -21.372
   12    6 S1  1   3.50  0.0000    17.406    0.000     0.252    17.406    0.000    0.000    0.000  -17.154
   12    7 S1  1   3.67  0.0000    15.670    0.000    -4.243    15.670    0.000    0.000    0.000  -19.913
   12    8 S1  1   4.70  0.0000    12.677    0.000    -3.940    12.677    0.000    0.000    0.000  -16.617
   12    9 S1  1   4.28  0.0000    16.299    0.000    -1.558    16.299    0.000    0.000    0.000  -17.857
   12   10 S1  1   2.28  0.0000    22.239    0.000    -2.654    22.239    0.000    0.000    0.000  -24.893
   12   11 C1  1   0.00  0.1217 -9340.161    0.652 -9382.514 -9113.430 -102.580  -87.108  -36.391  -43.005
   13    1 C1  1   1.58  0.0000    10.701   -0.242    -1.882    11.136    0.000   -0.176   -0.502  -12.341
   13    2 C1  1   0.70 -0.0312   -19.798   -0.138   -37.852   -45.402   49.191   -9.716  -14.009  -17.916
   13    3 C1  1   0.99  0.0027    81.392   -7.457    56.890    65.040    0.520   12.100   -3.725  -17.045
   13    4 C1  1   0.78 -0.0717    66.813   -8.716    20.874    28.972   29.108   11.346  -11.328  -37.223
   13    5 C1  1   1.92 -0.0000    35.222   -0.433    19.536    34.926   -0.002   -0.056   -0.080  -15.253
   13    6 S1  1   3.27  0.0000    23.271    0.000    14.857    23.271    0.000    0.000    0.000   -8.414
   13    7 S1  1   3.94  0.0000    16.638    0.000     5.254    16.638    0.000    0.000    0.000  -11.383
   13    8 S1  1   4.28  0.0000    15.463    0.000     4.419    15.463    0.000    0.000    0.000  -11.044
   13    9 S1  1   4.46  0.0000    17.379    0.000     8.591    17.379    0.000    0.000    0.000   -8.787
   13   10 S1  1   3.07  0.0000    19.627    0.000     8.225    19.627    0.000    0.000    0.000  -11.402
   13   11 S1  1   2.36  0.0000    24.994    0.000    12.589    24.994    0.000    0.000    0.000  -12.405
   13   12 C1  1   0.00  0.0641 -9441.725    0.878 -9454.997 -9209.022  -96.435  -92.387  -43.003  -14.150
   14    1 C1  0   1.41 -0.0009    -3.307   -0.228    -4.413    -2.704    0.005   -0.246   -0.589   -0.878
   14    2 C1  0   0.93 -0.0092     3.476   -0.647    -0.694     4.685    3.922   -1.648   -4.131   -3.522
   14    3 C1  0   0.66  0.0578    17.356   -8.507     4.457   -33.983   70.666   -8.542  -19.292   -4.392
   14    4 C1  0   0.80  0.0081    17.228  -11.956     7.320   -13.494   33.787   -8.301   -6.720    2.047
   14    5 S1  0   2.30  0.0000    -3.720    0.000    -3.840    -3.720    0.000    0.000    0.000   -0.120
   14    6 S1  0   3.68  0.0000    -1.898    0.000    -2.669    -1.898    0.000    0.000    0.000   -0.771
   14    7 S1  0   4.93  0.0000    -1.357    0.000    -1.555    -1.357    0.000    0.000    0.000   -0.198
   14    8 S1  0   4.81  0.0000    -0.606    0.000    -1.219    -0.606    0.000    0.000    0.000   -0.613
   14    9 S1  0   5.09  0.0000    -0.955    0.000    -1.785    -0.955    0.000    0.000    0.000   -0.830
   14   10 S1  0   3.63  0.0000    -0.593    0.000    -1.687    -0.593    0.000    0.000    0.000   -1.094
   14   11 S1  0   3.20  0.0000    -2.369    0.000    -3.046    -2.369    0.000    0.000    0.000   -0.677
   14   12 C1  0   1.64 -0.0001     0.144   -0.026     1.045     0.316   -0.001    0.009   -0.206    0.927
   14   13 C1  0   0.00  0.1614 -9444.769    1.794 -9447.640 -9218.596  -89.125  -93.676  -41.578   -4.665
