    2    1 C1  1   0.00  0.0740 -9429.807    0.574 -9466.643 -9171.817 -121.784  -91.057  -44.574  -37.410
    3    1 C1  1   1.50  0.0000    11.157   -0.117    -0.392    11.551    0.006    0.032   -0.549  -11.433
    3    2 C1  1   0.00  0.1138 -9453.080   -0.155 -9476.102 -9200.004 -109.390  -95.413  -48.429  -22.867
    4    1 S1  1   2.74  0.0000    34.871    0.000    -2.628    34.871    0.000    0.000    0.000  -37.499
    4    2 C1  1   1.49 -0.0005    66.794    0.225     6.512    67.490    0.010    0.119   -0.601  -60.507
    4    3 C1  1   0.00  0.1467 -9421.909    0.902 -9454.104 -9173.513 -120.735  -90.191  -36.568  -33.097
    5    1 S1  1   3.95  0.0000    18.680    0.000    -3.233    18.680    0.000    0.000    0.000  -21.913
    5    2 S1  1   2.62  0.0000    24.970    0.000    -0.850    24.970    0.000    0.000    0.000  -25.820
    5    3 C1  1   1.28 -0.0009    35.286   -0.633    -4.486    34.372    0.015    1.128   -0.863  -39.138
    5    4 C1  1   0.00  0.0768 -9430.418   -0.585 -9478.066 -9172.319 -128.216  -90.414  -40.055  -47.063
    6    1 S1  1   5.72  0.0000    15.278    0.000     1.055    15.278    0.000    0.000    0.000  -14.223
    6    2 S1  1   4.29  0.0000    20.425    0.000     4.559    20.425    0.000    0.000    0.000  -15.866
    6    3 S1  1   2.67  0.0000    24.606    0.000     2.820    24.606    0.000    0.000    0.000  -21.786
    6    4 S1  1   2.22  0.0000    27.296    0.000    -1.372    27.296    0.000    0.000    0.000  -28.668
    6    5 C1  1   0.00  0.1063 -9440.678   -0.122 -9480.606 -9189.617 -117.493  -94.801  -38.889  -39.806
    7    1 S1  1   5.52  0.0000    14.490    0.000    -1.185    14.490    0.000    0.000    0.000  -15.675
    7    2 S1  1   4.20  0.0000    18.580    0.000     1.547    18.580    0.000    0.000    0.000  -17.033
    7    3 S1  1   2.47  0.0000    22.059    0.000    -0.910    22.059    0.000    0.000    0.000  -22.969
    7    4 S1  1   2.23  0.0000    24.313    0.000    -4.752    24.313    0.000    0.000    0.000  -29.064
    7    5 C1  1   1.04 -0.0018    26.808    0.446   -16.691    36.221    5.762   -2.714  -12.016  -43.944
    7    6 C1  1   0.00  0.1253 -9397.004    0.476 -9446.814 -9150.063 -125.175  -88.607  -32.683  -50.287
    8    1 S1  0   6.51  0.0000     1.010    0.000    -0.213     1.010    0.000    0.000    0.000   -1.223
    8    2 S1  0   5.27  0.0000     1.205    0.000    -0.037     1.205    0.000    0.000    0.000   -1.242
    8    3 S1  0   3.69  0.0000     1.042    0.000    -0.231     1.042    0.000    0.000    0.000   -1.273
    8    4 S1  0   3.39  0.0000     1.791    0.000    -0.659     1.791    0.000    0.000    0.000   -2.450
    8    5 S1  0   2.10  0.0000     0.957    0.000    -1.543     0.957    0.000    0.000    0.000   -2.500
    8    6 C1  0   1.81  0.0000    -2.434    0.159    -2.077    -2.172   -0.001    0.109   -0.212    0.199
    8    7 C1  0   0.00  0.1094 -9475.210    0.164 -9473.980 -9218.002 -120.291  -92.623  -44.130    1.065
    9    1 S1  1   5.57  0.0000    17.418    0.000     0.742    17.418    0.000    0.000    0.000  -16.676
    9    2 S1  1   5.23  0.0000    17.017    0.000     3.521    17.017    0.000    0.000    0.000  -13.495
    9    3 S1  1   4.10  0.0000    18.539    0.000     3.411    18.539    0.000    0.000    0.000  -15.128
    9    4 S1  1   2.69  0.0000    19.840    0.000    -3.798    19.840    0.000    0.000    0.000  -23.638
    9    5 S1  1   2.19  0.0000    14.454    0.000    -5.978    14.454    0.000    0.000    0.000  -20.432
    9    6 S1  1   2.88  0.0000    16.402    0.000     0.899    16.402    0.000    0.000    0.000  -15.503
    9    7 C1  1   1.28  0.0017    12.878   -0.279    -7.785    13.834    0.053   -0.462   -0.825  -20.384
    9    8 C1  0   0.00  0.1046 -9494.722   -0.750 -9501.804 -9255.614 -109.084  -94.256  -36.519   -6.332
   10    1 S1  1   5.23  0.0000    17.590    0.000     3.562    17.590    0.000    0.000    0.000  -14.028
   10    2 S1  1   4.46  0.0000    18.391    0.000     7.092    18.391    0.000    0.000    0.000  -11.299
   10    3 S1  1   3.39  0.0000    25.434    0.000     9.485    25.434    0.000    0.000    0.000  -15.949
   10    4 C1  1   1.75 -0.0000    14.796   -0.040    -4.289    15.107   -0.001   -0.011   -0.339  -19.044
   10    5 C1  1   1.31  0.0002    14.600    0.218    -4.550    15.511    0.019   -0.191   -0.522  -19.368
   10    6 S1  1   3.14  0.0000    17.906    0.000     4.927    17.906    0.000    0.000    0.000  -12.979
   10    7 C1  1   0.70 -0.0433   -35.047   -0.065   -49.690   -46.379   31.203   -9.911  -10.024  -14.578
   10    8 C1  0   1.46 -0.0004    -0.256    0.068    -3.990     0.453    0.008    0.109   -0.758   -3.802
   10    9 C1  1   0.00  0.0859 -9424.475    0.428 -9462.418 -9167.959 -120.984  -90.701  -44.402  -38.371
   11    1 S1  1   4.06  0.0000    20.382    0.000     4.990    20.382    0.000    0.000    0.000  -15.392
   11    2 S1  1   3.33  0.0000    27.967    0.000    12.009    27.967    0.000    0.000    0.000  -15.958
   11    3 S1  1   2.35  0.0000    41.334    0.000    15.066    41.334    0.000    0.000    0.000  -26.267
   11    4 C1  1   0.72 -0.0166    13.393    0.532   -12.121    17.288   13.514   -4.688  -12.189  -26.046
   11    5 C1  1   0.68 -0.0748   -10.234    0.255   -37.916   -23.761   29.120   -6.940   -8.398  -27.937
   11    6 S1  1   3.22  0.0000    24.027    0.000     8.868    24.027    0.000    0.000    0.000  -15.159
   11    7 C1  1   1.19 -0.0019    21.064    0.015    -1.275    24.219    0.609   -0.868   -2.881  -22.354
   11    8 S1  0   2.37  0.0000     2.753    0.000     0.607     2.753    0.000    0.000    0.000   -2.146
   11    9 C1  1   1.47  0.0000    10.549   -0.070     1.045    10.981    0.007    0.038   -0.548   -9.434
   11   10 C1  1   0.00  0.1199 -9453.738   -0.181 -9472.783 -9200.073 -111.205  -94.756  -47.885  -18.863
   12    1 S1  1   2.66  0.0000    21.876    0.000    -0.987    21.876    0.000    0.000    0.000  -22.863
   12    2 C1  1   1.62  0.0002    16.458    0.112    -0.828    16.942   -0.001    0.003   -0.374  -17.399
   12    3 C1  1   0.75  0.0180    13.943    0.129    -8.985    17.695   12.708   -4.434  -11.896  -23.058
   12    4 C1  1   0.79 -0.0121     2.234    0.139   -25.397     9.828   17.453   -5.596  -19.313  -27.769
   12    5 S1  1   2.37  0.0000    14.102    0.000    -6.458    14.102    0.000    0.000    0.000  -20.559
   12    6 S1  1   4.31  0.0000    14.506    0.000    -0.088    14.506    0.000    0.000    0.000  -14.594
   12    7 S1  1   3.38  0.0000    13.878    0.000    -3.764    13.878    0.000    0.000    0.000  -17.642
   12    8 S1  0   4.35  0.0000     1.524    0.000    -0.550     1.524    0.000    0.000    0.000   -2.074
   12    9 S1  1   2.70  0.0000    35.109    0.000     0.274    35.109    0.000    0.000    0.000  -34.835
   12   10 C1  1   1.48 -0.0006    64.678    0.195     9.896    65.378    0.012    0.114   -0.630  -54.978
   12   11 C1  1   0.00  0.1533 -9425.467    0.563 -9449.563 -9175.193 -122.042  -91.275  -36.394  -24.660
   13    1 S1  1   2.15  0.0000    14.951    0.000    -6.254    14.951    0.000    0.000    0.000  -21.206
   13    2 C1  1   1.27 -0.0002    13.708    0.178    -5.041    14.709    0.037   -0.235   -0.624  -18.927
   13    3 C1  1   0.69  0.0712   -10.243    0.204   -36.419   -22.748   27.524   -6.544   -8.271  -26.380
   13    4 S1  1   2.40  0.0000    13.353    0.000    -7.474    13.353    0.000    0.000    0.000  -20.828
   13    5 S1  1   3.55  0.0000    13.100    0.000    -6.075    13.100    0.000    0.000    0.000  -19.175
   13    6 S1  1   5.69  0.0000    11.876    0.000    -2.011    11.876    0.000    0.000    0.000  -13.887
   13    7 S1  1   4.39  0.0000    11.511    0.000    -4.472    11.511    0.000    0.000    0.000  -15.983
   13    8 S1  0   5.70  0.0000     0.703    0.000    -0.581     0.703    0.000    0.000    0.000   -1.284
   13    9 S1  1   3.89  0.0000    18.739    0.000    -3.259    18.739    0.000    0.000    0.000  -21.998
   13   10 S1  1   2.60  0.0000    25.058    0.000    -1.304    25.058    0.000    0.000    0.000  -26.362
   13   11 C1  1   1.25 -0.0012    38.159   -0.736    -2.386    37.114    0.022    1.384   -1.097  -39.808
   13   12 C1  1   0.00  0.0727 -9430.058   -0.721 -9474.683 -9172.089 -128.398  -90.497  -39.795  -43.904
   14    1 S1  1   2.85  0.0000    17.406    0.000     1.614    17.406    0.000    0.000    0.000  -15.793
   14    2 S1  1   3.08  0.0000    18.104    0.000     5.587    18.104    0.000    0.000    0.000  -12.517
   14    3 S1  1   3.18  0.0000    23.497    0.000     8.251    23.497    0.000    0.000    0.000  -15.246
   14    4 S1  1   4.30  0.0000    13.668    0.000    -1.802    13.668    0.000    0.000    0.000  -15.470
   14    5 S1  1   5.67  0.0000    12.017    0.000    -1.878    12.017    0.000    0.000    0.000  -13.895
   14    6 S1  1   7.37  0.0000    11.117    0.000     1.306    11.117    0.000    0.000    0.000   -9.811
   14    7 S1  1   6.03  0.0000    10.804    0.000    -0.973    10.804    0.000    0.000    0.000  -11.777
   14    8 S1  0   7.25  0.0000     0.630    0.000    -0.232     0.630    0.000    0.000    0.000   -0.861
   14    9 S1  1   5.68  0.0000    15.254    0.000     1.059    15.254    0.000    0.000    0.000  -14.194
   14   10 S1  1   4.25  0.0000    20.624    0.000     4.401    20.624    0.000    0.000    0.000  -16.223
   14   11 S1  1   2.63  0.0000    24.723    0.000     4.544    24.723    0.000    0.000    0.000  -20.179
   14   12 S1  1   2.22  0.0000    26.428    0.000     0.285    26.428    0.000    0.000    0.000  -26.143
   14   13 C1  1   0.00  0.1115 -9440.935   -0.051 -9479.480 -9190.669 -117.805  -93.928  -38.584  -38.494
   15    1 C1  1   1.25 -0.0020    13.800   -0.292    -7.418    14.871    0.071   -0.528   -0.905  -20.926
   15    2 C1  1   0.71  0.0423   -35.217   -0.217   -49.210   -45.075   29.165   -9.653   -9.871  -13.775
   15    3 C1  1   1.20  0.0016    20.041   -0.037    -2.188    22.895    0.531   -0.815   -2.606  -22.191
   15    4 S1  1   3.41  0.0000    12.875    0.000    -5.235    12.875    0.000    0.000    0.000  -18.109
   15    5 S1  1   4.48  0.0000    11.554    0.000    -4.377    11.554    0.000    0.000    0.000  -15.931
   15    6 S1  1   6.12  0.0000    10.735    0.000    -1.023    10.735    0.000    0.000    0.000  -11.758
   15    7 S1  1   5.60  0.0000    10.498    0.000    -2.960    10.498    0.000    0.000    0.000  -13.458
   15    8 S1  0   6.84  0.0000     0.579    0.000    -0.340     0.579    0.000    0.000    0.000   -0.919
   15    9 S1  1   5.56  0.0000    14.284    0.000    -1.238    14.284    0.000    0.000    0.000  -15.522
   15   10 S1  1   4.22  0.0000    18.479    0.000     1.181    18.479    0.000    0.000    0.000  -17.298
   15   11 S1  1   2.47  0.0000    22.341    0.000    -0.094    22.341    0.000    0.000    0.000  -22.436
   15   12 S1  1   2.26  0.0000    23.282    0.000    -3.372    23.282    0.000    0.000    0.000  -26.654
   15   13 C1  1   1.03 -0.0035    27.418    0.356   -15.761    35.888    5.599   -2.510  -11.202  -43.535
   15   14 C1  1   0.00  0.1242 -9390.524    0.469 -9440.093 -9146.015 -123.154  -88.186  -32.700  -50.038
   16    1 C1  0   0.70 -0.0028   -22.336   -0.864   -25.183   -29.430   21.330   -7.585   -7.513   -1.984
   16    2 C1  0   1.46  0.0004     1.059   -0.045    -2.945     1.640    0.008    0.083   -0.716   -3.959
   16    3 S1  0   2.34  0.0000     2.256    0.000    -0.053     2.256    0.000    0.000    0.000   -2.309
   16    4 S1  0   4.60  0.0000     1.077    0.000    -0.695     1.077    0.000    0.000    0.000   -1.772
   16    5 S1  0   5.82  0.0000     0.627    0.000    -0.484     0.627    0.000    0.000    0.000   -1.111
   16    6 S1  0   7.29  0.0000     0.500    0.000    -0.273     0.500    0.000    0.000    0.000   -0.774
   16    7 S1  0   6.82  0.0000     0.446    0.000    -0.331     0.446    0.000    0.000    0.000   -0.777
   16    8 S1  0   8.10  0.0000     0.039    0.000    -0.025     0.039    0.000    0.000    0.000   -0.064
   16    9 S1  0   6.54  0.0000     0.556    0.000    -0.404     0.556    0.000    0.000    0.000   -0.960
   16   10 S1  0   5.30  0.0000     0.622    0.000    -0.379     0.622    0.000    0.000    0.000   -1.001
   16   11 S1  0   3.70  0.0000     0.667    0.000    -0.420     0.667    0.000    0.000    0.000   -1.087
   16   12 S1  0   3.42  0.0000     0.863    0.000    -0.800     0.863    0.000    0.000    0.000   -1.662
   16   13 S1  0   2.08  0.0000     0.480    0.000    -1.406     0.480    0.000    0.000    0.000   -1.885
   16   14 C1  0   1.82  0.0000    -3.107    0.219    -2.458    -2.787   -0.001    0.109   -0.208    0.430
   16   15 C1  0   0.00  0.1087 -9474.754    0.066 -9473.012 -9218.115 -120.309  -92.509  -43.755    1.677
