    2    1 C1  1   0.00  0.0870 -9426.052    0.115 -9465.739 -9168.924 -119.652  -91.698  -45.663  -39.802
    3    1 C1  1   1.60 -0.0000    17.501   -0.115     2.742    17.789   -0.000    0.003   -0.404  -14.644
    3    2 C1  1   0.00  0.1558 -9425.983    0.255 -9447.822 -9187.502  -97.281  -95.800  -45.145  -22.093
    4    1 S1  1   3.74  0.0000    19.236    0.000     0.219    19.236    0.000    0.000    0.000  -19.017
    4    2 S1  1   2.12  0.0000    25.290    0.000     3.780    25.290    0.000    0.000    0.000  -21.510
    4    3 C1  1   0.00  0.1022 -9405.963    0.572 -9452.945 -9154.894 -126.074  -88.523  -35.901  -47.554
    5    1 S1  1   5.30  0.0000    13.087    0.000    -3.063    13.087    0.000    0.000    0.000  -16.150
    5    2 S1  1   3.75  0.0000    15.947    0.000    -1.360    15.947    0.000    0.000    0.000  -17.308
    5    3 S1  1   2.08  0.0000    21.220    0.000    -5.649    21.220    0.000    0.000    0.000  -26.869
    5    4 C1  1   0.00  0.1431 -9424.701   -0.601 -9476.603 -9173.472 -123.367  -91.528  -36.934  -51.301
    6    1 S1  1   7.30  0.0000    11.984    0.000    -1.084    11.984    0.000    0.000    0.000  -13.068
    6    2 S1  1   5.75  0.0000    13.811    0.000     0.371    13.811    0.000    0.000    0.000  -13.440
    6    3 S1  1   3.89  0.0000    19.907    0.000     0.865    19.907    0.000    0.000    0.000  -19.042
    6    4 S1  1   2.06  0.0000    26.889    0.000    -0.758    26.889    0.000    0.000    0.000  -27.648
    6    5 C1  1   0.00  0.1626 -9444.954   -1.508 -9486.539 -9196.549 -117.792  -94.151  -37.971  -40.077
    7    1 S1  1   5.96  0.0000    12.188    0.000    -1.361    12.188    0.000    0.000    0.000  -13.549
    7    2 S1  1   4.58  0.0000    14.370    0.000     0.415    14.370    0.000    0.000    0.000  -13.954
    7    3 S1  1   3.02  0.0000    23.287    0.000     1.606    23.287    0.000    0.000    0.000  -21.681
    7    4 S1  1   2.05  0.0000    35.594    0.000     3.184    35.594    0.000    0.000    0.000  -32.410
    7    5 C1  1   0.79 -0.0197    14.391    0.358   -24.704    23.220    9.257   -4.340  -13.388  -39.453
    7    6 C1  1   0.00  0.1161 -9383.556    0.474 -9450.564 -9136.069 -125.756  -87.752  -33.505  -67.482
    8    1 S1  0   5.34  0.0000     0.943    0.000    -0.371     0.943    0.000    0.000    0.000   -1.314
    8    2 S1  0   4.37  0.0000     1.400    0.000    -0.183     1.400    0.000    0.000    0.000   -1.583
    8    3 S1  0   3.95  0.0000     3.049    0.000     0.135     3.049    0.000    0.000    0.000   -2.914
    8    4 S1  0   3.02  0.0000     3.288    0.000    -0.107     3.288    0.000    0.000    0.000   -3.395
    8    5 S1  0   2.13  0.0000     0.285    0.000    -2.016     0.285    0.000    0.000    0.000   -2.301
    8    6 C1  0   1.76  0.0000    -4.235    0.328    -3.608    -4.048   -0.001    0.304   -0.161    0.298
    8    7 C1  0   0.00  0.1108 -9478.348   -0.147 -9477.430 -9220.260 -124.089  -91.800  -42.346    1.065
    9    1 S1  1   4.18  0.0000    23.814    0.000     0.601    23.814    0.000    0.000    0.000  -23.214
    9    2 S1  1   3.67  0.0000    25.451    0.000     3.116    25.451    0.000    0.000    0.000  -22.336
    9    3 S1  1   3.59  0.0000    26.564    0.000     4.137    26.564    0.000    0.000    0.000  -22.426
    9    4 S1  1   3.13  0.0000    22.997    0.000     1.433    22.997    0.000    0.000    0.000  -21.563
    9    5 S1  1   2.31  0.0000    13.255    0.000    -5.623    13.255    0.000    0.000    0.000  -18.879
    9    6 S1  1   3.04  0.0000    16.723    0.000    -1.088    16.723    0.000    0.000    0.000  -17.811
    9    7 C1  1   1.34  0.0011    13.373   -0.089    -6.279    14.171    0.022   -0.246   -0.663  -19.564
    9    8 C1  0   0.00  0.1055 -9493.939   -1.047 -9501.514 -9254.385 -110.417  -93.819  -36.365   -6.528
   10    1 S1  1   4.03  0.0000    23.067    0.000     2.405    23.067    0.000    0.000    0.000  -20.662
   10    2 S1  1   3.82  0.0000    20.322    0.000     4.483    20.322    0.000    0.000    0.000  -15.839
   10    3 S1  1   2.83  0.0000    21.710    0.000     6.335    21.710    0.000    0.000    0.000  -15.376
   10    4 S1  1   2.49  0.0000    20.486    0.000     3.558    20.486    0.000    0.000    0.000  -16.928
   10    5 C1  1   1.39  0.0002    14.390   -0.531    -4.992    14.172    0.004    0.062   -0.380  -18.851
   10    6 S1  1   3.29  0.0000    17.873    0.000     1.990    17.873    0.000    0.000    0.000  -15.884
   10    7 C1  1   0.70 -0.0407   -36.614   -0.273   -50.593   -47.551   30.748  -10.150   -9.934  -13.706
   10    8 C1  0   1.51 -0.0002    -0.044   -0.214    -3.893     0.385    0.004   -0.006   -0.641   -3.634
   10    9 C1  1   0.00  0.0946 -9422.452    0.341 -9461.530 -9166.218 -121.873  -90.769  -43.251  -39.419
   11    1 S1  1   4.01  0.0000    24.775    0.000     3.380    24.775    0.000    0.000    0.000  -21.394
   11    2 S1  1   3.44  0.0000    21.476    0.000     6.156    21.476    0.000    0.000    0.000  -15.320
   11    3 S1  1   2.34  0.0000    37.380    0.000    15.452    37.380    0.000    0.000    0.000  -21.928
   11    4 C1  1   1.73  0.0000    38.003   -0.661    12.507    37.829   -0.001   -0.116   -0.369  -24.835
   11    5 C1  1   0.66 -0.0715   -16.846    0.546   -40.120   -30.747   30.538   -7.449   -8.642  -23.821
   11    6 S1  1   3.27  0.0000    20.926    0.000     3.841    20.926    0.000    0.000    0.000  -17.085
   11    7 C1  1   1.16 -0.0025    19.670    0.074    -1.108    23.451    1.281   -1.187   -3.799  -20.853
   11    8 S1  0   2.38  0.0000     2.370    0.000     0.116     2.370    0.000    0.000    0.000   -2.254
   11    9 C1  1   1.60  0.0001    14.986    0.176     1.024    15.408   -0.000    0.123   -0.369  -14.137
   11   10 C1  1   0.00  0.1591 -9421.535    0.532 -9447.836 -9179.984 -102.615  -93.913  -44.491  -26.834
   12    1 S1  1   3.54  0.0000    22.189    0.000    -0.301    22.189    0.000    0.000    0.000  -22.490
   12    2 S1  1   2.99  0.0000    19.086    0.000     2.026    19.086    0.000    0.000    0.000  -17.059
   12    3 C1  1   1.78 -0.0000    29.630    0.415     4.936    30.194   -0.001    0.069   -0.217  -25.108
   12    4 C1  1   0.71  0.0012   -17.530    0.988   -43.078   -12.517   24.016  -10.661  -17.380  -26.537
   12    5 C1  1   1.09  0.0015    18.022   -0.468   -11.498    24.214    3.422   -2.010   -8.072  -29.052
   12    6 S1  1   3.18  0.0000    16.881    0.000    -1.993    16.881    0.000    0.000    0.000  -18.874
   12    7 S1  1   2.15  0.0000    16.832    0.000    -2.972    16.832    0.000    0.000    0.000  -19.804
   12    8 S1  0   3.29  0.0000     1.109    0.000    -0.636     1.109    0.000    0.000    0.000   -1.745
   12    9 S1  1   3.35  0.0000    19.292    0.000    -0.346    19.292    0.000    0.000    0.000  -19.638
   12   10 S1  1   2.15  0.0000    26.301    0.000     2.418    26.301    0.000    0.000    0.000  -23.883
   12   11 C1  1   0.00  0.1125 -9401.967    0.606 -9453.465 -9149.198 -125.685  -89.756  -36.722  -52.105
   13    1 S1  1   2.25  0.0000    14.849    0.000    -3.996    14.849    0.000    0.000    0.000  -18.845
   13    2 C1  1   1.37  0.0002    16.072   -0.325    -2.392    16.015    0.003    0.076   -0.347  -18.139
   13    3 C1  1   0.65  0.0804    -9.563   -0.291   -33.382   -25.207   32.069   -8.061   -8.655  -23.528
   13    4 C1  1   1.17 -0.0038    21.830   -0.514    -8.716    28.631    1.622   -1.850   -7.086  -30.033
   13    5 S1  1   3.16  0.0000    19.463    0.000    -3.166    19.463    0.000    0.000    0.000  -22.629
   13    6 S1  1   5.15  0.0000    14.308    0.000    -2.504    14.308    0.000    0.000    0.000  -16.812
   13    7 S1  1   4.83  0.0000    14.674    0.000    -1.923    14.674    0.000    0.000    0.000  -16.597
   13    8 S1  0   5.99  0.0000     0.692    0.000    -0.472     0.692    0.000    0.000    0.000   -1.163
   13    9 S1  1   5.38  0.0000    13.277    0.000    -1.476    13.277    0.000    0.000    0.000  -14.753
   13   10 S1  1   4.07  0.0000    15.111    0.000    -0.058    15.111    0.000    0.000    0.000  -15.169
   13   11 S1  1   2.32  0.0000    22.380    0.000     0.009    22.380    0.000    0.000    0.000  -22.371
   13   12 C1  1   0.00  0.0991 -9404.112   -0.004 -9440.108 -9161.239 -126.051  -85.555  -31.270  -35.992
   14    1 S1  1   3.62  0.0000    14.249    0.000    -2.098    14.249    0.000    0.000    0.000  -16.347
   14    2 S1  1   3.68  0.0000    15.737    0.000     0.585    15.737    0.000    0.000    0.000  -15.152
   14    3 S1  1   3.18  0.0000    18.890    0.000     1.178    18.890    0.000    0.000    0.000  -17.711
   14    4 S1  1   2.61  0.0000    19.531    0.000    -1.546    19.531    0.000    0.000    0.000  -21.077
   14    5 S1  1   4.62  0.0000    17.566    0.000    -3.105    17.566    0.000    0.000    0.000  -20.670
   14    6 S1  1   6.15  0.0000    13.484    0.000    -2.779    13.484    0.000    0.000    0.000  -16.263
   14    7 S1  1   5.98  0.0000    13.281    0.000    -2.115    13.281    0.000    0.000    0.000  -15.395
   14    8 S1  0   7.37  0.0000     0.471    0.000    -0.398     0.471    0.000    0.000    0.000   -0.869
   14    9 S1  1   7.50  0.0000    11.475    0.000    -1.238    11.475    0.000    0.000    0.000  -12.714
   14   10 S1  1   5.86  0.0000    12.674    0.000    -0.191    12.674    0.000    0.000    0.000  -12.865
   14   11 S1  1   3.78  0.0000    17.333    0.000    -0.041    17.333    0.000    0.000    0.000  -17.373
   14   12 S1  1   2.10  0.0000    22.113    0.000    -3.496    22.113    0.000    0.000    0.000  -25.608
   14   13 C1  1   0.00  0.1502 -9439.137   -0.727 -9479.652 -9189.704 -120.917  -91.940  -37.303  -39.788
   15    1 C1  1   1.29 -0.0016    14.359   -0.158    -6.335    15.363    0.044   -0.395   -0.811  -20.536
   15    2 C1  1   0.71  0.0397   -35.901   -0.169   -48.959   -45.688   28.930   -9.521   -9.790  -12.890
   15    3 C1  1   1.11  0.0023    21.489    0.045     0.282    25.745    1.912   -1.289   -4.834  -21.252
   15    4 S1  1   2.61  0.0000    17.960    0.000    -1.391    17.960    0.000    0.000    0.000  -19.351
   15    5 S1  1   4.47  0.0000    14.679    0.000    -2.702    14.679    0.000    0.000    0.000  -17.381
   15    6 S1  1   6.31  0.0000    11.584    0.000    -1.975    11.584    0.000    0.000    0.000  -13.559
   15    7 S1  1   6.14  0.0000    11.430    0.000    -1.641    11.430    0.000    0.000    0.000  -13.072
   15    8 S1  0   7.24  0.0000     0.520    0.000    -0.374     0.520    0.000    0.000    0.000   -0.894
   15    9 S1  1   5.91  0.0000    12.068    0.000    -0.827    12.068    0.000    0.000    0.000  -12.895
   15   10 S1  1   5.17  0.0000    13.460    0.000     0.572    13.460    0.000    0.000    0.000  -12.889
   15   11 S1  1   3.75  0.0000    20.124    0.000     1.736    20.124    0.000    0.000    0.000  -18.388
   15   12 S1  1   2.19  0.0000    24.082    0.000    -1.598    24.082    0.000    0.000    0.000  -25.680
   15   13 C1  1   1.06 -0.0004    26.904    0.796   -11.427    34.299    2.946   -2.000   -7.544  -39.127
   15   14 C1  1   0.00  0.1067 -9403.550    0.883 -9447.141 -9156.176 -128.790  -86.863  -30.838  -44.474
   16    1 C1  0   0.70 -0.0030   -22.591   -0.765   -25.827   -29.611   21.392   -7.630   -7.507   -2.471
   16    2 C1  0   1.44  0.0005     0.245   -0.213    -3.695     1.230    0.012   -0.411   -0.799   -3.727
   16    3 S1  0   2.24  0.0000     1.876    0.000    -0.452     1.876    0.000    0.000    0.000   -2.329
   16    4 S1  0   3.75  0.0000     0.706    0.000    -0.711     0.706    0.000    0.000    0.000   -1.417
   16    5 S1  0   5.71  0.0000     0.350    0.000    -0.595     0.350    0.000    0.000    0.000   -0.945
   16    6 S1  0   7.48  0.0000     0.271    0.000    -0.427     0.271    0.000    0.000    0.000   -0.698
   16    7 S1  0   7.26  0.0000     0.301    0.000    -0.454     0.301    0.000    0.000    0.000   -0.754
   16    8 S1  0   8.28  0.0000     0.047    0.000    -0.031     0.047    0.000    0.000    0.000   -0.078
   16    9 S1  0   6.74  0.0000     0.650    0.000    -0.511     0.650    0.000    0.000    0.000   -1.161
   16   10 S1  0   6.08  0.0000     0.657    0.000    -0.492     0.657    0.000    0.000    0.000   -1.149
   16   11 S1  0   4.69  0.0000     1.090    0.000    -0.602     1.090    0.000    0.000    0.000   -1.692
   16   12 S1  0   3.38  0.0000     1.102    0.000    -0.854     1.102    0.000    0.000    0.000   -1.956
   16   13 S1  0   2.10  0.0000    -0.311    0.000    -1.766    -0.311    0.000    0.000    0.000   -1.455
   16   14 S1  0   2.07  0.0000    -1.281    0.000    -0.633    -1.281    0.000    0.000    0.000    0.648
   16   15 C1  0   0.00  0.1170 -9478.359    0.109 -9476.544 -9220.000 -121.834  -92.644  -43.773    1.706
