    2    1 C1  1   0.00  0.0710 -9427.502    0.391 -9472.235 -9170.063 -120.217  -90.968  -45.863  -45.124
    3    1 S1  1   2.10  0.0000    22.598    0.000     3.970    22.598    0.000    0.000    0.000  -18.628
    3    2 C1  1   0.00  0.1040 -9437.570   -0.287 -9465.341 -9185.935 -115.411  -92.301  -44.210  -27.483
    4    1 S1  1   2.67  0.0000    27.447    0.000    -0.007    27.447    0.000    0.000    0.000  -27.454
    4    2 C1  1   1.40  0.0002    46.239   -0.186    -0.040    47.380    0.031   -0.438   -0.920  -46.092
    4    3 C1  1   0.00  0.1505 -9441.430    1.148 -9470.262 -9191.916 -114.232  -90.919  -43.214  -29.980
    5    1 S1  1   2.48  0.0000    23.920    0.000    -4.058    23.920    0.000    0.000    0.000  -27.979
    5    2 S1  1   2.06  0.0000    28.288    0.000    -2.136    28.288    0.000    0.000    0.000  -30.425
    5    3 C1  1   1.44 -0.0008    20.036   -0.134     0.138    20.272    0.001   -0.066   -0.305  -19.764
    5    4 C1  1   0.00  0.0824 -9415.161    0.003 -9460.957 -9162.473 -127.837  -89.328  -35.521  -45.800
    6    1 S1  1   3.96  0.0000    21.800    0.000     1.429    21.800    0.000    0.000    0.000  -20.371
    6    2 S1  1   3.93  0.0000    20.177    0.000     0.505    20.177    0.000    0.000    0.000  -19.672
    6    3 S1  1   4.13  0.0000    14.579    0.000     1.170    14.579    0.000    0.000    0.000  -13.409
    6    4 S1  1   2.01  0.0000    24.890    0.000    -1.503    24.890    0.000    0.000    0.000  -26.393
    6    5 C1  1   0.00  0.1448 -9439.140   -0.353 -9477.129 -9190.940 -116.882  -93.728  -37.942  -37.637
    7    1 S1  1   2.54  0.0000    26.776    0.000     0.537    26.776    0.000    0.000    0.000  -26.238
    7    2 S1  1   2.77  0.0000    24.054    0.000     1.018    24.054    0.000    0.000    0.000  -23.036
    7    3 S1  1   2.38  0.0000    12.951    0.000    -1.195    12.951    0.000    0.000    0.000  -14.145
    7    4 S1  1   2.18  0.0000    25.172    0.000    -1.826    25.172    0.000    0.000    0.000  -26.998
    7    5 C1  1   1.00 -0.0050    29.430    0.847   -11.033    34.835    5.844   -1.676   -8.727  -41.310
    7    6 C1  1   0.00  0.1165 -9387.303    0.820 -9450.015 -9139.286 -126.127  -87.692  -33.378  -63.532
    8    1 C1  0   0.63  0.0045    14.121   -5.590    -1.802    -8.254   26.367   -5.253   -4.328  -10.333
    8    2 C1  0   1.54 -0.0003    -0.067    0.592    -3.267     0.458    0.000    0.081   -0.014   -3.793
    8    3 S1  0   2.84  0.0000     2.265    0.000    -0.288     2.265    0.000    0.000    0.000   -2.553
    8    4 S1  0   3.29  0.0000     1.886    0.000    -1.280     1.886    0.000    0.000    0.000   -3.166
    8    5 S1  0   2.03  0.0000     1.121    0.000    -2.322     1.121    0.000    0.000    0.000   -3.443
    8    6 C1  0   1.77  0.0000    -4.588   -0.037    -4.669    -4.482   -0.001    0.051   -0.192   -0.045
    8    7 C1  0   0.00  0.1100 -9475.464   -0.312 -9474.601 -9218.335 -119.557  -92.720  -45.164    1.175
    9    1 C1  1   1.00  0.0175    39.693   -0.857     1.601    39.199    2.677    1.524   -4.564  -37.235
    9    2 C1  1   0.71 -0.0460    -7.431    1.117   -26.728    -8.176    9.103   -3.499   -3.742  -20.414
    9    3 C1  1   1.82  0.0000    36.088   -0.052    15.527    35.963   -0.002    0.203   -0.128  -20.509
    9    4 S1  1   2.90  0.0000    19.804    0.000     0.814    19.804    0.000    0.000    0.000  -18.990
    9    5 S1  1   2.10  0.0000    14.597    0.000    -3.885    14.597    0.000    0.000    0.000  -18.483
    9    6 S1  1   3.08  0.0000    16.811    0.000     1.098    16.811    0.000    0.000    0.000  -15.713
    9    7 C1  1   1.26  0.0018    12.857   -0.132    -5.860    13.860    0.055   -0.354   -0.837  -18.584
    9    8 C1  0   0.00  0.0902 -9499.456   -1.256 -9506.401 -9258.871 -108.298  -96.161  -37.382   -5.688
   10    1 C1  1   1.64  0.0002    12.577    0.213     4.106    12.690   -0.000    0.429   -0.329   -8.684
   10    2 C1  1   1.76  0.0000    15.740   -0.185     4.304    15.970   -0.001   -0.110   -0.304  -11.251
   10    3 C1  1   1.75 -0.0000    28.654    0.003    14.070    28.817   -0.001    0.119   -0.277  -14.588
   10    4 C1  1   1.80 -0.0000    15.891   -0.178     1.857    15.944   -0.002    0.020   -0.249  -13.856
   10    5 C1  1   1.11 -0.0004    15.766    0.072    -1.444    16.858    0.238   -0.346   -0.912  -17.282
   10    6 S1  1   3.34  0.0000    18.235    0.000     4.976    18.235    0.000    0.000    0.000  -13.259
   10    7 C1  1   0.69 -0.0461   -35.496   -0.091   -48.404   -48.795   34.259  -10.761  -10.290  -12.818
   10    8 C1  0   1.42 -0.0008    -0.141    0.258    -4.882     1.045    0.018   -0.091   -0.855   -5.000
   10    9 C1  1   0.00  0.0792 -9431.527    0.255 -9459.778 -9174.140 -122.035  -90.627  -44.470  -28.506
   11    1 S1  1   2.21  0.0000    28.636    0.000     6.973    28.636    0.000    0.000    0.000  -21.663
   11    2 C1  1   1.60  0.0002    35.278    0.041    12.405    35.963   -0.001   -0.201   -0.442  -22.915
   11    3 C1  1   0.68 -0.0027   -15.585    0.008   -32.705   -22.447   23.479   -8.721   -7.889  -17.127
   11    4 C1  1   1.08  0.0029    33.314   -0.291     3.348    39.386    2.374   -1.757   -6.981  -29.674
   11    5 C1  1   0.71 -0.0525     2.910   -0.617   -31.839    -2.973   18.284   -5.084   -7.934  -34.131
   11    6 S1  1   3.28  0.0000    23.717    0.000     3.857    23.717    0.000    0.000    0.000  -19.860
   11    7 C1  1   1.03  0.0053    24.195    0.135    -0.865    26.568    4.138   -0.961   -5.415  -25.195
   11    8 S1  0   2.21  0.0000     3.037    0.000    -0.741     3.037    0.000    0.000    0.000   -3.778
   11    9 C1  1   1.41  0.0008    12.509    0.209    -3.273    13.420    0.005   -0.057   -0.651  -15.991
   11   10 C1  1   0.00  0.1355 -9435.283   -0.111 -9454.828 -9191.048 -102.906  -95.448  -45.993  -19.434
   12    1 S1  1   3.42  0.0000    23.645    0.000     5.059    23.645    0.000    0.000    0.000  -18.586
   12    2 S1  1   2.62  0.0000    26.675    0.000     4.936    26.675    0.000    0.000    0.000  -21.739
   12    3 C1  1   1.42  0.0001    45.629   -0.140    16.725    46.381    0.018   -0.114   -0.795  -28.765
   12    4 C1  1   0.70 -0.0172   -11.262   -0.258   -37.928   -10.357   25.407   -9.006  -17.565  -26.408
   12    5 C1  1   1.67  0.0001    17.561    0.052    -4.601    17.941   -0.001    0.000   -0.327  -22.214
   12    6 S1  1   4.09  0.0000    15.938    0.000     1.342    15.938    0.000    0.000    0.000  -14.596
   12    7 S1  1   3.16  0.0000    15.567    0.000    -1.078    15.567    0.000    0.000    0.000  -16.645
   12    8 S1  0   4.13  0.0000     2.330    0.000    -0.509     2.330    0.000    0.000    0.000   -2.839
   12    9 S1  1   2.57  0.0000    30.227    0.000     9.572    30.227    0.000    0.000    0.000  -20.656
   12   10 C1  1   1.15  0.0006    36.223   -2.512    11.280    31.768    0.035    2.374   -0.466  -22.430
   12   11 C1  1   0.00  0.1158 -9419.889   -0.178 -9456.216 -9169.982 -124.943  -89.549  -35.593  -36.150
   13    1 S1  1   2.25  0.0000    16.358    0.000    -9.992    16.358    0.000    0.000    0.000  -26.351
   13    2 C1  1   1.29 -0.0004    13.039    0.867   -12.945    14.591    0.082    0.008   -0.776  -26.850
   13    3 C1  1   0.67  0.0672    -3.168    0.238   -38.843   -15.974   29.263   -7.056   -9.163  -35.913
   13    4 C1  1   1.28 -0.0014    13.932    0.106    -9.143    14.961    0.027   -0.144   -0.806  -23.181
   13    5 S1  1   3.10  0.0000    13.181    0.000    -7.417    13.181    0.000    0.000    0.000  -20.598
   13    6 S1  1   5.57  0.0000    12.167    0.000    -5.359    12.167    0.000    0.000    0.000  -17.526
   13    7 S1  1   3.50  0.0000    11.805    0.000    -7.072    11.805    0.000    0.000    0.000  -18.877
   13    8 S1  0   3.10  0.0000     0.785    0.000    -2.454     0.785    0.000    0.000    0.000   -3.239
   13    9 C1  1   1.79  0.0000    31.055    0.438   -13.534    31.182   -0.001    0.425   -0.113  -45.027
   13   10 C1  1   1.04  0.0243    53.464   -0.436    -5.165    54.969    2.950   -2.155   -2.734  -58.193
   13   11 C1  1   1.00  0.0016    18.599    0.160    -8.103    20.105    1.559   -0.767   -2.138  -26.862
   13   12 C1  1   0.00  0.1083 -9402.557    0.001 -9450.080 -9160.995 -116.568  -89.141  -35.854  -47.523
   14    1 S1  1   2.63  0.0000    17.731    0.000     1.118    17.731    0.000    0.000    0.000  -16.613
   14    2 S1  1   3.02  0.0000    17.888    0.000     1.418    17.888    0.000    0.000    0.000  -16.469
   14    3 S1  1   3.45  0.0000    21.563    0.000     5.191    21.563    0.000    0.000    0.000  -16.372
   14    4 S1  1   3.92  0.0000    13.123    0.000    -0.733    13.123    0.000    0.000    0.000  -13.856
   14    5 S1  1   5.78  0.0000    11.339    0.000    -1.792    11.339    0.000    0.000    0.000  -13.131
   14    6 S1  1   7.83  0.0000    10.687    0.000     0.160    10.687    0.000    0.000    0.000  -10.527
   14    7 S1  1   5.56  0.0000    10.809    0.000    -0.960    10.809    0.000    0.000    0.000  -11.769
   14    8 S1  0   3.99  0.0000     0.831    0.000    -1.011     0.831    0.000    0.000    0.000   -1.842
   14    9 S1  1   2.71  0.0000    25.644    0.000     3.457    25.644    0.000    0.000    0.000  -22.187
   14   10 S1  1   2.61  0.0000    22.855    0.000     5.180    22.855    0.000    0.000    0.000  -17.675
   14   11 S1  1   3.30  0.0000    14.832    0.000     0.837    14.832    0.000    0.000    0.000  -13.995
   14   12 S1  1   2.31  0.0000    25.339    0.000     4.914    25.339    0.000    0.000    0.000  -20.425
   14   13 C1  1   0.00  0.0941 -9427.334    0.005 -9466.177 -9174.608 -132.035  -88.408  -32.279  -38.847
   15    1 C1  1   1.24 -0.0019    13.672   -0.129    -6.762    14.516    0.069   -0.059   -0.983  -20.306
   15    2 C1  1   0.71  0.0466   -35.895    0.004   -52.991   -46.036   29.701   -9.691   -9.866  -17.100
   15    3 C1  1   0.90 -0.0018    19.594   -0.032    -2.563    19.616    4.526   -0.845   -3.735  -22.124
   15    4 S1  1   2.63  0.0000    12.739    0.000    -3.034    12.739    0.000    0.000    0.000  -15.773
   15    5 S1  1   4.03  0.0000    11.177    0.000    -3.482    11.177    0.000    0.000    0.000  -14.659
   15    6 S1  1   6.45  0.0000    10.733    0.000    -1.180    10.733    0.000    0.000    0.000  -11.912
   15    7 S1  1   4.50  0.0000    10.604    0.000    -2.568    10.604    0.000    0.000    0.000  -13.172
   15    8 S1  0   2.91  0.0000     1.173    0.000    -1.204     1.173    0.000    0.000    0.000   -2.377
   15    9 C1  1   1.75 -0.0000    36.477    0.209     3.974    36.314   -0.001    0.383   -0.009  -32.713
   15   10 S1  1   2.37  0.0000    27.740    0.000     5.556    27.740    0.000    0.000    0.000  -22.184
   15   11 S1  1   2.05  0.0000    12.772    0.000    -2.355    12.772    0.000    0.000    0.000  -15.127
   15   12 S1  1   2.12  0.0000    26.952    0.000     2.845    26.952    0.000    0.000    0.000  -24.107
   15   13 C1  1   1.06  0.0048    34.679    0.374   -18.172    44.720    3.744   -2.242  -11.168  -53.225
   15   14 C1  1   0.00  0.1213 -9392.210    0.831 -9449.972 -9144.409 -126.635  -87.039  -33.296  -58.594
   16    1 C1  0   0.69  0.0013   -22.937   -0.270   -25.748   -30.621   22.698   -7.642   -7.642   -2.541
   16    2 C1  0   1.43  0.0007     0.680    0.281    -3.754     1.883    0.016   -0.182   -0.756   -4.716
   16    3 S1  0   2.16  0.0000     2.197    0.000    -0.471     2.197    0.000    0.000    0.000   -2.668
   16    4 S1  0   3.72  0.0000     0.890    0.000    -0.722     0.890    0.000    0.000    0.000   -1.612
   16    5 S1  0   4.88  0.0000     0.571    0.000    -0.693     0.571    0.000    0.000    0.000   -1.264
   16    6 S1  0   7.15  0.0000     0.531    0.000    -0.497     0.531    0.000    0.000    0.000   -1.028
   16    7 S1  0   5.41  0.0000     0.547    0.000    -0.599     0.547    0.000    0.000    0.000   -1.146
   16    8 S1  0   3.12  0.0000     0.234    0.000    -0.127     0.234    0.000    0.000    0.000   -0.361
   16    9 S1  0   2.19  0.0000     4.901    0.000    -0.415     4.901    0.000    0.000    0.000   -5.316
   16   10 S1  0   3.06  0.0000     1.425    0.000    -0.583     1.425    0.000    0.000    0.000   -2.008
   16   11 S1  0   3.08  0.0000     0.471    0.000    -0.696     0.471    0.000    0.000    0.000   -1.166
   16   12 S1  0   3.29  0.0000     1.067    0.000    -0.854     1.067    0.000    0.000    0.000   -1.921
   16   13 S1  0   2.20  0.0000     2.052    0.000    -1.655     2.052    0.000    0.000    0.000   -3.707
   16   14 C1  0   1.89  0.0000    -3.925    0.115    -3.732    -3.534   -0.001    0.028   -0.303    0.078
   16   15 C1  0   0.00  0.1009 -9479.321   -0.074 -9477.485 -9220.944 -118.899  -93.174  -46.378    1.910
