    2    1 C1  1   0.00  0.0762 -9426.729    0.278 -9465.799 -9168.613 -121.158  -91.813  -44.868  -39.348
    3    1 C1  1   1.63  0.0001    15.337    0.047     1.528    15.727   -0.000    0.024   -0.368  -13.856
    3    2 C1  1   0.00  0.1597 -9424.872    0.397 -9447.928 -9186.217  -98.107  -95.284  -44.867  -23.453
    4    1 S1  1   3.63  0.0000    19.069    0.000    -0.860    19.069    0.000    0.000    0.000  -19.929
    4    2 S1  1   2.13  0.0000    25.404    0.000     2.286    25.404    0.000    0.000    0.000  -23.117
    4    3 C1  1   0.00  0.0941 -9401.655    0.581 -9452.148 -9149.961 -125.266  -88.790  -37.056  -51.074
    5    1 S1  1   5.67  0.0000    13.439    0.000    -1.472    13.439    0.000    0.000    0.000  -14.911
    5    2 S1  1   4.12  0.0000    15.283    0.000     0.300    15.283    0.000    0.000    0.000  -14.983
    5    3 S1  1   2.29  0.0000    22.819    0.000     0.156    22.819    0.000    0.000    0.000  -22.663
    5    4 C1  1   0.00  0.1027 -9406.051   -0.389 -9445.753 -9163.252 -126.169  -85.921  -31.098  -39.314
    6    1 S1  1   7.69  0.0000    10.869    0.000    -1.206    10.869    0.000    0.000    0.000  -12.075
    6    2 S1  1   6.04  0.0000    11.900    0.000     0.068    11.900    0.000    0.000    0.000  -11.832
    6    3 S1  1   3.96  0.0000    15.967    0.000     0.005    15.967    0.000    0.000    0.000  -15.962
    6    4 S1  1   2.23  0.0000    19.687    0.000    -3.815    19.687    0.000    0.000    0.000  -23.502
    6    5 C1  1   0.00  0.1548 -9432.578   -0.551 -9469.417 -9184.911 -119.935  -91.762  -36.521  -36.287
    7    1 S1  1   6.35  0.0000    12.271    0.000    -1.118    12.271    0.000    0.000    0.000  -13.388
    7    2 S1  1   5.31  0.0000    13.783    0.000     0.601    13.783    0.000    0.000    0.000  -13.182
    7    3 S1  1   3.71  0.0000    21.427    0.000     1.902    21.427    0.000    0.000    0.000  -19.525
    7    4 S1  1   2.11  0.0000    26.093    0.000    -2.311    26.093    0.000    0.000    0.000  -28.404
    7    5 C1  1   0.98  0.0042    29.044    0.773   -12.091    37.746    3.874   -2.515   -9.287  -41.908
    7    6 C1  1   0.00  0.1082 -9397.428   -0.435 -9465.045 -9142.803 -131.303  -90.012  -33.744  -67.183
    8    1 S1  0   6.30  0.0000     0.802    0.000    -0.426     0.802    0.000    0.000    0.000   -1.228
    8    2 S1  0   5.49  0.0000     0.992    0.000    -0.317     0.992    0.000    0.000    0.000   -1.309
    8    3 S1  0   4.62  0.0000     2.114    0.000    -0.127     2.114    0.000    0.000    0.000   -2.241
    8    4 S1  0   3.31  0.0000     2.096    0.000    -0.560     2.096    0.000    0.000    0.000   -2.656
    8    5 S1  0   2.11  0.0000     0.232    0.000    -1.863     0.232    0.000    0.000    0.000   -2.095
    8    6 S1  0   2.04  0.0000    -4.643    0.000    -2.783    -4.643    0.000    0.000    0.000    1.860
    8    7 C1  0   0.00  0.1134 -9480.159   -0.672 -9479.307 -9221.312 -121.651  -93.058  -44.810    1.525
    9    1 S1  1   4.95  0.0000    20.000    0.000     0.452    20.000    0.000    0.000    0.000  -19.547
    9    2 S1  1   4.54  0.0000    20.060    0.000     2.432    20.060    0.000    0.000    0.000  -17.628
    9    3 S1  1   4.20  0.0000    23.168    0.000     3.436    23.168    0.000    0.000    0.000  -19.732
    9    4 S1  1   3.56  0.0000    20.178    0.000    -0.779    20.178    0.000    0.000    0.000  -20.957
    9    5 S1  1   2.32  0.0000    14.501    0.000    -3.529    14.501    0.000    0.000    0.000  -18.030
    9    6 S1  1   3.59  0.0000    14.584    0.000    -1.589    14.584    0.000    0.000    0.000  -16.173
    9    7 C1  1   1.31  0.0013    13.759   -0.154    -6.709    14.696    0.035   -0.357   -0.769  -20.313
    9    8 C1  0   0.00  0.1020 -9494.905   -0.725 -9502.042 -9254.969 -110.336  -93.931  -36.394   -6.412
   10    1 S1  1   4.53  0.0000    20.407    0.000     2.451    20.407    0.000    0.000    0.000  -17.956
   10    2 S1  1   4.42  0.0000    17.642    0.000     4.179    17.642    0.000    0.000    0.000  -13.463
   10    3 S1  1   3.54  0.0000    20.137    0.000     5.963    20.137    0.000    0.000    0.000  -14.174
   10    4 S1  1   3.06  0.0000    17.648    0.000     1.548    17.648    0.000    0.000    0.000  -16.101
   10    5 C1  1   1.46 -0.0000    15.594    0.191    -1.719    16.029   -0.000    0.016   -0.259  -17.504
   10    6 S1  1   3.64  0.0000    16.123    0.000     1.170    16.123    0.000    0.000    0.000  -14.954
   10    7 C1  1   0.70 -0.0432   -36.096   -0.110   -50.036   -46.669   30.335   -9.878   -9.993  -13.830
   10    8 C1  0   1.46 -0.0004    -0.312   -0.368    -4.373     0.454    0.009   -0.366   -0.776   -3.693
   10    9 C1  1   0.00  0.0776 -9425.399    0.141 -9464.381 -9169.043 -120.679  -91.276  -44.259  -39.123
   11    1 S1  1   4.28  0.0000    23.121    0.000     3.671    23.121    0.000    0.000    0.000  -19.449
   11    2 S1  1   3.79  0.0000    19.182    0.000     5.834    19.182    0.000    0.000    0.000  -13.348
   11    3 S1  1   2.97  0.0000    29.553    0.000    12.071    29.553    0.000    0.000    0.000  -17.482
   11    4 S1  1   2.13  0.0000    26.533    0.000     4.641    26.533    0.000    0.000    0.000  -21.892
   11    5 C1  1   0.65 -0.0786   -12.351   -0.119   -34.330   -25.687   28.234   -6.926   -8.091  -21.860
   11    6 S1  1   3.10  0.0000    17.054    0.000     1.037    17.054    0.000    0.000    0.000  -16.017
   11    7 C1  1   1.11 -0.0026    20.607   -0.029    -0.807    25.259    2.174   -1.512   -5.342  -21.385
   11    8 S1  0   2.28  0.0000     2.426    0.000     0.023     2.426    0.000    0.000    0.000   -2.402
   11    9 C1  1   1.63 -0.0000    17.515   -0.109     1.950    17.786   -0.001    0.008   -0.387  -15.456
   11   10 C1  1   0.00  0.1417 -9434.343    0.316 -9459.695 -9186.866 -106.634  -95.987  -44.540  -25.668
   12    1 S1  1   3.63  0.0000    23.064    0.000     0.086    23.064    0.000    0.000    0.000  -22.978
   12    2 S1  1   2.93  0.0000    19.421    0.000     2.045    19.421    0.000    0.000    0.000  -17.376
   12    3 C1  1   1.87 -0.0000    36.092   -0.942     6.457    35.437   -0.002   -0.000   -0.286  -28.693
   12    4 C1  1   0.70 -0.0294     4.276   -0.629   -26.923     3.114   12.764   -4.488   -7.743  -30.571
   12    5 C1  1   1.00  0.0127    21.391   -0.378   -10.218    25.546    2.453   -1.743   -5.243  -31.230
   12    6 S1  1   3.55  0.0000    16.923    0.000    -2.467    16.923    0.000    0.000    0.000  -19.390
   12    7 S1  1   2.12  0.0000    20.544    0.000    -2.763    20.544    0.000    0.000    0.000  -23.307
   12    8 S1  0   3.21  0.0000     1.624    0.000    -0.614     1.624    0.000    0.000    0.000   -2.238
   12    9 S1  1   2.78  0.0000    20.587    0.000    -0.011    20.587    0.000    0.000    0.000  -20.599
   12   10 C1  1   1.86 -0.0000    27.313   -0.178     3.366    27.465   -0.002   -0.062   -0.266  -23.769
   12   11 C1  1   0.00  0.1019 -9410.357    0.414 -9462.118 -9152.656 -124.456  -90.621  -42.210  -52.175
   13    1 S1  1   2.37  0.0000    14.788    0.000    -4.778    14.788    0.000    0.000    0.000  -19.566
   13    2 C1  1   1.48  0.0002    15.512   -0.307    -3.552    15.383   -0.000    0.101   -0.278  -18.757
   13    3 C1  1   0.66  0.0790   -10.957   -0.280   -35.684   -27.253   33.411   -8.438   -8.956  -24.447
   13    4 C1  1   1.01  0.0066    22.039   -0.973   -11.186    29.700    3.151   -2.905   -8.880  -32.251
   13    5 S1  1   2.91  0.0000    22.364    0.000    -2.637    22.364    0.000    0.000    0.000  -25.001
   13    6 S1  1   4.27  0.0000    16.299    0.000    -3.194    16.299    0.000    0.000    0.000  -19.493
   13    7 S1  1   4.35  0.0000    16.705    0.000    -2.569    16.705    0.000    0.000    0.000  -19.274
   13    8 S1  0   5.53  0.0000     0.684    0.000    -0.543     0.684    0.000    0.000    0.000   -1.227
   13    9 S1  1   5.64  0.0000    13.620    0.000    -2.044    13.620    0.000    0.000    0.000  -15.664
   13   10 S1  1   3.95  0.0000    16.065    0.000    -0.339    16.065    0.000    0.000    0.000  -16.404
   13   11 S1  1   2.15  0.0000    23.949    0.000    -0.507    23.949    0.000    0.000    0.000  -24.456
   13   12 C1  1   0.00  0.1011 -9423.145   -0.814 -9463.450 -9170.924 -132.304  -89.840  -30.891  -39.491
   14    1 S1  1   2.76  0.0000    18.136    0.000     0.814    18.136    0.000    0.000    0.000  -17.321
   14    2 S1  1   3.13  0.0000    18.886    0.000     4.651    18.886    0.000    0.000    0.000  -14.236
   14    3 S1  1   3.07  0.0000    22.775    0.000     7.143    22.775    0.000    0.000    0.000  -15.632
   14    4 S1  1   2.57  0.0000    18.849    0.000     0.018    18.849    0.000    0.000    0.000  -18.831
   14    5 S1  1   3.70  0.0000    16.189    0.000    -0.648    16.189    0.000    0.000    0.000  -16.838
   14    6 S1  1   4.49  0.0000    13.159    0.000    -1.189    13.159    0.000    0.000    0.000  -14.348
   14    7 S1  1   5.15  0.0000    12.940    0.000    -0.668    12.940    0.000    0.000    0.000  -13.608
   14    8 S1  0   6.71  0.0000     0.469    0.000    -0.342     0.469    0.000    0.000    0.000   -0.811
   14    9 S1  1   7.44  0.0000    11.820    0.000     0.522    11.820    0.000    0.000    0.000  -11.298
   14   10 S1  1   5.96  0.0000    13.295    0.000     2.132    13.295    0.000    0.000    0.000  -11.163
   14   11 S1  1   4.03  0.0000    18.278    0.000     3.353    18.278    0.000    0.000    0.000  -14.926
   14   12 C1  1   1.95  0.0000    22.778   -0.405     0.217    22.454   -0.002   -0.041   -0.039  -22.156
   14   13 C1  1   0.00  0.1211 -9409.379   -0.224 -9448.357 -9164.380 -118.571  -89.564  -37.089  -38.754
   15    1 C1  1   1.28 -0.0017    13.976   -0.111    -8.106    15.035    0.046   -0.414   -0.803  -21.971
   15    2 C1  1   0.71  0.0393   -36.144   -0.042   -51.038   -46.579   29.976   -9.722   -9.861  -14.852
   15    3 C1  1   1.10  0.0035    20.058    0.067    -3.472    24.164    2.010   -1.271   -4.777  -23.598
   15    4 S1  1   2.44  0.0000    18.175    0.000    -3.812    18.175    0.000    0.000    0.000  -21.987
   15    5 S1  1   4.84  0.0000    15.167    0.000    -2.876    15.167    0.000    0.000    0.000  -18.042
   15    6 S1  1   5.61  0.0000    12.233    0.000    -2.817    12.233    0.000    0.000    0.000  -15.049
   15    7 S1  1   6.36  0.0000    12.074    0.000    -2.560    12.074    0.000    0.000    0.000  -14.634
   15    8 S1  0   7.47  0.0000     0.470    0.000    -0.450     0.470    0.000    0.000    0.000   -0.920
   15    9 S1  1   6.46  0.0000    11.555    0.000    -1.831    11.555    0.000    0.000    0.000  -13.387
   15   10 S1  1   5.46  0.0000    13.112    0.000    -0.337    13.112    0.000    0.000    0.000  -13.450
   15   11 S1  1   4.00  0.0000    18.903    0.000     0.174    18.903    0.000    0.000    0.000  -18.730
   15   12 S1  1   2.32  0.0000    24.572    0.000    -3.281    24.572    0.000    0.000    0.000  -27.853
   15   13 C1  1   1.10  0.0001    24.842    0.480   -15.615    31.918    1.954   -1.634   -6.916  -40.937
   15   14 C1  1   0.00  0.1228 -9374.592    0.533 -9439.918 -9128.916 -121.725  -88.535  -34.883  -65.860
   16    1 C1  0   0.70 -0.0033   -22.480   -0.978   -26.117   -29.607   21.361   -7.744   -7.468   -2.659
   16    2 C1  0   1.45  0.0004     0.655   -0.239    -3.850     1.409    0.010   -0.287   -0.715   -4.267
   16    3 S1  0   2.26  0.0000     1.781    0.000    -1.031     1.781    0.000    0.000    0.000   -2.812
   16    4 S1  0   3.57  0.0000     0.719    0.000    -1.112     0.719    0.000    0.000    0.000   -1.830
   16    5 S1  0   6.06  0.0000     0.339    0.000    -0.851     0.339    0.000    0.000    0.000   -1.190
   16    6 S1  0   6.94  0.0000     0.180    0.000    -0.661     0.180    0.000    0.000    0.000   -0.842
   16    7 S1  0   7.48  0.0000     0.289    0.000    -0.688     0.289    0.000    0.000    0.000   -0.977
   16    8 S1  0   8.59  0.0000     0.039    0.000    -0.040     0.039    0.000    0.000    0.000   -0.080
   16    9 S1  0   7.36  0.0000     0.552    0.000    -0.712     0.552    0.000    0.000    0.000   -1.264
   16   10 S1  0   6.39  0.0000     0.591    0.000    -0.730     0.591    0.000    0.000    0.000   -1.321
   16   11 S1  0   4.91  0.0000     0.972    0.000    -0.926     0.972    0.000    0.000    0.000   -1.898
   16   12 S1  0   3.62  0.0000     1.300    0.000    -1.242     1.300    0.000    0.000    0.000   -2.542
   16   13 S1  0   2.18  0.0000    -0.205    0.000    -2.292    -0.205    0.000    0.000    0.000   -2.087
   16   14 C1  0   1.30  0.0035    -6.607    0.257    -7.789    -5.531    0.021   -0.356   -0.484   -1.439
   16   15 C1  0   0.00  0.1126 -9479.063   -0.322 -9479.180 -9220.345 -122.917  -92.602  -43.521    0.205
