    2    1 C1  1   0.00  0.0879 -9423.180    0.459 -9460.692 -9165.830 -122.697  -90.118  -44.075  -37.972
    3    1 C1  1   1.31  0.0016     8.609   -0.063    -3.275     9.826    0.090   -0.344   -1.027  -11.821
    3    2 C1  1   0.00  0.1020 -9453.847    0.121 -9480.321 -9199.530 -108.374  -96.530  -49.292  -26.594
    4    1 S1  1   3.16  0.0000    29.416    0.000    -2.378    29.416    0.000    0.000    0.000  -31.794
    4    2 C1  1   1.90 -0.0000    50.008    0.004     0.789    49.981   -0.002    0.217   -0.185  -49.223
    4    3 C1  1   0.00  0.1206 -9428.236   -0.117 -9463.550 -9178.497 -126.611  -88.781  -34.464  -35.198
    5    1 S1  1   4.50  0.0000    17.120    0.000    -1.381    17.120    0.000    0.000    0.000  -18.500
    5    2 S1  1   3.00  0.0000    24.589    0.000     0.647    24.589    0.000    0.000    0.000  -23.942
    5    3 C1  1   1.24 -0.0026    35.643   -0.612    -2.170    35.051    0.032    0.741   -0.793  -37.201
    5    4 C1  1   0.00  0.0748 -9426.439   -0.148 -9471.020 -9167.993 -125.766  -90.656  -42.173  -44.432
    6    1 S1  1   5.42  0.0000    14.110    0.000    -0.099    14.110    0.000    0.000    0.000  -14.209
    6    2 S1  1   3.71  0.0000    18.862    0.000     1.421    18.862    0.000    0.000    0.000  -17.441
    6    3 S1  1   2.18  0.0000    25.996    0.000     1.302    25.996    0.000    0.000    0.000  -24.694
    6    4 C1  1   1.94  0.0000    22.615   -0.049    -4.241    22.642   -0.002    0.112   -0.187  -26.807
    6    5 C1  1   0.00  0.1376 -9433.872   -0.033 -9472.070 -9185.341 -117.204  -92.382  -38.978  -38.165
    7    1 S1  1   5.83  0.0000    13.505    0.000    -1.382    13.505    0.000    0.000    0.000  -14.887
    7    2 S1  1   4.48  0.0000    17.527    0.000     0.162    17.527    0.000    0.000    0.000  -17.365
    7    3 S1  1   2.48  0.0000    23.997    0.000    -0.886    23.997    0.000    0.000    0.000  -24.882
    7    4 S1  1   2.22  0.0000    23.890    0.000    -5.524    23.890    0.000    0.000    0.000  -29.413
    7    5 C1  1   1.04  0.0100    21.946    0.442   -19.034    35.139    5.828   -3.653  -14.925  -41.423
    7    6 C1  1   0.00  0.1239 -9396.708    0.790 -9452.164 -9147.808 -127.602  -88.095  -32.414  -56.246
    8    1 S1  0   6.85  0.0000     0.886    0.000    -0.286     0.886    0.000    0.000    0.000   -1.172
    8    2 S1  0   5.52  0.0000     1.094    0.000    -0.174     1.094    0.000    0.000    0.000   -1.268
    8    3 S1  0   3.70  0.0000     1.090    0.000    -0.207     1.090    0.000    0.000    0.000   -1.298
    8    4 S1  0   3.34  0.0000     2.104    0.000    -0.767     2.104    0.000    0.000    0.000   -2.871
    8    5 S1  0   2.24  0.0000     1.260    0.000    -0.999     1.260    0.000    0.000    0.000   -2.259
    8    6 S1  0   2.10  0.0000    -2.576    0.000    -2.015    -2.576    0.000    0.000    0.000    0.561
    8    7 C1  0   0.00  0.1020 -9471.520    0.126 -9469.704 -9213.199 -121.770  -91.789  -44.636    1.690
    9    1 S1  1   5.85  0.0000    16.636    0.000     0.715    16.636    0.000    0.000    0.000  -15.921
    9    2 S1  1   5.44  0.0000    16.510    0.000     2.433    16.510    0.000    0.000    0.000  -14.077
    9    3 S1  1   3.99  0.0000    18.052    0.000     2.511    18.052    0.000    0.000    0.000  -15.541
    9    4 S1  1   2.82  0.0000    22.003    0.000    -2.679    22.003    0.000    0.000    0.000  -24.682
    9    5 S1  1   2.15  0.0000    13.768    0.000    -4.238    13.768    0.000    0.000    0.000  -18.007
    9    6 S1  1   3.36  0.0000    15.962    0.000    -0.212    15.962    0.000    0.000    0.000  -16.173
    9    7 C1  1   1.12  0.0040    11.749   -0.208    -8.795    13.392    0.258   -0.762   -1.347  -20.336
    9    8 C1  0   0.00  0.0935 -9493.361   -0.272 -9499.495 -9251.158 -114.358  -92.476  -35.641   -5.862
   10    1 S1  1   5.24  0.0000    18.164    0.000     3.181    18.164    0.000    0.000    0.000  -14.983
   10    2 S1  1   4.46  0.0000    17.968    0.000     5.363    17.968    0.000    0.000    0.000  -12.605
   10    3 S1  1   3.32  0.0000    23.781    0.000     7.341    23.781    0.000    0.000    0.000  -16.440
   10    4 C1  1   1.80 -0.0000    17.220   -0.202    -1.750    17.325   -0.001    0.049   -0.355  -18.768
   10    5 C1  1   1.33 -0.0000    14.647    0.491    -3.371    15.812    0.034   -0.100   -0.609  -18.509
   10    6 S1  1   3.59  0.0000    16.968    0.000     3.005    16.968    0.000    0.000    0.000  -13.963
   10    7 C1  1   0.72 -0.0390   -35.330    0.048   -49.191   -40.836   23.321   -8.337   -9.430  -13.909
   10    8 C1  0   1.37 -0.0006     1.611    0.017    -2.405     2.454    0.019   -0.046   -0.799   -4.032
   10    9 C1  1   0.00  0.0782 -9429.049    0.395 -9466.301 -9170.653 -122.442  -91.193  -44.365  -37.647
   11    1 S1  1   3.86  0.0000    18.674    0.000     4.053    18.674    0.000    0.000    0.000  -14.622
   11    2 S1  1   3.18  0.0000    23.168    0.000     8.159    23.168    0.000    0.000    0.000  -15.009
   11    3 S1  1   2.33  0.0000    31.574    0.000    10.500    31.574    0.000    0.000    0.000  -21.074
   11    4 C1  1   0.74 -0.0184    11.943    0.286   -12.814    18.330   11.480   -4.633  -12.948  -25.043
   11    5 C1  1   0.71 -0.0692   -13.668    0.283   -35.734   -18.371   18.280   -5.550   -7.744  -22.349
   11    6 S1  1   3.53  0.0000    21.021    0.000     5.146    21.021    0.000    0.000    0.000  -15.875
   11    7 C1  1   1.19 -0.0004    17.522    0.068    -4.262    19.937    0.646   -0.656   -2.338  -21.852
   11    8 S1  0   2.35  0.0000     2.931    0.000     0.480     2.931    0.000    0.000    0.000   -2.451
   11    9 C1  1   1.49 -0.0001    12.982   -0.169     1.854    13.253    0.005    0.086   -0.530  -10.959
   11   10 C1  1   0.00  0.0992 -9451.194    0.167 -9475.391 -9195.083 -109.107  -96.993  -49.844  -24.364
   12    1 S1  1   2.72  0.0000    23.682    0.000     0.500    23.682    0.000    0.000    0.000  -23.181
   12    2 C1  1   1.90  0.0000    17.671   -0.118     1.953    17.884   -0.002    0.008   -0.338  -15.600
   12    3 C1  1   0.74  0.0132     8.791   -0.048   -13.725    15.540   14.522   -6.616  -14.702  -22.469
   12    4 C1  1   0.94  0.0012     8.527    0.028   -14.849    17.918    6.236   -3.314  -12.284  -23.404
   12    5 S1  1   2.34  0.0000    14.150    0.000    -3.306    14.150    0.000    0.000    0.000  -17.456
   12    6 S1  1   4.31  0.0000    13.582    0.000    -0.488    13.582    0.000    0.000    0.000  -14.070
   12    7 S1  1   3.17  0.0000    13.101    0.000    -3.151    13.101    0.000    0.000    0.000  -16.252
   12    8 S1  0   4.42  0.0000     1.162    0.000    -0.580     1.162    0.000    0.000    0.000   -1.742
   12    9 S1  1   3.39  0.0000    27.130    0.000    -0.301    27.130    0.000    0.000    0.000  -27.431
   12   10 C1  1   1.90 -0.0000    49.565    0.024     4.548    49.591   -0.002    0.192   -0.193  -45.040
   12   11 C1  1   0.00  0.1259 -9415.730   -0.559 -9446.208 -9166.947 -124.309  -90.170  -34.864  -29.919
   13    1 S1  1   2.07  0.0000    14.633    0.000    -3.106    14.633    0.000    0.000    0.000  -17.739
   13    2 C1  1   1.25  0.0006    17.943    0.426    -0.390    19.288    0.088   -0.175   -0.832  -18.759
   13    3 C1  1   0.74  0.0330    -8.914    0.172   -28.053    -7.286    9.367   -4.445   -6.378  -19.311
   13    4 S1  1   2.48  0.0000    13.407    0.000    -4.574    13.407    0.000    0.000    0.000  -17.981
   13    5 S1  1   3.59  0.0000    14.345    0.000    -2.647    14.345    0.000    0.000    0.000  -16.993
   13    6 S1  1   5.59  0.0000    12.481    0.000    -1.090    12.481    0.000    0.000    0.000  -13.572
   13    7 S1  1   4.38  0.0000    12.350    0.000    -3.111    12.350    0.000    0.000    0.000  -15.461
   13    8 S1  0   5.60  0.0000     0.713    0.000    -0.375     0.713    0.000    0.000    0.000   -1.088
   13    9 S1  1   4.76  0.0000    16.146    0.000    -1.244    16.146    0.000    0.000    0.000  -17.390
   13   10 S1  1   3.05  0.0000    23.749    0.000     0.877    23.749    0.000    0.000    0.000  -22.871
   13   11 C1  1   1.21 -0.0029    32.000   -0.507    -0.976    31.626    0.030    0.504   -0.668  -32.469
   13   12 C1  1   0.00  0.0764 -9424.299   -0.209 -9463.781 -9167.395 -126.262  -90.337  -40.514  -39.273
   14    1 S1  1   3.42  0.0000    16.514    0.000     0.572    16.514    0.000    0.000    0.000  -15.942
   14    2 S1  1   3.63  0.0000    16.848    0.000     3.213    16.848    0.000    0.000    0.000  -13.635
   14    3 S1  1   3.75  0.0000    19.650    0.000     3.827    19.650    0.000    0.000    0.000  -15.822
   14    4 S1  1   4.44  0.0000    12.815    0.000    -2.154    12.815    0.000    0.000    0.000  -14.968
   14    5 S1  1   5.50  0.0000    12.375    0.000    -1.301    12.375    0.000    0.000    0.000  -13.676
   14    6 S1  1   7.39  0.0000    11.364    0.000    -0.193    11.364    0.000    0.000    0.000  -11.557
   14    7 S1  1   5.61  0.0000    11.355    0.000    -1.879    11.355    0.000    0.000    0.000  -13.234
   14    8 S1  0   6.30  0.0000     0.557    0.000    -0.236     0.557    0.000    0.000    0.000   -0.793
   14    9 S1  1   5.54  0.0000    13.473    0.000    -0.186    13.473    0.000    0.000    0.000  -13.659
   14   10 S1  1   3.69  0.0000    18.296    0.000     1.684    18.296    0.000    0.000    0.000  -16.612
   14   11 S1  1   2.29  0.0000    24.946    0.000     2.322    24.946    0.000    0.000    0.000  -22.624
   14   12 S1  1   2.02  0.0000    21.880    0.000    -1.552    21.880    0.000    0.000    0.000  -23.432
   14   13 C1  1   0.00  0.1329 -9432.211   -0.666 -9470.628 -9183.524 -117.917  -93.326  -38.110  -37.752
   15    1 C1  1   1.12 -0.0037    12.688   -0.156    -7.860    14.311    0.261   -0.703   -1.337  -20.391
   15    2 C1  1   0.71  0.0447   -36.184   -0.072   -50.296   -44.096   26.418   -8.892   -9.686  -14.041
   15    3 C1  1   1.47  0.0004    18.770    0.118    -1.758    19.933    0.013   -0.195   -0.863  -20.646
   15    4 S1  1   3.47  0.0000    12.456    0.000    -4.514    12.456    0.000    0.000    0.000  -16.970
   15    5 S1  1   4.42  0.0000    11.993    0.000    -3.336    11.993    0.000    0.000    0.000  -15.329
   15    6 S1  1   5.77  0.0000    11.094    0.000    -1.867    11.094    0.000    0.000    0.000  -12.962
   15    7 S1  1   5.38  0.0000    11.069    0.000    -3.289    11.069    0.000    0.000    0.000  -14.358
   15    8 S1  0   6.53  0.0000     0.523    0.000    -0.293     0.523    0.000    0.000    0.000   -0.816
   15    9 S1  1   6.06  0.0000    12.942    0.000    -1.373    12.942    0.000    0.000    0.000  -14.315
   15   10 S1  1   4.54  0.0000    17.423    0.000     0.385    17.423    0.000    0.000    0.000  -17.038
   15   11 S1  1   2.56  0.0000    21.647    0.000    -0.291    21.647    0.000    0.000    0.000  -21.938
   15   12 S1  1   2.18  0.0000    23.619    0.000    -3.301    23.619    0.000    0.000    0.000  -26.920
   15   13 C1  1   1.03  0.0068    18.193    0.376   -21.487    31.263    5.564   -3.725  -14.533  -40.056
   15   14 C1  1   0.00  0.1250 -9397.301    0.378 -9451.915 -9148.879 -128.127  -87.621  -32.296  -54.992
   16    1 C1  0   0.71  0.0049   -21.005   -0.353   -23.523   -25.016   17.072   -6.324   -7.090   -2.165
   16    2 C1  0   1.41  0.0004     2.509    0.008    -1.229     3.350    0.011   -0.123   -0.722   -3.746
   16    3 S1  0   2.52  0.0000     2.294    0.000     0.263     2.294    0.000    0.000    0.000   -2.031
   16    4 S1  0   4.63  0.0000     0.973    0.000    -0.435     0.973    0.000    0.000    0.000   -1.408
   16    5 S1  0   5.71  0.0000     0.681    0.000    -0.173     0.681    0.000    0.000    0.000   -0.855
   16    6 S1  0   6.86  0.0000     0.506    0.000    -0.093     0.506    0.000    0.000    0.000   -0.599
   16    7 S1  0   6.59  0.0000     0.454    0.000    -0.127     0.454    0.000    0.000    0.000   -0.582
   16    8 S1  0   7.71  0.0000     0.041    0.000    -0.020     0.041    0.000    0.000    0.000   -0.061
   16    9 S1  0   7.05  0.0000     0.567    0.000    -0.207     0.567    0.000    0.000    0.000   -0.774
   16   10 S1  0   5.53  0.0000     0.750    0.000    -0.162     0.750    0.000    0.000    0.000   -0.912
   16   11 S1  0   3.76  0.0000     0.683    0.000    -0.098     0.683    0.000    0.000    0.000   -0.781
   16   12 S1  0   3.23  0.0000     1.329    0.000    -0.568     1.329    0.000    0.000    0.000   -1.897
   16   13 S1  0   2.24  0.0000     0.548    0.000    -0.808     0.548    0.000    0.000    0.000   -1.356
   16   14 S1  0   2.10  0.0000    -3.279    0.000    -1.958    -3.279    0.000    0.000    0.000    1.321
   16   15 C1  0   0.00  0.0946 -9475.300    0.143 -9472.871 -9215.839 -122.102  -92.425  -44.790    2.286
