    2    1 C1  1   0.00  0.0783 -9425.257    0.850 -9458.152 -9170.142 -121.152  -89.405  -43.708  -33.745
    3    1 S1  1   2.07  0.0000    22.083    0.000     0.581    22.083    0.000    0.000    0.000  -21.502
    3    2 C1  1   0.00  0.1201 -9422.434    0.442 -9451.013 -9177.139 -113.619  -89.376  -41.858  -29.021
    4    1 S1  1   2.60  0.0000    34.544    0.000    13.998    34.544    0.000    0.000    0.000  -20.546
    4    2 C1  1   1.17 -0.0036    50.216   -0.598    20.512    49.681    0.215    0.738   -1.016  -29.107
    4    3 C1  1   0.00  0.0847 -9440.693   -0.061 -9479.015 -9195.561 -114.733  -92.803  -37.657  -38.262
    5    1 C1  1   1.65 -0.0000    37.729   -0.484    -9.502    37.283   -0.001    0.273   -0.311  -46.747
    5    2 C1  1   1.19  0.0113    50.929    0.944    -5.504    54.105    0.329   -0.872   -1.689  -57.377
    5    3 C1  1   0.82 -0.0088    22.697   -0.575    -4.142    22.888    3.662   -1.533   -2.894  -26.265
    5    4 C1  1   0.00  0.1342 -9428.321    0.632 -9471.892 -9179.104 -123.261  -87.723  -37.601  -44.203
    6    1 S1  1   2.10  0.0000    28.185    0.000     6.219    28.185    0.000    0.000    0.000  -21.965
    6    2 S1  1   2.43  0.0000    25.451    0.000     3.476    25.451    0.000    0.000    0.000  -21.975
    6    3 S1  1   3.04  0.0000    15.068    0.000    -2.253    15.068    0.000    0.000    0.000  -17.320
    6    4 S1  1   2.27  0.0000    30.267    0.000     9.001    30.267    0.000    0.000    0.000  -21.266
    6    5 C1  1   0.00  0.1005 -9426.627   -0.380 -9473.687 -9175.658 -122.635  -92.363  -36.351  -46.680
    7    1 C1  1   1.67 -0.0000    42.798   -1.031     5.393    42.052   -0.001   -0.029   -0.255  -36.374
    7    2 S1  1   2.20  0.0000    28.698    0.000     2.615    28.698    0.000    0.000    0.000  -26.084
    7    3 C1  1   1.68 -0.0001    10.642    0.171    -7.365    10.888   -0.001    0.108   -0.181  -18.178
    7    4 S1  1   2.02  0.0000    30.807    0.000     5.435    30.807    0.000    0.000    0.000  -25.372
    7    5 C1  1   0.99 -0.0050    30.705    0.670   -19.131    38.497    7.995   -2.518  -12.599  -50.505
    7    6 C1  1   0.00  0.1269 -9396.436    0.439 -9446.331 -9150.830 -124.186  -87.980  -33.001  -50.333
    8    1 C1  0   0.64  0.0200    -3.482   -4.075   -17.417   -21.169   28.551  -10.205   -4.734   -9.861
    8    2 C1  0   1.41 -0.0005    -1.158    1.006    -3.731    -0.391    0.005    0.365   -0.132   -3.579
    8    3 S1  0   2.64  0.0000     3.123    0.000    -0.233     3.123    0.000    0.000    0.000   -3.356
    8    4 S1  0   2.97  0.0000     2.595    0.000    -1.024     2.595    0.000    0.000    0.000   -3.619
    8    5 S1  0   2.08  0.0000     1.188    0.000    -2.960     1.188    0.000    0.000    0.000   -4.148
    8    6 C1  0   1.83  0.0000    -2.348   -0.090    -3.276    -2.413   -0.002    0.104   -0.128   -0.838
    8    7 C1  0   0.00  0.1052 -9476.094    0.498 -9475.700 -9218.704 -118.527  -92.752  -45.614   -0.103
    9    1 C1  1   0.69  0.0550     7.575   -1.134   -20.994     7.402   13.332   -4.849   -9.444  -27.435
    9    2 C1  1   0.99 -0.0175     3.520    0.483   -11.401     6.785    0.549   -1.335   -1.996  -15.404
    9    3 C1  1   1.80  0.0000    39.159    0.239    12.302    39.267   -0.002    0.327   -0.194  -27.095
    9    4 S1  1   3.04  0.0000    24.657    0.000     5.602    24.657    0.000    0.000    0.000  -19.054
    9    5 S1  1   2.17  0.0000    14.722    0.000    -8.741    14.722    0.000    0.000    0.000  -23.464
    9    6 S1  1   2.89  0.0000    16.569    0.000     0.539    16.569    0.000    0.000    0.000  -16.030
    9    7 C1  1   1.28  0.0017    12.335   -0.240    -8.773    13.280    0.050   -0.394   -0.840  -20.867
    9    8 C1  0   0.00  0.0915 -9495.701    0.268 -9503.705 -9253.888 -109.004  -96.149  -36.392   -8.272
   10    1 C1  1   1.34  0.0016    12.493   -0.189     0.927    12.668    0.016    0.199   -0.580  -11.377
   10    2 C1  1   1.28  0.0014    16.875    0.705     5.815    18.237    0.044    0.021   -0.721  -11.766
   10    3 C1  1   1.21 -0.0022    26.122    0.224     7.086    27.750    0.138   -0.337   -1.205  -19.259
   10    4 S1  1   2.25  0.0000    25.326    0.000     8.712    25.326    0.000    0.000    0.000  -16.614
   10    5 C1  1   1.20  0.0002    13.101    0.343    -8.047    14.356    0.102   -0.216   -0.798  -21.491
   10    6 S1  1   3.21  0.0000    17.837    0.000     4.585    17.837    0.000    0.000    0.000  -13.252
   10    7 C1  1   0.70 -0.0401   -34.799   -0.400   -49.241   -44.100   28.525   -9.816   -9.808  -14.042
   10    8 C1  0   1.51 -0.0003     0.280    0.901    -4.677     1.455    0.004    0.385   -0.663   -5.858
   10    9 C1  1   0.00  0.0760 -9433.336   -0.032 -9468.078 -9174.731 -123.161  -91.326  -44.149  -34.710
   11    1 S1  1   2.44  0.0000    28.039    0.000    12.673    28.039    0.000    0.000    0.000  -15.366
   11    2 C1  1   1.99  0.0000    26.420    0.516    11.261    26.914   -0.002    0.207   -0.184  -15.676
   11    3 C1  1   0.68 -0.0078   -19.994    0.124   -40.820   -24.550   17.842   -6.434   -6.728  -20.950
   11    4 C1  1   1.43 -0.0002    50.756    0.030    26.051    51.601    0.002   -0.012   -0.805  -24.735
   11    5 C1  1   0.65 -0.0787    -7.545    0.489   -38.503   -24.474   33.096   -7.186   -8.492  -31.447
   11    6 S1  1   3.13  0.0000    23.212    0.000     7.299    23.212    0.000    0.000    0.000  -15.913
   11    7 C1  1   1.07  0.0001    18.739    0.181    -2.818    21.269    2.523   -0.808   -4.064  -21.737
   11    8 S1  0   2.26  0.0000     2.107    0.000    -1.422     2.107    0.000    0.000    0.000   -3.528
   11    9 C1  1   1.65 -0.0000    15.204    0.271    -1.529    15.563   -0.001    0.291   -0.377  -17.004
   11   10 C1  1   0.00  0.1113 -9437.195    0.302 -9463.903 -9185.917 -111.237  -93.544  -46.195  -27.010
   12    1 S1  1   3.12  0.0000    18.800    0.000     0.922    18.800    0.000    0.000    0.000  -17.878
   12    2 S1  1   2.17  0.0000    18.721    0.000     0.615    18.721    0.000    0.000    0.000  -18.106
   12    3 C1  1   1.16  0.0007    32.975   -0.113    -0.459    36.924    1.023   -0.953   -4.132  -33.321
   12    4 C1  1   0.68  0.0129    -9.565    0.104   -35.752    -8.551   25.951   -8.867  -17.994  -26.291
   12    5 C1  1   1.08 -0.0007    11.694   -0.039    -9.695    13.599    0.788   -0.712   -2.020  -21.350
   12    6 S1  1   3.40  0.0000    13.390    0.000    -1.279    13.390    0.000    0.000    0.000  -14.669
   12    7 S1  1   2.14  0.0000    12.623    0.000    -3.887    12.623    0.000    0.000    0.000  -16.510
   12    8 S1  0   3.24  0.0000     1.937    0.000    -1.267     1.937    0.000    0.000    0.000   -3.204
   12    9 S1  1   2.15  0.0000    27.594    0.000    -2.111    27.594    0.000    0.000    0.000  -29.705
   12   10 C1  1   0.67  0.0515    20.476    1.826   -21.400    18.734   13.120   -4.772   -4.781  -43.702
   12   11 C1  1   0.00  0.1359 -9442.169    0.823 -9472.791 -9186.072 -113.526  -93.114  -48.636  -31.444
   13    1 S1  1   2.27  0.0000    16.248    0.000    -5.537    16.248    0.000    0.000    0.000  -21.785
   13    2 C1  1   1.26  0.0002    15.328    0.326    -5.794    16.425    0.084   -0.125   -0.730  -21.448
   13    3 C1  1   0.69  0.0659     2.467    0.040   -38.643    -6.178   24.402   -5.878   -9.839  -41.150
   13    4 C1  1   1.76 -0.0000    17.716    0.133    -6.772    18.021   -0.002    0.101   -0.272  -24.620
   13    5 S1  1   2.70  0.0000    13.758    0.000    -8.036    13.758    0.000    0.000    0.000  -21.793
   13    6 S1  1   5.05  0.0000    12.392    0.000    -3.479    12.392    0.000    0.000    0.000  -15.870
   13    7 S1  1   3.20  0.0000    11.774    0.000    -6.018    11.774    0.000    0.000    0.000  -17.792
   13    8 S1  0   2.48  0.0000     1.628    0.000    -2.705     1.628    0.000    0.000    0.000   -4.333
   13    9 C1  1   1.32  0.0028    47.143    0.207   -11.273    48.492    0.033   -0.331   -0.844  -58.623
   13   10 C1  1   1.52  0.0003    39.794    0.203     1.073    40.566    0.005    0.009   -0.583  -38.924
   13   11 C1  1   1.03 -0.0094    18.217   -0.046    -2.994    20.116    0.448   -0.825   -1.567  -21.166
   13   12 C1  1   0.00  0.0880 -9418.866    0.513 -9468.621 -9165.446 -129.235  -89.524  -34.147  -50.269
   14    1 S1  1   2.60  0.0000    17.194    0.000     3.011    17.194    0.000    0.000    0.000  -14.183
   14    2 S1  1   2.85  0.0000    18.095    0.000     3.630    18.095    0.000    0.000    0.000  -14.465
   14    3 S1  1   3.23  0.0000    24.945    0.000     4.146    24.945    0.000    0.000    0.000  -20.799
   14    4 S1  1   3.99  0.0000    16.842    0.000     3.085    16.842    0.000    0.000    0.000  -13.756
   14    5 S1  1   5.34  0.0000    12.300    0.000    -3.934    12.300    0.000    0.000    0.000  -16.235
   14    6 S1  1   7.25  0.0000    11.434    0.000     0.846    11.434    0.000    0.000    0.000  -10.588
   14    7 S1  1   5.53  0.0000    11.337    0.000    -1.133    11.337    0.000    0.000    0.000  -12.470
   14    8 S1  0   2.90  0.0000     1.800    0.000    -0.645     1.800    0.000    0.000    0.000   -2.445
   14    9 S1  1   2.05  0.0000    26.464    0.000     3.396    26.464    0.000    0.000    0.000  -23.067
   14   10 S1  1   2.91  0.0000    23.620    0.000     5.207    23.620    0.000    0.000    0.000  -18.413
   14   11 S1  1   3.42  0.0000    14.952    0.000     1.679    14.952    0.000    0.000    0.000  -13.273
   14   12 S1  1   2.13  0.0000    32.591    0.000     0.218    32.591    0.000    0.000    0.000  -32.373
   14   13 C1  1   0.00  0.0918 -9445.588   -0.657 -9487.818 -9194.269 -120.357  -93.846  -37.773  -41.573
   15    1 C1  1   1.31 -0.0014    14.855   -0.894    -4.015    14.965    0.028   -0.232   -0.801  -17.977
   15    2 C1  1   0.69  0.0503   -35.512   -0.432   -50.587   -46.293   30.161   -9.972   -9.840  -14.643
   15    3 C1  1   0.94 -0.0026    22.742    0.466    -2.374    23.847    4.761   -0.783   -4.615  -25.583
   15    4 S1  1   3.30  0.0000    15.650    0.000    -0.012    15.650    0.000    0.000    0.000  -15.662
   15    5 S1  1   3.55  0.0000    11.667    0.000    -5.916    11.667    0.000    0.000    0.000  -17.583
   15    6 S1  1   5.27  0.0000    11.325    0.000    -0.680    11.325    0.000    0.000    0.000  -12.005
   15    7 S1  1   3.97  0.0000    11.049    0.000    -2.934    11.049    0.000    0.000    0.000  -13.983
   15    8 S1  0   2.01  0.0000     3.845    0.000    -0.105     3.845    0.000    0.000    0.000   -3.950
   15    9 C1  1   1.51 -0.0000    40.449   -0.127     5.681    40.472    0.000    0.045   -0.196  -34.641
   15   10 S1  1   2.46  0.0000    23.640    0.000     4.481    23.640    0.000    0.000    0.000  -19.159
   15   11 S1  1   2.31  0.0000    12.455    0.000    -0.839    12.455    0.000    0.000    0.000  -13.295
   15   12 S1  1   2.25  0.0000    25.157    0.000    -2.470    25.157    0.000    0.000    0.000  -27.627
   15   13 C1  1   1.01 -0.0052    29.800    0.408   -14.244    36.113    3.616   -1.373   -8.148  -44.452
   15   14 C1  1   0.00  0.1303 -9403.387    0.182 -9451.179 -9154.910 -127.122  -88.180  -32.993  -47.974
   16    1 C1  0   0.70 -0.0015   -21.907   -0.674   -25.051   -29.409   21.835   -7.483   -7.525   -2.469
   16    2 C1  0   1.47  0.0005     1.285   -0.264    -3.477     1.648    0.007   -0.031   -0.604   -4.498
   16    3 S1  0   2.20  0.0000     2.168    0.000    -0.563     2.168    0.000    0.000    0.000   -2.732
   16    4 S1  0   4.25  0.0000     1.223    0.000    -0.439     1.223    0.000    0.000    0.000   -1.662
   16    5 S1  0   4.41  0.0000     0.860    0.000    -0.903     0.860    0.000    0.000    0.000   -1.763
   16    6 S1  0   5.82  0.0000     0.643    0.000    -0.452     0.643    0.000    0.000    0.000   -1.095
   16    7 S1  0   4.65  0.0000     0.685    0.000    -0.637     0.685    0.000    0.000    0.000   -1.322
   16    8 C1  0   1.98 -0.0000     1.460    0.136     0.516     1.426   -0.001    0.150    0.022   -1.080
   16    9 S1  0   2.12  0.0000     4.376    0.000    -0.347     4.376    0.000    0.000    0.000   -4.723
   16   10 S1  0   3.26  0.0000     0.918    0.000    -0.573     0.918    0.000    0.000    0.000   -1.491
   16   11 S1  0   3.45  0.0000     0.528    0.000    -0.492     0.528    0.000    0.000    0.000   -1.020
   16   12 S1  0   3.43  0.0000     0.545    0.000    -0.933     0.545    0.000    0.000    0.000   -1.478
   16   13 C1  0   2.00  0.0000     1.480    0.160    -1.516     1.449   -0.001    0.269   -0.076   -3.156
   16   14 C1  0   1.78  0.0000    -3.237    0.236    -2.628    -2.860   -0.001    0.083   -0.222    0.373
   16   15 C1  0   0.00  0.1030 -9480.807    0.057 -9478.261 -9222.166 -120.325  -93.181  -45.079    2.490
