    2    1 C1  1   0.00  0.0830 -9404.494    0.442 -9474.417 -9150.341 -115.545  -93.626  -44.540  -70.364
    3    1 C1  1   1.88  0.0000    14.183    0.136    -4.593    14.474   -0.001    0.105   -0.259  -18.911
    3    2 C1  1   0.00  0.1194 -9443.426    0.160 -9474.397 -9185.533 -122.471  -91.186  -44.076  -31.131
    4    1 S1  1   3.49  0.0000    18.692    0.000    -3.498    18.692    0.000    0.000    0.000  -22.190
    4    2 S1  1   2.16  0.0000    22.749    0.000    -3.783    22.749    0.000    0.000    0.000  -26.532
    4    3 C1  1   0.00  0.0990 -9406.853    0.071 -9457.648 -9152.390 -127.452  -90.270  -36.670  -50.866
    5    1 S1  1   4.11  0.0000    14.406    0.000     0.617    14.406    0.000    0.000    0.000  -13.789
    5    2 S1  1   3.45  0.0000    14.540    0.000     0.810    14.540    0.000    0.000    0.000  -13.730
    5    3 S1  1   2.02  0.0000    21.838    0.000     6.254    21.838    0.000    0.000    0.000  -15.584
    5    4 C1  1   0.00  0.1123 -9417.547   -0.293 -9452.288 -9166.236 -117.591  -89.632  -44.382  -34.448
    6    1 S1  1   5.03  0.0000    15.350    0.000     0.772    15.350    0.000    0.000    0.000  -14.577
    6    2 S1  1   4.27  0.0000    16.269    0.000     1.334    16.269    0.000    0.000    0.000  -14.936
    6    3 S1  1   3.06  0.0000    21.669    0.000     5.584    21.669    0.000    0.000    0.000  -16.084
    6    4 C1  1   1.97  0.0000    24.459    0.207     3.193    24.900   -0.002    0.043   -0.274  -21.474
    6    5 C1  1   0.00  0.1063 -9425.708    0.220 -9453.882 -9171.354 -124.308  -90.624  -39.202  -28.395
    7    1 S1  1   7.18  0.0000    12.132    0.000    -3.240    12.132    0.000    0.000    0.000  -15.372
    7    2 S1  1   6.84  0.0000    12.152    0.000    -2.598    12.152    0.000    0.000    0.000  -14.750
    7    3 S1  1   5.70  0.0000    14.066    0.000    -0.624    14.066    0.000    0.000    0.000  -14.690
    7    4 S1  1   4.03  0.0000    15.814    0.000    -2.519    15.814    0.000    0.000    0.000  -18.332
    7    5 C1  1   1.89  0.0000    21.608   -0.355    -0.729    21.262   -0.002    0.128   -0.136  -21.982
    7    6 C1  1   0.00  0.1336 -9422.788   -0.904 -9455.390 -9175.726 -123.611  -89.368  -34.987  -31.698
    8    1 S1  1   5.97  0.0000    17.232    0.000    -3.636    17.232    0.000    0.000    0.000  -20.869
    8    2 S1  1   5.44  0.0000    17.089    0.000    -2.864    17.089    0.000    0.000    0.000  -19.953
    8    3 S1  1   4.27  0.0000    17.334    0.000    -0.609    17.334    0.000    0.000    0.000  -17.943
    8    4 S1  1   3.07  0.0000    17.419    0.000    -2.962    17.419    0.000    0.000    0.000  -20.381
    8    5 C1  1   1.79  0.0000    15.337   -0.972    -2.474    14.567   -0.002    0.007   -0.208  -16.839
    8    6 C1  1   0.69  0.0582    -6.924   -0.279   -30.947    -8.067   16.402   -5.641   -9.897  -23.744
    8    7 C1  1   0.00  0.1258 -9422.537   -0.261 -9463.919 -9175.542 -123.483  -88.712  -35.062  -41.121
    9    1 S1  1   5.16  0.0000    19.406    0.000    -1.244    19.406    0.000    0.000    0.000  -20.650
    9    2 S1  1   5.14  0.0000    17.289    0.000    -0.507    17.289    0.000    0.000    0.000  -17.795
    9    3 S1  1   4.47  0.0000    15.805    0.000     2.151    15.805    0.000    0.000    0.000  -13.654
    9    4 S1  1   3.03  0.0000    16.348    0.000     0.094    16.348    0.000    0.000    0.000  -16.254
    9    5 S1  1   2.39  0.0000    20.387    0.000     3.897    20.387    0.000    0.000    0.000  -16.490
    9    6 C1  1   0.72  0.0293    19.668   -0.353    -3.670    18.966    9.319   -3.516   -5.456  -22.985
    9    7 C1  1   0.79 -0.0280    16.130   -1.931   -16.900    15.660    6.735   -2.289   -5.907  -31.099
    9    8 C1  1   0.00  0.0913 -9421.281   -0.310 -9458.343 -9167.704 -124.439  -89.049  -40.399  -36.753
   10    1 S1  1   4.46  0.0000    25.052    0.000    -3.722    25.052    0.000    0.000    0.000  -28.774
   10    2 S1  1   4.16  0.0000    21.803    0.000    -2.797    21.803    0.000    0.000    0.000  -24.600
   10    3 S1  1   3.13  0.0000    17.361    0.000    -0.995    17.361    0.000    0.000    0.000  -18.356
   10    4 C1  1   1.43 -0.0003    13.143   -0.420    -6.881    13.614    0.011   -0.189   -0.712  -19.604
   10    5 C1  1   0.66  0.0558   -30.986    0.056   -45.286   -39.246   26.250   -8.585   -9.348  -14.357
   10    6 C1  1   1.11 -0.0027    16.711    0.049    -3.761    20.836    0.843   -1.152   -3.767  -20.522
   10    7 S1  1   2.54  0.0000    18.525    0.000    -5.065    18.525    0.000    0.000    0.000  -23.590
   10    8 S1  1   2.08  0.0000    28.756    0.000    -4.368    28.756    0.000    0.000    0.000  -33.124
   10    9 C1  1   0.00  0.1100 -9415.866    0.795 -9459.514 -9162.774 -124.890  -87.739  -39.667  -44.444
   11    1 S1  1   3.93  0.0000    23.667    0.000    -3.792    23.667    0.000    0.000    0.000  -27.458
   11    2 S1  1   3.14  0.0000    20.255    0.000    -2.936    20.255    0.000    0.000    0.000  -23.192
   11    3 S1  1   2.24  0.0000    20.684    0.000     1.287    20.684    0.000    0.000    0.000  -19.397
   11    4 C1  1   0.67 -0.0044    -3.039   -0.372   -24.862   -15.878   30.187   -9.448   -8.272  -21.450
   11    5 C1  1   1.55  0.0003    22.733    0.108     1.658    23.425    0.002   -0.029   -0.557  -21.183
   11    6 S1  1   2.48  0.0000    20.640    0.000     3.306    20.640    0.000    0.000    0.000  -17.334
   11    7 S1  1   3.66  0.0000    16.112    0.000    -3.198    16.112    0.000    0.000    0.000  -19.310
   11    8 S1  1   3.58  0.0000    17.874    0.000    -2.990    17.874    0.000    0.000    0.000  -20.864
   11    9 S1  1   2.10  0.0000    23.351    0.000    -0.516    23.351    0.000    0.000    0.000  -23.867
   11   10 C1  1   0.00  0.0906 -9425.321    0.494 -9474.518 -9169.742 -123.033  -90.552  -41.500  -49.691
   12    1 S1  1   2.59  0.0000    25.967    0.000    -5.519    25.967    0.000    0.000    0.000  -31.486
   12    2 C1  1   1.48  0.0000    24.443   -0.549    -1.628    24.917    0.006   -0.221   -0.808  -25.523
   12    3 C1  1   0.71  0.0445   -34.954   -0.124   -50.618   -43.900   28.355   -9.733   -9.799  -15.540
   12    4 C1  1   1.46  0.0000    13.296    0.210    -7.167    15.573    0.038   -0.314   -1.791  -20.673
   12    5 S1  1   2.68  0.0000    19.481    0.000     1.480    19.481    0.000    0.000    0.000  -18.001
   12    6 S1  1   3.91  0.0000    16.404    0.000     1.371    16.404    0.000    0.000    0.000  -15.034
   12    7 S1  1   4.99  0.0000    13.283    0.000    -3.358    13.283    0.000    0.000    0.000  -16.641
   12    8 S1  1   5.13  0.0000    14.585    0.000    -3.473    14.585    0.000    0.000    0.000  -18.059
   12    9 S1  1   3.85  0.0000    19.506    0.000    -0.977    19.506    0.000    0.000    0.000  -20.483
   12   10 S1  1   2.20  0.0000    30.643    0.000    -4.164    30.643    0.000    0.000    0.000  -34.807
   12   11 C1  1   0.00  0.1106 -9407.040    0.327 -9460.849 -9154.513 -127.875  -88.358  -35.966  -54.137
   13    1 C1  1   1.52  0.0002    10.651    0.043    -6.756    11.099    0.002   -0.033   -0.374  -17.450
   13    2 C1  1   0.68 -0.0410   -38.091   -0.235   -51.983   -50.784   33.359  -10.773  -10.127  -13.658
   13    3 C1  1   1.41  0.0000    36.579   -0.172    15.566    37.219    0.013   -0.131   -0.694  -20.841
   13    4 S1  1   2.74  0.0000    21.729    0.000     4.140    21.729    0.000    0.000    0.000  -17.589
   13    5 S1  1   3.92  0.0000    17.127    0.000     6.086    17.127    0.000    0.000    0.000  -11.041
   13    6 S1  1   5.10  0.0000    13.599    0.000     4.709    13.599    0.000    0.000    0.000   -8.890
   13    7 S1  1   6.61  0.0000    10.606    0.000     0.133    10.606    0.000    0.000    0.000  -10.473
   13    8 S1  1   6.29  0.0000    11.098    0.000     0.244    11.098    0.000    0.000    0.000  -10.854
   13    9 S1  1   4.88  0.0000    12.554    0.000     2.513    12.554    0.000    0.000    0.000  -10.041
   13   10 S1  1   3.60  0.0000    14.212    0.000     0.395    14.212    0.000    0.000    0.000  -13.818
   13   11 S1  1   2.18  0.0000    18.834    0.000     1.434    18.834    0.000    0.000    0.000  -17.400
   13   12 C1  1   0.00  0.0938 -9439.252    0.016 -9469.797 -9182.075 -125.769  -90.022  -41.371  -30.561
   14    1 C1  0   0.65 -0.0567   -47.730   -0.397   -44.354   -60.132   31.271   -9.564   -9.702    3.773
   14    2 C1  0   1.29 -0.0011    -1.025   -0.105    -1.918     0.780    0.192   -0.344   -1.757   -0.788
   14    3 S1  0   2.38  0.0000     4.576    0.000     6.117     4.576    0.000    0.000    0.000    1.541
   14    4 S1  0   3.88  0.0000     1.791    0.000     3.620     1.791    0.000    0.000    0.000    1.828
   14    5 S1  0   5.06  0.0000     0.310    0.000     2.645     0.310    0.000    0.000    0.000    2.335
   14    6 S1  0   6.22  0.0000     0.312    0.000     2.254     0.312    0.000    0.000    0.000    1.943
   14    7 S1  0   7.87  0.0000     0.036    0.000     1.737     0.036    0.000    0.000    0.000    1.701
   14    8 S1  0   7.41  0.0000     0.285    0.000     2.013     0.285    0.000    0.000    0.000    1.728
   14    9 S1  0   5.80  0.0000    -0.153    0.000     2.264    -0.153    0.000    0.000    0.000    2.418
   14   10 S1  0   4.44  0.0000    -0.943    0.000     2.715    -0.943    0.000    0.000    0.000    3.658
   14   11 S1  0   3.33  0.0000    -2.469    0.000     3.287    -2.469    0.000    0.000    0.000    5.756
   14   12 S1  0   2.19  0.0000    -9.372    0.000     1.666    -9.372    0.000    0.000    0.000   11.038
   14   13 C1  0   0.00  0.1071 -9456.575   -0.162 -9447.168 -9201.780 -126.748  -89.727  -38.482    9.569
