    2    1 C1  1   0.00  0.0925 -9398.603    0.266 -9470.522 -9140.799 -118.934  -92.275  -46.329  -72.185
    3    1 C1  1   1.89  0.0000    16.682    0.220    -5.384    16.971   -0.001    0.203   -0.270  -22.286
    3    2 C1  1   0.00  0.1015 -9439.774    0.176 -9480.595 -9183.430 -116.660  -92.441  -47.067  -40.996
    4    1 S1  1   3.04  0.0000    20.287    0.000    -2.285    20.287    0.000    0.000    0.000  -22.572
    4    2 S1  1   2.06  0.0000    26.702    0.000    -1.763    26.702    0.000    0.000    0.000  -28.465
    4    3 C1  1   0.00  0.1008 -9408.858   -0.056 -9460.818 -9155.078 -119.518  -91.924  -42.394  -51.904
    5    1 S1  1   3.52  0.0000    15.361    0.000     0.449    15.361    0.000    0.000    0.000  -14.912
    5    2 S1  1   2.92  0.0000    15.765    0.000     1.014    15.765    0.000    0.000    0.000  -14.750
    5    3 C1  1   1.99  0.0000    21.427    0.034     3.989    21.593   -0.002    0.080   -0.211  -17.471
    5    4 C1  1   0.00  0.1202 -9417.992   -0.204 -9455.858 -9163.057 -120.123  -90.828  -44.187  -37.662
    6    1 S1  1   4.05  0.0000    18.079    0.000    -0.986    18.079    0.000    0.000    0.000  -19.065
    6    2 S1  1   3.57  0.0000    19.662    0.000     0.077    19.662    0.000    0.000    0.000  -19.584
    6    3 S1  1   3.08  0.0000    21.276    0.000     2.283    21.276    0.000    0.000    0.000  -18.994
    6    4 S1  1   2.08  0.0000    26.139    0.000     0.978    26.139    0.000    0.000    0.000  -25.161
    6    5 C1  1   0.00  0.1022 -9417.988    0.202 -9462.411 -9161.673 -122.333  -91.312  -42.468  -44.624
    7    1 S1  1   5.87  0.0000    14.525    0.000    -2.062    14.525    0.000    0.000    0.000  -16.588
    7    2 S1  1   5.81  0.0000    14.360    0.000    -1.204    14.360    0.000    0.000    0.000  -15.564
    7    3 S1  1   5.16  0.0000    14.294    0.000     0.448    14.294    0.000    0.000    0.000  -13.846
    7    4 S1  1   3.89  0.0000    16.837    0.000    -0.366    16.837    0.000    0.000    0.000  -17.203
    7    5 C1  1   1.99  0.0000    24.121   -0.252     1.501    23.809   -0.002    0.138   -0.077  -22.368
    7    6 C1  1   0.00  0.0691 -9429.960   -0.212 -9466.950 -9182.386 -123.680  -90.080  -34.026  -36.778
    8    1 S1  1   4.38  0.0000    27.056    0.000    -1.192    27.056    0.000    0.000    0.000  -28.248
    8    2 S1  1   4.08  0.0000    26.175    0.000     0.431    26.175    0.000    0.000    0.000  -25.744
    8    3 S1  1   3.42  0.0000    20.060    0.000     1.885    20.060    0.000    0.000    0.000  -18.175
    8    4 S1  1   2.56  0.0000    20.658    0.000     1.177    20.658    0.000    0.000    0.000  -19.481
    8    5 C1  1   1.68  0.0000    16.748   -0.040     2.028    16.963   -0.001    0.146   -0.400  -14.680
    8    6 C1  1   0.92  0.0322    12.107    0.346   -16.074    21.787    9.944   -4.693  -14.584  -28.528
    8    7 C1  1   0.00  0.0986 -9426.496   -0.355 -9458.884 -9179.460 -128.215  -87.249  -31.926  -32.034
    9    1 S1  1   4.01  0.0000    26.703    0.000    -3.583    26.703    0.000    0.000    0.000  -30.286
    9    2 S1  1   4.07  0.0000    22.037    0.000    -2.211    22.037    0.000    0.000    0.000  -24.248
    9    3 S1  1   3.70  0.0000    14.316    0.000    -1.123    14.316    0.000    0.000    0.000  -15.439
    9    4 S1  1   3.08  0.0000    15.175    0.000    -2.254    15.175    0.000    0.000    0.000  -17.428
    9    5 S1  1   2.31  0.0000    15.447    0.000    -2.400    15.447    0.000    0.000    0.000  -17.847
    9    6 C1  1   0.73  0.0387     4.855   -0.197   -18.187     3.466    7.876   -2.942   -3.741  -22.846
    9    7 C1  1   1.16 -0.0089    33.438   -0.414    -4.161    36.611    0.449   -1.274   -2.761  -37.185
    9    8 C1  1   0.00  0.1025 -9409.400   -0.717 -9453.843 -9166.043 -114.431  -89.008  -40.635  -43.727
   10    1 S1  1   3.64  0.0000    32.090    0.000    -3.357    32.090    0.000    0.000    0.000  -35.447
   10    2 S1  1   3.35  0.0000    28.093    0.000    -1.439    28.093    0.000    0.000    0.000  -29.532
   10    3 S1  1   2.39  0.0000    16.526    0.000    -1.267    16.526    0.000    0.000    0.000  -17.793
   10    4 C1  1   1.44 -0.0002    14.112   -0.300    -5.461    14.486    0.006   -0.048   -0.633  -19.273
   10    5 C1  1   0.70  0.0507   -36.351   -0.113   -50.425   -47.332   30.756   -9.841  -10.047  -13.961
   10    6 C1  1   1.08 -0.0027    17.052    0.177    -6.630    22.256    2.871   -1.552   -6.346  -23.859
   10    7 S1  1   2.80  0.0000    19.968    0.000    -2.206    19.968    0.000    0.000    0.000  -22.174
   10    8 C1  1   1.47 -0.0001    41.736    0.228     0.773    42.557    0.006    0.257   -0.858  -41.191
   10    9 C1  1   0.00  0.0855 -9417.670    0.871 -9469.723 -9167.829 -116.968  -89.363  -42.640  -52.923
   11    1 S1  1   3.24  0.0000    26.631    0.000    -3.675    26.631    0.000    0.000    0.000  -30.306
   11    2 S1  1   2.33  0.0000    24.374    0.000    -1.974    24.374    0.000    0.000    0.000  -26.347
   11    3 C1  1   1.56 -0.0002    18.842   -0.041    -0.204    19.034   -0.001   -0.036   -0.196  -19.004
   11    4 C1  1   0.69 -0.0051    -3.277   -0.596   -24.634   -12.732   24.809   -8.141   -7.808  -20.761
   11    5 C1  1   1.34  0.0003    21.539    0.236    -0.242    23.153    0.059   -0.263   -1.175  -22.016
   11    6 S1  1   2.14  0.0000    20.296    0.000     0.131    20.296    0.000    0.000    0.000  -20.166
   11    7 S1  1   3.87  0.0000    17.554    0.000    -0.987    17.554    0.000    0.000    0.000  -18.541
   11    8 S1  1   2.72  0.0000    22.880    0.000    -0.386    22.880    0.000    0.000    0.000  -23.266
   11    9 S1  1   2.06  0.0000    23.282    0.000    -4.549    23.282    0.000    0.000    0.000  -27.831
   11   10 C1  1   0.00  0.0947 -9418.066    0.692 -9473.121 -9161.358 -116.673  -91.650  -47.694  -55.747
   12    1 S1  1   2.41  0.0000    26.168    0.000    -2.676    26.168    0.000    0.000    0.000  -28.844
   12    2 C1  1   1.36  0.0000    27.438   -0.124     2.524    28.331    0.025   -0.161   -0.881  -24.790
   12    3 C1  1   0.70  0.0420   -36.676   -0.332   -50.961   -49.520   33.588  -10.839  -10.236  -13.953
   12    4 C1  1   1.11 -0.0010     8.768    0.097    -9.827    15.281    3.077   -1.857   -7.636  -18.693
   12    5 S1  1   2.16  0.0000    20.822    0.000     3.827    20.822    0.000    0.000    0.000  -16.995
   12    6 S1  1   3.21  0.0000    17.222    0.000     0.809    17.222    0.000    0.000    0.000  -16.413
   12    7 S1  1   5.10  0.0000    15.021    0.000    -0.308    15.021    0.000    0.000    0.000  -15.329
   12    8 S1  1   4.05  0.0000    19.625    0.000     0.747    19.625    0.000    0.000    0.000  -18.877
   12    9 S1  1   3.44  0.0000    21.446    0.000    -1.963    21.446    0.000    0.000    0.000  -23.409
   12   10 S1  1   2.04  0.0000    36.182    0.000    -0.847    36.182    0.000    0.000    0.000  -37.029
   12   11 C1  1   0.00  0.0988 -9404.481    0.333 -9464.245 -9152.201 -119.352  -91.704  -40.891  -60.097
   13    1 C1  1   1.58  0.0002    12.654    0.077    -6.358    12.953    0.000    0.033   -0.254  -19.089
   13    2 C1  1   0.70 -0.0422   -36.154   -0.184   -50.924   -47.632   31.532  -10.203  -10.035  -14.586
   13    3 C1  1   1.38  0.0000    37.195   -0.241    14.895    38.274    0.054   -0.313   -1.061  -22.058
   13    4 S1  1   2.10  0.0000    21.837    0.000     4.619    21.837    0.000    0.000    0.000  -17.218
   13    5 S1  1   3.12  0.0000    15.626    0.000     4.392    15.626    0.000    0.000    0.000  -11.235
   13    6 S1  1   4.17  0.0000    13.416    0.000     2.364    13.416    0.000    0.000    0.000  -11.052
   13    7 S1  1   6.21  0.0000    11.111    0.000     0.978    11.111    0.000    0.000    0.000  -10.133
   13    8 S1  1   4.90  0.0000    13.592    0.000     2.015    13.592    0.000    0.000    0.000  -11.577
   13    9 S1  1   3.95  0.0000    13.168    0.000     0.016    13.168    0.000    0.000    0.000  -13.152
   13   10 S1  1   2.89  0.0000    15.707    0.000    -0.102    15.707    0.000    0.000    0.000  -15.809
   13   11 C1  1   1.84  0.0000    19.650   -0.024    -0.288    19.766   -0.001    0.068   -0.206  -19.914
   13   12 C1  1   0.00  0.1054 -9442.881   -0.473 -9480.454 -9184.592 -117.237  -93.981  -47.544  -37.099
   14    1 C1  0   0.71 -0.0468   -50.998   -0.285   -47.462   -61.444   29.863   -9.797   -9.905    3.821
   14    2 C1  0   1.11 -0.0006    -3.563   -0.083    -4.902     1.173    1.759   -1.389   -5.188   -1.257
   14    3 S1  0   2.19  0.0000     3.557    0.000     3.688     3.557    0.000    0.000    0.000    0.132
   14    4 S1  0   3.02  0.0000     1.174    0.000     2.178     1.174    0.000    0.000    0.000    1.005
   14    5 S1  0   4.06  0.0000    -0.337    0.000     1.133    -0.337    0.000    0.000    0.000    1.469
   14    6 S1  0   5.12  0.0000    -0.007    0.000     1.212    -0.007    0.000    0.000    0.000    1.219
   14    7 S1  0   7.10  0.0000    -0.284    0.000     0.940    -0.284    0.000    0.000    0.000    1.224
   14    8 S1  0   5.66  0.0000    -0.028    0.000     1.389    -0.028    0.000    0.000    0.000    1.417
   14    9 S1  0   4.47  0.0000    -0.850    0.000     1.289    -0.850    0.000    0.000    0.000    2.139
   14   10 S1  0   3.48  0.0000    -2.723    0.000     1.206    -2.723    0.000    0.000    0.000    3.929
   14   11 S1  0   2.88  0.0000    -5.073    0.000     1.004    -5.073    0.000    0.000    0.000    6.077
   14   12 S1  0   2.02  0.0000   -11.645    0.000    -1.993   -11.645    0.000    0.000    0.000    9.651
   14   13 C1  0   0.00  0.0977 -9473.625   -0.670 -9468.220 -9218.540 -120.409  -91.797  -43.551    6.076
