    2    1 C1  1   0.00  0.0927 -9408.420    0.486 -9474.242 -9150.952 -119.280  -91.873  -45.829  -66.308
    3    1 S1  1   2.12  0.0000    14.681    0.000    -4.057    14.681    0.000    0.000    0.000  -18.738
    3    2 C1  1   0.00  0.1241 -9438.635    0.178 -9466.485 -9183.972 -123.853  -89.694  -40.938  -28.028
    4    1 S1  1   3.76  0.0000    16.798    0.000    -3.579    16.798    0.000    0.000    0.000  -20.377
    4    2 S1  1   2.29  0.0000    21.657    0.000    -3.655    21.657    0.000    0.000    0.000  -25.312
    4    3 C1  1   0.00  0.1190 -9393.369    0.216 -9440.106 -9146.333 -122.796  -88.210  -35.814  -46.953
    5    1 S1  1   4.25  0.0000    13.791    0.000     0.657    13.791    0.000    0.000    0.000  -13.134
    5    2 S1  1   3.26  0.0000    14.350    0.000     0.978    14.350    0.000    0.000    0.000  -13.372
    5    3 C1  1   1.85  0.0000    21.160   -0.062     6.896    21.133   -0.001    0.136   -0.170  -14.202
    5    4 C1  1   0.00  0.1098 -9415.063   -0.066 -9450.442 -9162.756 -116.448  -90.363  -45.562  -35.313
    6    1 S1  1   5.15  0.0000    15.019    0.000     0.174    15.019    0.000    0.000    0.000  -14.844
    6    2 S1  1   4.08  0.0000    16.898    0.000     0.828    16.898    0.000    0.000    0.000  -16.070
    6    3 S1  1   2.89  0.0000    22.193    0.000     5.143    22.193    0.000    0.000    0.000  -17.050
    6    4 C1  1   1.87  0.0000    24.983    0.165     1.934    25.440   -0.002    0.024   -0.315  -23.214
    6    5 C1  1   0.00  0.1070 -9425.366    0.176 -9454.946 -9170.550 -124.116  -90.797  -39.726  -29.757
    7    1 S1  1   7.00  0.0000    12.381    0.000    -3.493    12.381    0.000    0.000    0.000  -15.875
    7    2 S1  1   6.49  0.0000    12.936    0.000    -2.981    12.936    0.000    0.000    0.000  -15.916
    7    3 S1  1   5.57  0.0000    14.550    0.000    -0.727    14.550    0.000    0.000    0.000  -15.277
    7    4 S1  1   4.07  0.0000    16.505    0.000    -2.987    16.505    0.000    0.000    0.000  -19.492
    7    5 C1  1   1.89  0.0000    22.237   -0.316    -0.929    21.942   -0.002    0.113   -0.132  -22.850
    7    6 C1  1   0.00  0.1335 -9420.963   -0.924 -9456.276 -9174.277 -123.671  -89.206  -34.732  -34.390
    8    1 S1  1   5.72  0.0000    18.619    0.000    -3.320    18.619    0.000    0.000    0.000  -21.939
    8    2 S1  1   5.03  0.0000    19.456    0.000    -2.547    19.456    0.000    0.000    0.000  -22.004
    8    3 S1  1   4.03  0.0000    18.718    0.000     0.353    18.718    0.000    0.000    0.000  -18.365
    8    4 S1  1   3.01  0.0000    18.217    0.000    -2.525    18.217    0.000    0.000    0.000  -20.742
    8    5 C1  1   1.77  0.0000    15.082   -0.977    -1.466    14.366   -0.002   -0.006   -0.253  -15.571
    8    6 C1  1   0.74  0.0435    -7.381   -0.458   -31.748    -3.908   12.386   -5.079  -11.239  -23.909
    8    7 C1  1   0.00  0.1258 -9422.709   -0.359 -9461.287 -9176.942 -124.025  -87.689  -34.412  -38.219
    9    1 S1  1   4.82  0.0000    20.962    0.000    -0.864    20.962    0.000    0.000    0.000  -21.827
    9    2 S1  1   4.52  0.0000    19.604    0.000    -0.292    19.604    0.000    0.000    0.000  -19.895
    9    3 S1  1   3.96  0.0000    16.093    0.000     2.609    16.093    0.000    0.000    0.000  -13.485
    9    4 S1  1   2.84  0.0000    16.291    0.000     0.219    16.291    0.000    0.000    0.000  -16.072
    9    5 S1  1   2.24  0.0000    20.031    0.000     4.411    20.031    0.000    0.000    0.000  -15.620
    9    6 C1  1   0.70  0.0332    17.815   -0.414    -5.427    16.096   11.052   -3.942   -5.806  -22.828
    9    7 C1  1   0.73 -0.0430    12.059   -2.229   -21.639     9.026   10.972   -3.480   -6.688  -31.468
    9    8 C1  1   0.00  0.0892 -9427.201   -0.317 -9463.104 -9173.838 -121.677  -90.181  -41.822  -35.586
   10    1 S1  1   4.43  0.0000    25.703    0.000    -3.606    25.703    0.000    0.000    0.000  -29.309
   10    2 S1  1   3.73  0.0000    24.494    0.000    -3.114    24.494    0.000    0.000    0.000  -27.608
   10    3 S1  1   2.73  0.0000    18.042    0.000    -0.793    18.042    0.000    0.000    0.000  -18.834
   10    4 C1  1   1.27 -0.0011    11.491   -0.486    -8.236    12.428    0.097   -0.435   -1.085  -19.241
   10    5 C1  1   0.66  0.0518   -31.571    0.082   -46.138   -41.308   28.262   -8.822   -9.622  -14.649
   10    6 C1  1   1.14 -0.0034    17.503    0.022    -3.494    20.774    0.383   -0.865   -2.767  -21.019
   10    7 S1  1   2.65  0.0000    18.298    0.000    -5.541    18.298    0.000    0.000    0.000  -23.839
   10    8 S1  1   2.10  0.0000    28.773    0.000    -3.758    28.773    0.000    0.000    0.000  -32.531
   10    9 C1  1   0.00  0.1070 -9416.545    0.850 -9459.057 -9162.055 -126.081  -88.388  -39.172  -43.362
   11    1 S1  1   3.99  0.0000    22.259    0.000    -3.840    22.259    0.000    0.000    0.000  -26.099
   11    2 S1  1   2.79  0.0000    20.586    0.000    -3.571    20.586    0.000    0.000    0.000  -24.157
   11    3 C1  1   1.88  0.0000    21.249   -0.465     0.948    20.905   -0.002    0.015   -0.134  -19.837
   11    4 C1  1   0.68 -0.0019    -3.335   -0.489   -24.943   -16.390   29.653   -9.124   -7.963  -21.119
   11    5 C1  1   1.61  0.0002    22.722    0.095     1.466    23.284    0.000   -0.001   -0.466  -21.351
   11    6 S1  1   2.58  0.0000    20.418    0.000     2.322    20.418    0.000    0.000    0.000  -18.096
   11    7 S1  1   3.75  0.0000    16.055    0.000    -3.753    16.055    0.000    0.000    0.000  -19.809
   11    8 S1  1   3.52  0.0000    17.963    0.000    -2.710    17.963    0.000    0.000    0.000  -20.672
   11    9 S1  1   2.12  0.0000    23.208    0.000    -0.320    23.208    0.000    0.000    0.000  -23.528
   11   10 C1  1   0.00  0.0812 -9422.958    0.491 -9472.324 -9167.491 -122.776  -90.625  -41.575  -49.858
   12    1 S1  1   2.63  0.0000    24.387    0.000    -3.884    24.387    0.000    0.000    0.000  -28.271
   12    2 C1  1   1.46 -0.0002    23.745   -0.829    -2.199    24.019    0.007   -0.320   -0.789  -25.115
   12    3 C1  1   0.68  0.0437   -38.934   -0.119   -53.666   -55.041   38.134  -11.664  -10.482  -14.613
   12    4 C1  1   1.42  0.0002    12.089    0.207    -6.720    14.633    0.077   -0.461   -1.952  -19.016
   12    5 S1  1   2.59  0.0000    19.612    0.000     2.352    19.612    0.000    0.000    0.000  -17.260
   12    6 S1  1   3.82  0.0000    16.389    0.000     1.403    16.389    0.000    0.000    0.000  -14.985
   12    7 S1  1   5.09  0.0000    13.326    0.000    -3.284    13.326    0.000    0.000    0.000  -16.609
   12    8 S1  1   4.88  0.0000    14.955    0.000    -2.687    14.955    0.000    0.000    0.000  -17.642
   12    9 S1  1   3.63  0.0000    20.208    0.000     0.044    20.208    0.000    0.000    0.000  -20.164
   12   10 S1  1   2.21  0.0000    33.113    0.000    -2.920    33.113    0.000    0.000    0.000  -36.034
   12   11 C1  1   0.00  0.1037 -9408.462    0.441 -9462.921 -9153.627 -126.967  -89.546  -37.881  -54.900
   13    1 C1  1   1.66  0.0001    13.205   -0.201    -5.853    13.244   -0.001    0.069   -0.309  -18.857
   13    2 C1  1   0.68 -0.0499   -32.250   -0.116   -46.939   -39.172   24.931   -8.942   -9.184  -14.572
   13    3 C1  1   1.45 -0.0001    38.971   -0.470    17.086    39.220    0.009   -0.091   -0.636  -21.416
   13    4 S1  1   2.64  0.0000    21.560    0.000     4.205    21.560    0.000    0.000    0.000  -17.355
   13    5 S1  1   3.80  0.0000    17.175    0.000     6.783    17.175    0.000    0.000    0.000  -10.391
   13    6 S1  1   4.95  0.0000    13.792    0.000     4.652    13.792    0.000    0.000    0.000   -9.140
   13    7 S1  1   6.58  0.0000    10.780    0.000     0.207    10.780    0.000    0.000    0.000  -10.573
   13    8 S1  1   5.93  0.0000    11.979    0.000     1.045    11.979    0.000    0.000    0.000  -10.934
   13    9 S1  1   4.39  0.0000    13.179    0.000     3.256    13.179    0.000    0.000    0.000   -9.923
   13   10 S1  1   3.19  0.0000    15.108    0.000     1.050    15.108    0.000    0.000    0.000  -14.058
   13   11 S1  1   2.15  0.0000    18.903    0.000     1.741    18.903    0.000    0.000    0.000  -17.162
   13   12 C1  1   0.00  0.1025 -9443.559    0.040 -9471.680 -9186.217 -123.822  -90.466  -43.014  -28.161
   14    1 C1  0   0.67 -0.0538   -49.629   -0.390   -46.063   -60.307   29.640   -9.546   -9.806    3.956
   14    2 C1  0   1.22 -0.0011    -0.945   -0.093    -1.682     1.455    0.455   -0.514   -2.434   -0.644
   14    3 S1  0   2.33  0.0000     3.670    0.000     4.186     3.670    0.000    0.000    0.000    0.515
   14    4 S1  0   3.71  0.0000     1.093    0.000     2.196     1.093    0.000    0.000    0.000    1.104
   14    5 S1  0   4.88  0.0000    -0.100    0.000     1.584    -0.100    0.000    0.000    0.000    1.684
   14    6 S1  0   6.02  0.0000     0.100    0.000     1.441     0.100    0.000    0.000    0.000    1.342
   14    7 S1  0   7.84  0.0000    -0.055    0.000     1.205    -0.055    0.000    0.000    0.000    1.260
   14    8 S1  0   7.03  0.0000     0.232    0.000     1.475     0.232    0.000    0.000    0.000    1.243
   14    9 S1  0   5.42  0.0000    -0.297    0.000     1.556    -0.297    0.000    0.000    0.000    1.853
   14   10 S1  0   4.23  0.0000    -1.287    0.000     1.834    -1.287    0.000    0.000    0.000    3.121
   14   11 S1  0   3.36  0.0000    -2.909    0.000     1.965    -2.909    0.000    0.000    0.000    4.874
   14   12 S1  0   2.19  0.0000    -8.943    0.000     0.338    -8.943    0.000    0.000    0.000    9.281
   14   13 C1  0   0.00  0.1215 -9441.876   -0.290 -9433.940 -9196.369 -120.935  -86.974  -37.888    8.225
