    2    1 C1  1   0.00  0.0964 -9399.548    0.597 -9470.403 -9141.340 -119.151  -92.055  -46.405  -71.452
    3    1 S1  1   2.03  0.0000    16.462    0.000    -4.436    16.462    0.000    0.000    0.000  -20.897
    3    2 C1  1   0.00  0.0951 -9443.129    0.122 -9480.993 -9185.872 -118.209  -91.621  -47.306  -37.986
    4    1 S1  1   3.29  0.0000    20.517    0.000    -2.312    20.517    0.000    0.000    0.000  -22.828
    4    2 S1  1   2.12  0.0000    27.012    0.000    -2.162    27.012    0.000    0.000    0.000  -29.174
    4    3 C1  1   0.00  0.0959 -9411.266    0.211 -9462.783 -9153.137 -126.814  -90.952  -40.151  -51.728
    5    1 S1  1   3.94  0.0000    14.536    0.000    -0.584    14.536    0.000    0.000    0.000  -15.120
    5    2 S1  1   3.22  0.0000    15.139    0.000    -0.441    15.139    0.000    0.000    0.000  -15.580
    5    3 S1  1   2.05  0.0000    22.395    0.000     3.460    22.395    0.000    0.000    0.000  -18.936
    5    4 C1  1   0.00  0.0934 -9431.396   -0.218 -9469.218 -9176.524 -114.239  -92.575  -48.276  -37.604
    6    1 S1  1   4.68  0.0000    16.209    0.000    -2.530    16.209    0.000    0.000    0.000  -18.739
    6    2 S1  1   3.92  0.0000    17.874    0.000    -1.873    17.874    0.000    0.000    0.000  -19.746
    6    3 S1  1   3.18  0.0000    20.554    0.000     0.726    20.554    0.000    0.000    0.000  -19.828
    6    4 C1  1   1.82  0.0000    25.891    0.316    -1.803    26.426   -0.001    0.135   -0.353  -28.010
    6    5 C1  1   0.00  0.1115 -9421.970    0.238 -9465.918 -9166.576 -121.041  -91.116  -42.999  -44.186
    7    1 S1  1   5.33  0.0000    15.227    0.000    -2.635    15.227    0.000    0.000    0.000  -17.863
    7    2 S1  1   4.86  0.0000    15.733    0.000    -1.907    15.733    0.000    0.000    0.000  -17.640
    7    3 S1  1   4.34  0.0000    16.067    0.000     0.446    16.067    0.000    0.000    0.000  -15.621
    7    4 S1  1   3.23  0.0000    20.046    0.000    -0.427    20.046    0.000    0.000    0.000  -20.472
    7    5 S1  1   2.19  0.0000    24.465    0.000     0.758    24.465    0.000    0.000    0.000  -23.708
    7    6 C1  1   0.00  0.1151 -9416.052    0.198 -9456.318 -9165.707 -123.408  -87.790  -38.949  -40.464
    8    1 S1  1   5.75  0.0000    17.621    0.000    -0.726    17.621    0.000    0.000    0.000  -18.347
    8    2 S1  1   5.77  0.0000    17.372    0.000     0.265    17.372    0.000    0.000    0.000  -17.107
    8    3 S1  1   5.08  0.0000    15.601    0.000     2.381    15.601    0.000    0.000    0.000  -13.221
    8    4 S1  1   4.18  0.0000    18.834    0.000     2.158    18.834    0.000    0.000    0.000  -16.676
    8    5 S1  1   3.63  0.0000    21.389    0.000     4.002    21.389    0.000    0.000    0.000  -17.387
    8    6 S1  1   2.23  0.0000    28.019    0.000     1.203    28.019    0.000    0.000    0.000  -26.816
    8    7 C1  1   0.00  0.1096 -9414.318    0.021 -9456.947 -9165.427 -124.316  -89.401  -35.152  -42.650
    9    1 S1  1   4.84  0.0000    23.237    0.000    -0.296    23.237    0.000    0.000    0.000  -23.533
    9    2 S1  1   4.63  0.0000    21.718    0.000     0.755    21.718    0.000    0.000    0.000  -20.963
    9    3 S1  1   4.01  0.0000    17.048    0.000     2.757    17.048    0.000    0.000    0.000  -14.291
    9    4 S1  1   3.32  0.0000    20.315    0.000     2.257    20.315    0.000    0.000    0.000  -18.059
    9    5 S1  1   3.19  0.0000    22.566    0.000     4.319    22.566    0.000    0.000    0.000  -18.247
    9    6 S1  1   2.57  0.0000    27.770    0.000     0.274    27.770    0.000    0.000    0.000  -27.496
    9    7 C1  1   1.11 -0.0053    42.125    0.128    -0.771    43.691    0.192   -0.182   -1.448  -43.023
    9    8 C1  1   0.00  0.1071 -9410.820   -0.172 -9458.938 -9157.038 -117.611  -91.888  -44.454  -47.946
   10    1 S1  1   4.27  0.0000    26.341    0.000    -4.368    26.341    0.000    0.000    0.000  -30.708
   10    2 S1  1   3.70  0.0000    24.209    0.000    -3.082    24.209    0.000    0.000    0.000  -27.291
   10    3 S1  1   2.63  0.0000    16.018    0.000    -1.951    16.018    0.000    0.000    0.000  -17.968
   10    4 C1  1   1.42  0.0001    14.393   -0.257    -7.257    15.146    0.014   -0.252   -0.772  -21.393
   10    5 C1  1   0.70  0.0453   -35.887   -0.360   -53.231   -48.287   32.020   -9.876  -10.104  -16.984
   10    6 C1  1   1.02  0.0000    15.896   -0.509   -11.699    20.238    3.709   -1.940   -6.620  -27.086
   10    7 C1  1   1.52  0.0001    24.233    0.143    -6.954    25.332    0.005    0.027   -0.988  -31.331
   10    8 C1  1   1.95  0.0000    31.482    0.121    -2.213    31.602   -0.002    0.186   -0.183  -33.815
   10    9 C1  1   0.00  0.0998 -9418.606    0.905 -9468.228 -9173.802 -119.069  -87.961  -36.870  -50.527
   11    1 S1  1   3.66  0.0000    23.967    0.000    -3.150    23.967    0.000    0.000    0.000  -27.117
   11    2 S1  1   2.72  0.0000    22.148    0.000    -2.084    22.148    0.000    0.000    0.000  -24.232
   11    3 C1  1   1.85  0.0000    19.568   -0.437     1.081    19.124   -0.002    0.087   -0.079  -18.050
   11    4 C1  1   0.70 -0.0035    -2.394   -0.387   -23.629    -8.974   20.715   -7.122   -7.400  -20.848
   11    5 C1  1   1.38  0.0006    23.004    0.057     0.420    24.116    0.028   -0.197   -0.886  -22.640
   11    6 S1  1   2.17  0.0000    20.665    0.000    -1.403    20.665    0.000    0.000    0.000  -22.069
   11    7 S1  1   2.73  0.0000    19.284    0.000    -1.142    19.284    0.000    0.000    0.000  -20.426
   11    8 S1  1   3.39  0.0000    19.260    0.000     0.619    19.260    0.000    0.000    0.000  -18.641
   11    9 S1  1   2.03  0.0000    23.400    0.000    -0.246    23.400    0.000    0.000    0.000  -23.646
   11   10 C1  1   0.00  0.0867 -9428.828    0.671 -9480.224 -9171.215 -116.990  -92.163  -47.789  -52.067
   12    1 S1  1   2.59  0.0000    25.367    0.000    -3.038    25.367    0.000    0.000    0.000  -28.405
   12    2 C1  1   1.51  0.0000    26.620   -0.264     1.408    27.051    0.002   -0.050   -0.647  -24.948
   12    3 C1  1   0.70  0.0426   -35.489   -0.311   -49.863   -46.789   31.204  -10.186  -10.029  -14.063
   12    4 C1  1   1.12 -0.0020     9.395    0.177   -10.395    16.906    3.890   -1.990   -9.234  -19.966
   12    5 S1  1   2.23  0.0000    21.567    0.000     2.727    21.567    0.000    0.000    0.000  -18.840
   12    6 S1  1   3.27  0.0000    17.793    0.000    -1.066    17.793    0.000    0.000    0.000  -18.859
   12    7 S1  1   4.09  0.0000    16.443    0.000    -0.971    16.443    0.000    0.000    0.000  -17.414
   12    8 S1  1   4.72  0.0000    16.759    0.000     0.734    16.759    0.000    0.000    0.000  -16.026
   12    9 S1  1   3.53  0.0000    22.007    0.000     1.418    22.007    0.000    0.000    0.000  -20.588
   12   10 S1  1   2.12  0.0000    32.951    0.000    -3.203    32.951    0.000    0.000    0.000  -36.153
   12   11 C1  1   0.00  0.0959 -9406.954    0.464 -9466.918 -9151.839 -122.939  -91.877  -39.836  -60.427
   13    1 C1  1   1.61  0.0001    12.797   -0.015    -5.983    12.956   -0.001    0.074   -0.247  -18.764
   13    2 C1  1   0.70 -0.0429   -36.269   -0.310   -51.033   -47.671   31.567  -10.380  -10.095  -14.455
   13    3 C1  1   1.28  0.0000    39.159   -0.627    15.636    40.548    0.157   -0.648   -1.524  -22.897
   13    4 S1  1   2.16  0.0000    22.542    0.000     4.878    22.542    0.000    0.000    0.000  -17.664
   13    5 S1  1   3.25  0.0000    17.209    0.000     4.388    17.209    0.000    0.000    0.000  -12.821
   13    6 S1  1   4.35  0.0000    13.769    0.000     1.316    13.769    0.000    0.000    0.000  -12.452
   13    7 S1  1   5.22  0.0000    11.875    0.000     0.960    11.875    0.000    0.000    0.000  -10.916
   13    8 S1  1   5.64  0.0000    11.664    0.000     2.126    11.664    0.000    0.000    0.000   -9.538
   13    9 S1  1   4.32  0.0000    13.361    0.000     2.622    13.361    0.000    0.000    0.000  -10.739
   13   10 S1  1   3.29  0.0000    14.603    0.000    -0.917    14.603    0.000    0.000    0.000  -15.520
   13   11 S1  1   2.02  0.0000    19.433    0.000     0.639    19.433    0.000    0.000    0.000  -18.794
   13   12 C1  1   0.00  0.0980 -9444.003   -0.411 -9479.088 -9186.345 -117.586  -92.654  -47.830  -34.673
   14    1 C1  0   0.70 -0.0473   -50.983   -0.427   -47.580   -61.196   29.593   -9.896   -9.910    3.830
   14    2 C1  0   1.09 -0.0003    -2.601   -0.139    -4.042     2.301    2.231   -1.404   -5.868   -1.302
   14    3 S1  0   2.18  0.0000     3.604    0.000     3.901     3.604    0.000    0.000    0.000    0.297
   14    4 S1  0   3.17  0.0000     1.163    0.000     2.360     1.163    0.000    0.000    0.000    1.197
   14    5 S1  0   4.27  0.0000    -0.315    0.000     1.320    -0.315    0.000    0.000    0.000    1.635
   14    6 S1  0   5.40  0.0000    -0.099    0.000     1.296    -0.099    0.000    0.000    0.000    1.395
   14    7 S1  0   6.24  0.0000    -0.266    0.000     1.110    -0.266    0.000    0.000    0.000    1.376
   14    8 S1  0   6.51  0.0000    -0.269    0.000     1.159    -0.269    0.000    0.000    0.000    1.428
   14    9 S1  0   5.10  0.0000    -0.565    0.000     1.357    -0.565    0.000    0.000    0.000    1.921
   14   10 S1  0   4.04  0.0000    -2.054    0.000     1.385    -2.054    0.000    0.000    0.000    3.440
   14   11 S1  0   3.18  0.0000    -4.342    0.000     1.229    -4.342    0.000    0.000    0.000    5.571
   14   12 S1  0   2.05  0.0000   -11.345    0.000    -1.446   -11.345    0.000    0.000    0.000    9.899
   14   13 C1  0   0.00  0.1019 -9471.879   -0.443 -9465.297 -9216.576 -122.405  -91.475  -41.866    7.024
