    2    1 C1  1   0.00  0.1079 -9394.468    0.046 -9461.425 -9142.277 -118.221  -92.237  -41.688  -67.003
    3    1 C1  1   1.62  0.0001    17.102   -0.076    -2.834    17.325    0.000    0.044   -0.343  -19.859
    3    2 C1  1   0.00  0.1398 -9438.606   -0.134 -9469.583 -9187.715 -113.548  -92.881  -44.597  -30.844
    4    1 S1  1   3.57  0.0000    17.490    0.000    -2.591    17.490    0.000    0.000    0.000  -20.081
    4    2 S1  1   2.07  0.0000    22.516    0.000    -0.890    22.516    0.000    0.000    0.000  -23.406
    4    3 C1  1   0.00  0.1191 -9399.313    1.064 -9433.429 -9160.264 -112.534  -88.387  -37.064  -35.180
    5    1 S1  1   4.56  0.0000    14.532    0.000    -0.154    14.532    0.000    0.000    0.000  -14.685
    5    2 S1  1   3.55  0.0000    14.156    0.000     0.625    14.156    0.000    0.000    0.000  -13.531
    5    3 C1  1   1.76  0.0000    17.963    0.356     4.895    18.295   -0.002    0.149   -0.122  -13.425
    5    4 C1  1   0.00  0.0990 -9435.313   -0.011 -9456.338 -9181.362 -122.346  -88.937  -42.680  -21.014
    6    1 S1  1   4.93  0.0000    16.638    0.000    -0.907    16.638    0.000    0.000    0.000  -17.546
    6    2 S1  1   3.56  0.0000    18.949    0.000     0.567    18.949    0.000    0.000    0.000  -18.382
    6    3 S1  1   2.22  0.0000    36.284    0.000     9.318    36.284    0.000    0.000    0.000  -26.966
    6    4 C1  1   0.75 -0.0596    18.979   -1.258   -21.303    17.335   10.690   -3.520   -6.784  -39.024
    6    5 C1  1   0.00  0.0848 -9460.055   -0.162 -9485.644 -9203.810 -124.939  -95.333  -36.135  -25.427
    7    1 S1  1   3.87  0.0000    23.071    0.000     1.848    23.071    0.000    0.000    0.000  -21.223
    7    2 S1  1   2.83  0.0000    23.171    0.000     2.815    23.171    0.000    0.000    0.000  -20.356
    7    3 C1  1   1.90  0.0000    44.643    0.750    19.527    45.232   -0.002    0.357   -0.194  -25.866
    7    4 C1  1   0.91  0.0105    25.540   -1.111     1.523    28.376    4.212   -2.711   -5.448  -22.905
    7    5 C1  1   1.35  0.0009    35.638    0.496    10.466    37.528    0.029   -0.243   -1.180  -25.669
    7    6 C1  1   0.00  0.1144 -9413.735    0.859 -9437.799 -9168.897 -122.170  -87.746  -34.063  -24.923
    8    1 S1  1   2.24  0.0000    42.676    0.000    -4.222    42.676    0.000    0.000    0.000  -46.898
    8    2 C1  1   1.27  0.0013    32.936   -0.451    -9.278    33.991    0.165   -0.424   -1.247  -41.763
    8    3 C1  1   0.69  0.0489   -19.547    1.442   -37.663   -14.013   13.814   -5.916  -11.991  -19.558
    8    4 C1  1   0.85  0.0137    11.580   -0.021   -10.342    11.623    7.317   -1.749   -5.632  -21.901
    8    5 S1  1   2.12  0.0000    26.750    0.000     4.658    26.750    0.000    0.000    0.000  -22.092
    8    6 S1  1   2.07  0.0000    16.855    0.000    -2.221    16.855    0.000    0.000    0.000  -19.076
    8    7 C1  1   0.00  0.1127 -9419.826    0.962 -9445.630 -9174.870 -126.707  -85.519  -31.768  -26.766
    9    1 S1  1   2.01  0.0000    31.801    0.000    -5.725    31.801    0.000    0.000    0.000  -37.526
    9    2 S1  1   2.72  0.0000    28.644    0.000    -3.694    28.644    0.000    0.000    0.000  -32.338
    9    3 S1  1   2.52  0.0000    19.869    0.000    -0.802    19.869    0.000    0.000    0.000  -20.672
    9    4 S1  1   2.68  0.0000    17.579    0.000    -3.401    17.579    0.000    0.000    0.000  -20.980
    9    5 S1  1   3.04  0.0000    19.201    0.000    -1.470    19.201    0.000    0.000    0.000  -20.671
    9    6 S1  1   4.27  0.0000    15.599    0.000    -1.396    15.599    0.000    0.000    0.000  -16.995
    9    7 S1  1   2.22  0.0000    21.934    0.000     0.457    21.934    0.000    0.000    0.000  -21.477
    9    8 C1  1   0.00  0.1705 -9402.121   -1.546 -9469.089 -9156.042 -118.645  -92.450  -36.531  -65.421
   10    1 S1  1   4.81  0.0000    22.956    0.000    -3.243    22.956    0.000    0.000    0.000  -26.199
   10    2 S1  1   4.06  0.0000    22.703    0.000    -1.290    22.703    0.000    0.000    0.000  -23.993
   10    3 S1  1   3.05  0.0000    22.758    0.000     1.356    22.758    0.000    0.000    0.000  -21.403
   10    4 C1  1   1.50  0.0000    15.360    0.326    -7.243    16.226    0.001   -0.029   -0.512  -22.929
   10    5 C1  1   0.67  0.0597   -34.888   -0.853   -56.557   -52.495   40.483  -12.793  -10.937  -20.815
   10    6 S1  1   3.02  0.0000    16.805    0.000    -1.339    16.805    0.000    0.000    0.000  -18.143
   10    7 S1  1   2.12  0.0000    27.096    0.000     1.928    27.096    0.000    0.000    0.000  -25.169
   10    8 C1  1   1.18  0.0036    69.067   -0.366     9.926    70.398    0.227   -0.555   -1.368  -58.776
   10    9 C1  1   0.00  0.0873 -9425.141    0.347 -9477.824 -9170.151 -131.712  -91.610  -31.320  -53.031
   11    1 S1  1   3.87  0.0000    22.834    0.000    -4.353    22.834    0.000    0.000    0.000  -27.186
   11    2 S1  1   3.54  0.0000    21.710    0.000    -2.289    21.710    0.000    0.000    0.000  -23.999
   11    3 S1  1   2.88  0.0000    24.899    0.000     2.436    24.899    0.000    0.000    0.000  -22.463
   11    4 C1  1   0.69 -0.0010    -1.620    0.002   -25.042    -8.391   22.051   -7.260   -8.017  -23.424
   11    5 C1  1   1.21  0.0011    33.588    0.058    -2.172    36.236    0.305   -0.662   -2.233  -35.818
   11    6 C1  1   1.79  0.0000    22.640   -0.791    -1.521    21.650   -0.002    0.335   -0.135  -23.370
   11    7 C1  1   0.71  0.0024    45.483   -3.530    -1.508    35.186   20.366   -2.036  -11.563  -43.461
   11    8 C1  1   0.92  0.0031    38.306   -2.161   -14.893    39.066    9.334   -4.982   -7.273  -51.038
   11    9 C1  1   1.57  0.0000    28.228    0.156    -7.272    28.148   -0.001    0.529   -0.292  -35.656
   11   10 C1  1   0.00  0.1199 -9406.869    1.032 -9463.798 -9155.893 -123.784  -88.278  -37.882  -57.960
   12    1 S1  1   2.16  0.0000    28.584    0.000    -4.373    28.584    0.000    0.000    0.000  -32.957
   12    2 C1  1   1.19 -0.0024    24.385   -0.684    -2.044    26.137    0.318   -0.969   -1.785  -25.745
   12    3 C1  1   0.70  0.0332   -37.155    0.919   -52.592   -48.897   32.801   -9.876  -10.264  -16.355
   12    4 S1  1   2.14  0.0000    13.423    0.000    -3.837    13.423    0.000    0.000    0.000  -17.260
   12    5 S1  1   3.60  0.0000    19.481    0.000    -0.828    19.481    0.000    0.000    0.000  -20.309
   12    6 S1  1   2.05  0.0000    14.606    0.000    -4.866    14.606    0.000    0.000    0.000  -19.472
   12    7 C1  1   1.24  0.0076    22.857    0.730   -10.715    27.594    0.587   -1.085   -3.509  -34.302
   12    8 C1  1   0.90 -0.0213    33.686    0.329    -5.374    37.403    3.054   -1.500   -4.943  -39.388
   12    9 S1  1   2.47  0.0000    21.755    0.000    -5.094    21.755    0.000    0.000    0.000  -26.848
   12   10 S1  1   2.30  0.0000    25.683    0.000    -3.649    25.683    0.000    0.000    0.000  -29.332
   12   11 C1  1   0.00  0.0862 -9401.107    0.469 -9445.832 -9157.437 -125.301  -86.464  -31.436  -45.194
   13    1 C1  1   1.25  0.0012     8.885   -0.107    -8.613     9.915    0.112   -0.381   -0.867  -17.391
   13    2 C1  1   0.69 -0.0480   -38.160   -0.629   -52.452   -50.062   32.177  -10.867  -10.037  -13.663
   13    3 C1  1   1.55 -0.0001    30.618   -0.024    12.872    30.887   -0.001   -0.013   -0.279  -17.722
   13    4 S1  1   3.57  0.0000    15.513    0.000     1.063    15.513    0.000    0.000    0.000  -14.450
   13    5 S1  1   4.78  0.0000    16.595    0.000     3.782    16.595    0.000    0.000    0.000  -12.813
   13    6 S1  1   3.39  0.0000    22.355    0.000     4.828    22.355    0.000    0.000    0.000  -17.528
   13    7 S1  1   2.26  0.0000    30.681    0.000    10.554    30.681    0.000    0.000    0.000  -20.126
   13    8 C1  1   1.97  0.0000    15.907   -0.181    -1.009    16.019   -0.002   -0.129   -0.163  -16.735
   13    9 S1  1   3.10  0.0000    14.020    0.000    -0.867    14.020    0.000    0.000    0.000  -14.887
   13   10 S1  1   4.04  0.0000    15.467    0.000    -0.094    15.467    0.000    0.000    0.000  -15.561
   13   11 S1  1   2.15  0.0000    20.579    0.000    -0.045    20.579    0.000    0.000    0.000  -20.624
   13   12 C1  1   0.00  0.1015 -9433.891   -0.785 -9476.696 -9176.860 -121.584  -91.666  -44.566  -42.020
   14    1 C1  0   0.70 -0.0440   -51.127   -0.200   -48.145   -61.756   30.084   -9.787   -9.868    3.181
   14    2 C1  0   1.57  0.0000     0.635   -0.380    -0.132     0.935    0.002   -0.110   -0.572   -0.388
   14    3 S1  0   2.65  0.0000     2.611    0.000     3.427     2.611    0.000    0.000    0.000    0.816
   14    4 S1  0   4.76  0.0000     0.725    0.000     1.591     0.725    0.000    0.000    0.000    0.865
   14    5 S1  0   5.99  0.0000    -0.467    0.000     1.251    -0.467    0.000    0.000    0.000    1.718
   14    6 S1  0   4.90  0.0000     0.966    0.000     2.301     0.966    0.000    0.000    0.000    1.335
   14    7 S1  0   3.61  0.0000    -0.381    0.000     2.300    -0.381    0.000    0.000    0.000    2.681
   14    8 S1  0   3.01  0.0000    -0.652    0.000     1.695    -0.652    0.000    0.000    0.000    2.347
   14    9 S1  0   3.89  0.0000    -0.447    0.000     1.545    -0.447    0.000    0.000    0.000    1.993
   14   10 S1  0   4.79  0.0000    -1.084    0.000     1.452    -1.084    0.000    0.000    0.000    2.536
   14   11 S1  0   3.28  0.0000    -1.912    0.000     1.966    -1.912    0.000    0.000    0.000    3.878
   14   12 S1  0   2.08  0.0000   -11.173    0.000    -0.557   -11.173    0.000    0.000    0.000   10.616
   14   13 C1  0   0.00  0.1012 -9470.990   -0.684 -9465.435 -9215.764 -123.357  -91.925  -40.627    6.238
